28-Jul-2021 11:18:51.125 INFO [main] org.apache.catalina.startup.VersionLoggerListener.log Server version name:   Apache Tomcat/9.0.43
28-Jul-2021 11:18:51.128 INFO [main] org.apache.catalina.startup.VersionLoggerListener.log Server built:          Jan 28 2021 20:25:45 UTC
28-Jul-2021 11:18:51.128 INFO [main] org.apache.catalina.startup.VersionLoggerListener.log Server version number: 9.0.43.0
28-Jul-2021 11:18:51.128 INFO [main] org.apache.catalina.startup.VersionLoggerListener.log OS Name:               Linux
28-Jul-2021 11:18:51.128 INFO [main] org.apache.catalina.startup.VersionLoggerListener.log OS Version:            5.4.0-80-generic
28-Jul-2021 11:18:51.128 INFO [main] org.apache.catalina.startup.VersionLoggerListener.log Architecture:          amd64
28-Jul-2021 11:18:51.128 INFO [main] org.apache.catalina.startup.VersionLoggerListener.log Java Home:             /usr/lib/jvm/java-11-openjdk-amd64
28-Jul-2021 11:18:51.128 INFO [main] org.apache.catalina.startup.VersionLoggerListener.log JVM Version:           11.0.11+9-Ubuntu-0ubuntu2.18.04
28-Jul-2021 11:18:51.129 INFO [main] org.apache.catalina.startup.VersionLoggerListener.log JVM Vendor:            Ubuntu
28-Jul-2021 11:18:51.129 INFO [main] org.apache.catalina.startup.VersionLoggerListener.log CATALINA_BASE:         /home/kiwitech/Downloads/camunda-bpm-tomcat-7.15.0/server/apache-tomcat-9.0.43
28-Jul-2021 11:18:51.129 INFO [main] org.apache.catalina.startup.VersionLoggerListener.log CATALINA_HOME:         /home/kiwitech/Downloads/camunda-bpm-tomcat-7.15.0/server/apache-tomcat-9.0.43
28-Jul-2021 11:18:51.197 INFO [main] org.apache.catalina.startup.VersionLoggerListener.log Command line argument: --add-opens=java.base/java.lang=ALL-UNNAMED
28-Jul-2021 11:18:51.197 INFO [main] org.apache.catalina.startup.VersionLoggerListener.log Command line argument: --add-opens=java.base/java.io=ALL-UNNAMED
28-Jul-2021 11:18:51.197 INFO [main] org.apache.catalina.startup.VersionLoggerListener.log Command line argument: --add-opens=java.base/java.util=ALL-UNNAMED
28-Jul-2021 11:18:51.197 INFO [main] org.apache.catalina.startup.VersionLoggerListener.log Command line argument: --add-opens=java.base/java.util.concurrent=ALL-UNNAMED
28-Jul-2021 11:18:51.198 INFO [main] org.apache.catalina.startup.VersionLoggerListener.log Command line argument: --add-opens=java.rmi/sun.rmi.transport=ALL-UNNAMED
28-Jul-2021 11:18:51.198 INFO [main] org.apache.catalina.startup.VersionLoggerListener.log Command line argument: -Djava.util.logging.config.file=./server/apache-tomcat-9.0.43/conf/logging.properties
28-Jul-2021 11:18:51.198 INFO [main] org.apache.catalina.startup.VersionLoggerListener.log Command line argument: -Djava.util.logging.manager=org.apache.juli.ClassLoaderLogManager
28-Jul-2021 11:18:51.198 INFO [main] org.apache.catalina.startup.VersionLoggerListener.log Command line argument: -Djdk.tls.ephemeralDHKeySize=2048
28-Jul-2021 11:18:51.198 INFO [main] org.apache.catalina.startup.VersionLoggerListener.log Command line argument: -Djava.protocol.handler.pkgs=org.apache.catalina.webresources
28-Jul-2021 11:18:51.198 INFO [main] org.apache.catalina.startup.VersionLoggerListener.log Command line argument: -Dorg.apache.catalina.security.SecurityListener.UMASK=0027
28-Jul-2021 11:18:51.198 INFO [main] org.apache.catalina.startup.VersionLoggerListener.log Command line argument: -Xmx512m
28-Jul-2021 11:18:51.198 INFO [main] org.apache.catalina.startup.VersionLoggerListener.log Command line argument: -Dignore.endorsed.dirs=
28-Jul-2021 11:18:51.199 INFO [main] org.apache.catalina.startup.VersionLoggerListener.log Command line argument: -Dcatalina.base=./server/apache-tomcat-9.0.43
28-Jul-2021 11:18:51.199 INFO [main] org.apache.catalina.startup.VersionLoggerListener.log Command line argument: -Dcatalina.home=./server/apache-tomcat-9.0.43
28-Jul-2021 11:18:51.199 INFO [main] org.apache.catalina.startup.VersionLoggerListener.log Command line argument: -Djava.io.tmpdir=./server/apache-tomcat-9.0.43/temp
28-Jul-2021 11:18:51.343 INFO [main] org.apache.catalina.core.AprLifecycleListener.lifecycleEvent An older version [1.2.21] of the Apache Tomcat Native library is installed, while Tomcat recommends a minimum version of [1.2.23]
28-Jul-2021 11:18:51.343 INFO [main] org.apache.catalina.core.AprLifecycleListener.lifecycleEvent Loaded Apache Tomcat Native library [1.2.21] using APR version [1.6.3].
28-Jul-2021 11:18:51.343 INFO [main] org.apache.catalina.core.AprLifecycleListener.lifecycleEvent APR capabilities: IPv6 [true], sendfile [true], accept filters [false], random [true].
28-Jul-2021 11:18:51.344 INFO [main] org.apache.catalina.core.AprLifecycleListener.lifecycleEvent APR/OpenSSL configuration: useAprConnector [false], useOpenSSL [true]
28-Jul-2021 11:18:51.349 INFO [main] org.apache.catalina.core.AprLifecycleListener.initializeSSL OpenSSL successfully initialized [OpenSSL 1.1.1  11 Sep 2018]
28-Jul-2021 11:18:52.325 INFO [main] org.apache.coyote.AbstractProtocol.init Initializing ProtocolHandler ["http-nio-8080"]
28-Jul-2021 11:18:52.397 INFO [main] org.apache.catalina.startup.Catalina.load Server initialization in [2125] milliseconds
28-Jul-2021 11:18:53.464 INFO [main] org.camunda.commons.logging.BaseLogger.logInfo ENGINE-08046 Found Camunda Platform configuration in CATALINA_BASE/CATALINA_HOME conf directory [/home/kiwitech/Downloads/camunda-bpm-tomcat-7.15.0/server/apache-tomcat-9.0.43/conf/bpm-platform.xml] at 'file:/home/kiwitech/Downloads/camunda-bpm-tomcat-7.15.0/server/apache-tomcat-9.0.43/conf/bpm-platform.xml'
28-Jul-2021 11:18:55.528 INFO [main] org.camunda.commons.logging.BaseLogger.logInfo ENGINE-12003 Plugin 'ProcessApplicationEventListenerPlugin' activated on process engine 'default'
28-Jul-2021 11:18:55.600 INFO [main] org.camunda.commons.logging.BaseLogger.logInfo ENGINE-12003 Plugin 'SpinProcessEnginePlugin' activated on process engine 'default'
28-Jul-2021 11:18:55.625 INFO [main] org.camunda.commons.logging.BaseLogger.logInfo SPIN-01010 Discovered Spin data format provider: org.camunda.spin.impl.json.jackson.format.JacksonJsonDataFormatProvider[name = application/json]
28-Jul-2021 11:18:56.283 INFO [main] org.camunda.commons.logging.BaseLogger.logInfo SPIN-01010 Discovered Spin data format provider: org.camunda.spin.impl.xml.dom.format.DomXmlDataFormatProvider[name = application/xml]
28-Jul-2021 11:18:56.339 INFO [main] org.camunda.commons.logging.BaseLogger.logInfo SPIN-01009 Discovered Spin data format: org.camunda.spin.impl.xml.dom.format.DomXmlDataFormat[name = application/xml]
28-Jul-2021 11:18:56.339 INFO [main] org.camunda.commons.logging.BaseLogger.logInfo SPIN-01009 Discovered Spin data format: org.camunda.spin.impl.json.jackson.format.JacksonJsonDataFormat[name = application/json]
28-Jul-2021 11:18:56.339 INFO [main] org.camunda.commons.logging.BaseLogger.logInfo ENGINE-12003 Plugin 'ConnectProcessEnginePlugin' activated on process engine 'default'
28-Jul-2021 11:18:56.366 INFO [main] org.camunda.commons.logging.BaseLogger.logInfo CNCT-01004 Discovered provider for connector id 'mail-send' and class 'org.camunda.bpm.extension.mail.send.SendMailConnector': 'org.camunda.bpm.extension.mail.send.SendMailProvider'
28-Jul-2021 11:18:56.367 INFO [main] org.camunda.commons.logging.BaseLogger.logInfo CNCT-01004 Discovered provider for connector id 'mail-poll' and class 'org.camunda.bpm.extension.mail.poll.PollMailConnector': 'org.camunda.bpm.extension.mail.poll.PollMailProvider'
28-Jul-2021 11:18:56.369 INFO [main] org.camunda.commons.logging.BaseLogger.logInfo CNCT-01004 Discovered provider for connector id 'mail-delete' and class 'org.camunda.bpm.extension.mail.delete.DeleteMailConnector': 'org.camunda.bpm.extension.mail.delete.DeleteMailProvider'
28-Jul-2021 11:18:56.589 INFO [main] org.camunda.commons.logging.BaseLogger.logInfo CNCT-01004 Discovered provider for connector id 'http-connector' and class 'org.camunda.connect.httpclient.impl.HttpConnectorImpl': 'org.camunda.connect.httpclient.impl.HttpConnectorProviderImpl'
28-Jul-2021 11:18:56.592 INFO [main] org.camunda.commons.logging.BaseLogger.logInfo CNCT-01004 Discovered provider for connector id 'soap-http-connector' and class 'org.camunda.connect.httpclient.soap.impl.SoapHttpConnectorImpl': 'org.camunda.connect.httpclient.soap.impl.SoapHttpConnectorProviderImpl'
28-Jul-2021 11:18:57.010 INFO [main] org.camunda.commons.logging.BaseLogger.logInfo FEEL/SCALA-01001 Spin value mapper detected
28-Jul-2021 11:18:57.125 INFO [main] org.camunda.feel.FeelEngine.<init> Engine created. [value-mapper: CompositeValueMapper(List(org.camunda.feel.impl.JavaValueMapper@71978f46, org.camunda.spin.plugin.impl.feel.integration.SpinValueMapper@304d0259)), function-provider: org.camunda.bpm.dmn.feel.impl.scala.function.CustomFunctionTransformer@fd9ebde, clock: SystemClock, configuration: Configuration(false)]
28-Jul-2021 11:19:01.691 INFO [main] org.camunda.commons.logging.BaseLogger.logInfo ENGINE-00001 Process Engine default created.
28-Jul-2021 11:19:01.693 INFO [main] org.camunda.commons.logging.BaseLogger.logInfo ENGINE-14014 Starting up the JobExecutor[org.camunda.bpm.engine.impl.jobexecutor.RuntimeContainerJobExecutor].
28-Jul-2021 11:19:01.696 INFO [Thread-5] org.camunda.commons.logging.BaseLogger.logInfo ENGINE-14018 JobExecutor[org.camunda.bpm.engine.impl.jobexecutor.RuntimeContainerJobExecutor] starting to acquire jobs
28-Jul-2021 11:19:01.700 INFO [main] org.camunda.commons.logging.BaseLogger.logInfo ENGINE-08048 Camunda Platform sucessfully started at 'Apache Tomcat/9.0.43'.
28-Jul-2021 11:19:01.746 INFO [main] org.apache.catalina.core.StandardService.startInternal Starting service [Catalina]
28-Jul-2021 11:19:01.747 INFO [main] org.apache.catalina.core.StandardEngine.startInternal Starting Servlet engine: [Apache Tomcat/9.0.43]
28-Jul-2021 11:19:01.788 INFO [main] org.apache.catalina.startup.HostConfig.deployDirectory Deploying web application directory [/home/kiwitech/Downloads/camunda-bpm-tomcat-7.15.0/server/apache-tomcat-9.0.43/webapps/ROOT]
28-Jul-2021 11:19:05.850 INFO [main] org.apache.jasper.servlet.TldScanner.scanJars At least one JAR was scanned for TLDs yet contained no TLDs. Enable debug logging for this logger for a complete list of JARs that were scanned but no TLDs were found in them. Skipping unneeded JARs during scanning can improve startup time and JSP compilation time.
28-Jul-2021 11:19:05.905 SEVERE [main] org.apache.catalina.core.StandardContext.startInternal One or more Filters failed to start. Full details will be found in the appropriate container log file
28-Jul-2021 11:19:05.905 SEVERE [main] org.apache.catalina.core.StandardContext.startInternal Context [] startup failed due to previous errors
28-Jul-2021 11:19:06.168 INFO [main] org.apache.catalina.startup.HostConfig.deployDirectory Deployment of web application directory [/home/kiwitech/Downloads/camunda-bpm-tomcat-7.15.0/server/apache-tomcat-9.0.43/webapps/ROOT] has finished in [4,374] ms
28-Jul-2021 11:19:06.168 INFO [main] org.apache.catalina.startup.HostConfig.deployDirectory Deploying web application directory [/home/kiwitech/Downloads/camunda-bpm-tomcat-7.15.0/server/apache-tomcat-9.0.43/webapps/engine-rest]
28-Jul-2021 11:19:08.353 INFO [main] org.apache.jasper.servlet.TldScanner.scanJars At least one JAR was scanned for TLDs yet contained no TLDs. Enable debug logging for this logger for a complete list of JARs that were scanned but no TLDs were found in them. Skipping unneeded JARs during scanning can improve startup time and JSP compilation time.
28-Jul-2021 11:19:08.534 INFO [main] org.apache.catalina.startup.HostConfig.deployDirectory Deployment of web application directory [/home/kiwitech/Downloads/camunda-bpm-tomcat-7.15.0/server/apache-tomcat-9.0.43/webapps/engine-rest] has finished in [2,366] ms
28-Jul-2021 11:19:08.535 INFO [main] org.apache.catalina.startup.HostConfig.deployDirectory Deploying web application directory [/home/kiwitech/Downloads/camunda-bpm-tomcat-7.15.0/server/apache-tomcat-9.0.43/webapps/manager]
28-Jul-2021 11:19:10.147 INFO [main] org.apache.jasper.servlet.TldScanner.scanJars At least one JAR was scanned for TLDs yet contained no TLDs. Enable debug logging for this logger for a complete list of JARs that were scanned but no TLDs were found in them. Skipping unneeded JARs during scanning can improve startup time and JSP compilation time.
28-Jul-2021 11:19:10.157 SEVERE [main] org.apache.catalina.core.StandardContext.startInternal One or more Filters failed to start. Full details will be found in the appropriate container log file
28-Jul-2021 11:19:10.157 SEVERE [main] org.apache.catalina.core.StandardContext.startInternal Context [/manager] startup failed due to previous errors
28-Jul-2021 11:19:10.163 INFO [main] org.apache.catalina.startup.HostConfig.deployDirectory Deployment of web application directory [/home/kiwitech/Downloads/camunda-bpm-tomcat-7.15.0/server/apache-tomcat-9.0.43/webapps/manager] has finished in [1,628] ms
28-Jul-2021 11:19:10.163 INFO [main] org.apache.catalina.startup.HostConfig.deployDirectory Deploying web application directory [/home/kiwitech/Downloads/camunda-bpm-tomcat-7.15.0/server/apache-tomcat-9.0.43/webapps/camunda]
28-Jul-2021 11:19:11.953 INFO [main] org.apache.jasper.servlet.TldScanner.scanJars At least one JAR was scanned for TLDs yet contained no TLDs. Enable debug logging for this logger for a complete list of JARs that were scanned but no TLDs were found in them. Skipping unneeded JARs during scanning can improve startup time and JSP compilation time.
28-Jul-2021 11:19:12.223 INFO [main] org.apache.catalina.startup.HostConfig.deployDirectory Deployment of web application directory [/home/kiwitech/Downloads/camunda-bpm-tomcat-7.15.0/server/apache-tomcat-9.0.43/webapps/camunda] has finished in [2,060] ms
28-Jul-2021 11:19:12.226 INFO [main] org.apache.catalina.startup.HostConfig.deployDirectory Deploying web application directory [/home/kiwitech/Downloads/camunda-bpm-tomcat-7.15.0/server/apache-tomcat-9.0.43/webapps/docs]
28-Jul-2021 11:19:13.595 INFO [main] org.apache.jasper.servlet.TldScanner.scanJars At least one JAR was scanned for TLDs yet contained no TLDs. Enable debug logging for this logger for a complete list of JARs that were scanned but no TLDs were found in them. Skipping unneeded JARs during scanning can improve startup time and JSP compilation time.
28-Jul-2021 11:19:13.606 SEVERE [main] org.apache.catalina.core.StandardContext.startInternal One or more Filters failed to start. Full details will be found in the appropriate container log file
28-Jul-2021 11:19:13.606 SEVERE [main] org.apache.catalina.core.StandardContext.startInternal Context [/docs] startup failed due to previous errors
28-Jul-2021 11:19:13.608 INFO [main] org.apache.catalina.startup.HostConfig.deployDirectory Deployment of web application directory [/home/kiwitech/Downloads/camunda-bpm-tomcat-7.15.0/server/apache-tomcat-9.0.43/webapps/docs] has finished in [1,382] ms
28-Jul-2021 11:19:13.609 INFO [main] org.apache.catalina.startup.HostConfig.deployDirectory Deploying web application directory [/home/kiwitech/Downloads/camunda-bpm-tomcat-7.15.0/server/apache-tomcat-9.0.43/webapps/h2]
28-Jul-2021 11:19:14.957 INFO [main] org.apache.jasper.servlet.TldScanner.scanJars At least one JAR was scanned for TLDs yet contained no TLDs. Enable debug logging for this logger for a complete list of JARs that were scanned but no TLDs were found in them. Skipping unneeded JARs during scanning can improve startup time and JSP compilation time.
28-Jul-2021 11:19:14.959 SEVERE [main] org.apache.catalina.core.StandardContext.startInternal One or more Filters failed to start. Full details will be found in the appropriate container log file
28-Jul-2021 11:19:14.959 SEVERE [main] org.apache.catalina.core.StandardContext.startInternal Context [/h2] startup failed due to previous errors
28-Jul-2021 11:19:14.962 INFO [main] org.apache.catalina.startup.HostConfig.deployDirectory Deployment of web application directory [/home/kiwitech/Downloads/camunda-bpm-tomcat-7.15.0/server/apache-tomcat-9.0.43/webapps/h2] has finished in [1,353] ms
28-Jul-2021 11:19:14.962 INFO [main] org.apache.catalina.startup.HostConfig.deployDirectory Deploying web application directory [/home/kiwitech/Downloads/camunda-bpm-tomcat-7.15.0/server/apache-tomcat-9.0.43/webapps/camunda-welcome]
28-Jul-2021 11:19:16.267 INFO [main] org.apache.jasper.servlet.TldScanner.scanJars At least one JAR was scanned for TLDs yet contained no TLDs. Enable debug logging for this logger for a complete list of JARs that were scanned but no TLDs were found in them. Skipping unneeded JARs during scanning can improve startup time and JSP compilation time.
28-Jul-2021 11:19:16.268 SEVERE [main] org.apache.catalina.core.StandardContext.startInternal One or more Filters failed to start. Full details will be found in the appropriate container log file
28-Jul-2021 11:19:16.268 SEVERE [main] org.apache.catalina.core.StandardContext.startInternal Context [/camunda-welcome] startup failed due to previous errors
28-Jul-2021 11:19:16.271 INFO [main] org.apache.catalina.startup.HostConfig.deployDirectory Deployment of web application directory [/home/kiwitech/Downloads/camunda-bpm-tomcat-7.15.0/server/apache-tomcat-9.0.43/webapps/camunda-welcome] has finished in [1,308] ms
28-Jul-2021 11:19:16.271 INFO [main] org.apache.catalina.startup.HostConfig.deployDirectory Deploying web application directory [/home/kiwitech/Downloads/camunda-bpm-tomcat-7.15.0/server/apache-tomcat-9.0.43/webapps/forms]
28-Jul-2021 11:19:17.595 INFO [main] org.apache.jasper.servlet.TldScanner.scanJars At least one JAR was scanned for TLDs yet contained no TLDs. Enable debug logging for this logger for a complete list of JARs that were scanned but no TLDs were found in them. Skipping unneeded JARs during scanning can improve startup time and JSP compilation time.
28-Jul-2021 11:19:17.613 SEVERE [main] org.apache.catalina.core.StandardContext.startInternal One or more Filters failed to start. Full details will be found in the appropriate container log file
28-Jul-2021 11:19:17.614 SEVERE [main] org.apache.catalina.core.StandardContext.startInternal Context [/forms] startup failed due to previous errors
28-Jul-2021 11:19:17.616 INFO [main] org.apache.catalina.startup.HostConfig.deployDirectory Deployment of web application directory [/home/kiwitech/Downloads/camunda-bpm-tomcat-7.15.0/server/apache-tomcat-9.0.43/webapps/forms] has finished in [1,345] ms
28-Jul-2021 11:19:17.616 INFO [main] org.apache.catalina.startup.HostConfig.deployDirectory Deploying web application directory [/home/kiwitech/Downloads/camunda-bpm-tomcat-7.15.0/server/apache-tomcat-9.0.43/webapps/host-manager]
28-Jul-2021 11:19:18.944 INFO [main] org.apache.jasper.servlet.TldScanner.scanJars At least one JAR was scanned for TLDs yet contained no TLDs. Enable debug logging for this logger for a complete list of JARs that were scanned but no TLDs were found in them. Skipping unneeded JARs during scanning can improve startup time and JSP compilation time.
28-Jul-2021 11:19:18.946 SEVERE [main] org.apache.catalina.core.StandardContext.startInternal One or more Filters failed to start. Full details will be found in the appropriate container log file
28-Jul-2021 11:19:18.947 SEVERE [main] org.apache.catalina.core.StandardContext.startInternal Context [/host-manager] startup failed due to previous errors
28-Jul-2021 11:19:18.949 INFO [main] org.apache.catalina.startup.HostConfig.deployDirectory Deployment of web application directory [/home/kiwitech/Downloads/camunda-bpm-tomcat-7.15.0/server/apache-tomcat-9.0.43/webapps/host-manager] has finished in [1,332] ms
28-Jul-2021 11:19:18.949 INFO [main] org.apache.catalina.startup.HostConfig.deployDirectory Deploying web application directory [/home/kiwitech/Downloads/camunda-bpm-tomcat-7.15.0/server/apache-tomcat-9.0.43/webapps/examples]
28-Jul-2021 11:19:20.442 INFO [main] org.apache.jasper.servlet.TldScanner.scanJars At least one JAR was scanned for TLDs yet contained no TLDs. Enable debug logging for this logger for a complete list of JARs that were scanned but no TLDs were found in them. Skipping unneeded JARs during scanning can improve startup time and JSP compilation time.
28-Jul-2021 11:19:20.500 SEVERE [main] org.apache.catalina.core.StandardContext.startInternal One or more Filters failed to start. Full details will be found in the appropriate container log file
28-Jul-2021 11:19:20.500 SEVERE [main] org.apache.catalina.core.StandardContext.startInternal Context [/examples] startup failed due to previous errors
28-Jul-2021 11:19:20.503 INFO [main] org.apache.catalina.startup.HostConfig.deployDirectory Deployment of web application directory [/home/kiwitech/Downloads/camunda-bpm-tomcat-7.15.0/server/apache-tomcat-9.0.43/webapps/examples] has finished in [1,554] ms
28-Jul-2021 11:19:20.504 INFO [main] org.apache.catalina.startup.HostConfig.deployDirectory Deploying web application directory [/home/kiwitech/Downloads/camunda-bpm-tomcat-7.15.0/server/apache-tomcat-9.0.43/webapps/camunda-invoice]
28-Jul-2021 11:19:21.844 INFO [main] org.apache.jasper.servlet.TldScanner.scanJars At least one JAR was scanned for TLDs yet contained no TLDs. Enable debug logging for this logger for a complete list of JARs that were scanned but no TLDs were found in them. Skipping unneeded JARs during scanning can improve startup time and JSP compilation time.
28-Jul-2021 11:19:21.844 INFO [main] org.camunda.commons.logging.BaseLogger.logInfo ENGINE-07015 Detected @ProcessApplication class 'org.camunda.bpm.example.invoice.InvoiceProcessApplication'
28-Jul-2021 11:19:21.850 INFO [main] org.camunda.commons.logging.BaseLogger.logInfo ENGINE-08024 Found processes.xml file at file:/home/kiwitech/Downloads/camunda-bpm-tomcat-7.15.0/server/apache-tomcat-9.0.43/webapps/camunda-invoice/WEB-INF/classes/META-INF/processes.xml
28-Jul-2021 11:19:21.919 INFO [main] org.camunda.commons.logging.BaseLogger.logInfo ENGINE-08023 Deployment summary for process archive 'camunda-invoice': 

        invoiceBusinessDecisions.dmn
        invoice.v2.bpmn

28-Jul-2021 11:19:22.285 INFO [main] org.camunda.commons.logging.BaseLogger.logInfo ENGINE-07021 ProcessApplication 'camunda-invoice' registered for DB deployments [f8e904ad-eb7a-11eb-a5ce-00e02d86b9a0, f8479483-eb7a-11eb-a5ce-00e02d86b9a0]. Will execute process definitions 

        invoice[version: 2, id: invoice:2:f90c1d10-eb7a-11eb-a5ce-00e02d86b9a0]
        invoice[version: 1, id: invoice:1:f86a37b7-eb7a-11eb-a5ce-00e02d86b9a0]
        ReviewInvoice[version: 1, id: ReviewInvoice:1:f8786889-eb7a-11eb-a5ce-00e02d86b9a0]
Deployment does not provide any case definitions.
28-Jul-2021 11:19:22.290 INFO [main] org.camunda.commons.logging.BaseLogger.logInfo SPIN-01010 Discovered Spin data format provider: org.camunda.spin.impl.json.jackson.format.JacksonJsonDataFormatProvider[name = application/json]
28-Jul-2021 11:19:22.292 INFO [main] org.camunda.commons.logging.BaseLogger.logInfo SPIN-01010 Discovered Spin data format provider: org.camunda.spin.impl.xml.dom.format.DomXmlDataFormatProvider[name = application/xml]
28-Jul-2021 11:19:22.293 INFO [main] org.camunda.commons.logging.BaseLogger.logInfo SPIN-01009 Discovered Spin data format: org.camunda.spin.impl.xml.dom.format.DomXmlDataFormat[name = application/xml]
28-Jul-2021 11:19:22.293 INFO [main] org.camunda.commons.logging.BaseLogger.logInfo SPIN-01009 Discovered Spin data format: org.camunda.spin.impl.json.jackson.format.JacksonJsonDataFormat[name = application/json]
28-Jul-2021 11:19:22.400 INFO [main] org.camunda.bpm.example.invoice.InvoiceProcessApplication.startProcessInstances No new instances of Invoice Receipt version 1 started, there are 3 instances running
28-Jul-2021 11:19:22.438 INFO [main] org.camunda.bpm.example.invoice.InvoiceProcessApplication.startProcessInstances No new instances of Invoice Receipt version 2 started, there are 3 instances running
28-Jul-2021 11:19:22.438 INFO [main] org.camunda.commons.logging.BaseLogger.logInfo ENGINE-08050 Process application camunda-invoice successfully deployed
28-Jul-2021 11:19:22.456 SEVERE [main] org.apache.catalina.core.StandardContext.startInternal One or more Filters failed to start. Full details will be found in the appropriate container log file
28-Jul-2021 11:19:22.457 SEVERE [main] org.apache.catalina.core.StandardContext.startInternal Context [/camunda-invoice] startup failed due to previous errors
28-Jul-2021 11:19:22.520 INFO [main] org.camunda.commons.logging.BaseLogger.logInfo ENGINE-08051 Process application camunda-invoice undeployed
28-Jul-2021 11:19:22.523 INFO [main] org.apache.catalina.startup.HostConfig.deployDirectory Deployment of web application directory [/home/kiwitech/Downloads/camunda-bpm-tomcat-7.15.0/server/apache-tomcat-9.0.43/webapps/camunda-invoice] has finished in [2,020] ms
28-Jul-2021 11:19:22.526 INFO [main] org.apache.coyote.AbstractProtocol.start Starting ProtocolHandler ["http-nio-8080"]
28-Jul-2021 11:19:22.548 INFO [main] org.apache.catalina.startup.Catalina.start Server startup in [30150] milliseconds
28-Jul-2021 17:22:35.102 INFO [http-nio-8080-exec-5] org.jboss.resteasy.spi.ResteasyDeployment.processApplication RESTEASY002225: Deploying javax.ws.rs.core.Application: class org.camunda.bpm.cockpit.impl.web.CockpitApplication
28-Jul-2021 17:22:35.233 INFO [http-nio-8080-exec-5] org.jboss.resteasy.spi.ResteasyDeployment.processApplication RESTEASY002205: Adding provider class org.camunda.bpm.engine.rest.exception.ExceptionHandler from Application class org.camunda.bpm.cockpit.impl.web.CockpitApplication
28-Jul-2021 17:22:35.234 INFO [http-nio-8080-exec-5] org.jboss.resteasy.spi.ResteasyDeployment.processApplication RESTEASY002200: Adding class resource org.camunda.bpm.cockpit.impl.plugin.resources.CockpitPluginsRootResource from Application class org.camunda.bpm.cockpit.impl.web.CockpitApplication
28-Jul-2021 17:22:35.235 INFO [http-nio-8080-exec-5] org.jboss.resteasy.spi.ResteasyDeployment.processApplication RESTEASY002200: Adding class resource org.camunda.bpm.cockpit.impl.plugin.resources.BaseRootResource from Application class org.camunda.bpm.cockpit.impl.web.CockpitApplication
28-Jul-2021 17:22:35.235 INFO [http-nio-8080-exec-5] org.jboss.resteasy.spi.ResteasyDeployment.processApplication RESTEASY002205: Adding provider class com.fasterxml.jackson.jaxrs.json.JacksonJsonProvider from Application class org.camunda.bpm.cockpit.impl.web.CockpitApplication
28-Jul-2021 17:22:35.235 INFO [http-nio-8080-exec-5] org.jboss.resteasy.spi.ResteasyDeployment.processApplication RESTEASY002205: Adding provider class org.camunda.bpm.engine.rest.mapper.JacksonConfigurator from Application class org.camunda.bpm.cockpit.impl.web.CockpitApplication
28-Jul-2021 17:22:35.236 INFO [http-nio-8080-exec-5] org.jboss.resteasy.spi.ResteasyDeployment.processApplication RESTEASY002205: Adding provider class org.camunda.bpm.engine.rest.exception.RestExceptionHandler from Application class org.camunda.bpm.cockpit.impl.web.CockpitApplication
28-Jul-2021 17:22:35.678 INFO [http-nio-8080-exec-2] org.jboss.resteasy.spi.ResteasyDeployment.processApplication RESTEASY002225: Deploying javax.ws.rs.core.Application: class org.camunda.bpm.webapp.impl.engine.EngineRestApplication
28-Jul-2021 17:22:35.716 INFO [http-nio-8080-exec-2] org.jboss.resteasy.spi.ResteasyDeployment.processApplication RESTEASY002205: Adding provider class org.camunda.bpm.engine.rest.exception.ExceptionHandler from Application class org.camunda.bpm.webapp.impl.engine.EngineRestApplication
28-Jul-2021 17:22:35.717 INFO [http-nio-8080-exec-2] org.jboss.resteasy.spi.ResteasyDeployment.processApplication RESTEASY002205: Adding provider class org.camunda.bpm.engine.rest.exception.JsonParseExceptionHandler from Application class org.camunda.bpm.webapp.impl.engine.EngineRestApplication
28-Jul-2021 17:22:35.717 INFO [http-nio-8080-exec-2] org.jboss.resteasy.spi.ResteasyDeployment.processApplication RESTEASY002205: Adding provider class org.camunda.bpm.engine.rest.mapper.MultipartPayloadProvider from Application class org.camunda.bpm.webapp.impl.engine.EngineRestApplication
28-Jul-2021 17:22:35.717 INFO [http-nio-8080-exec-2] org.jboss.resteasy.spi.ResteasyDeployment.processApplication RESTEASY002205: Adding provider class com.fasterxml.jackson.jaxrs.json.JacksonJsonProvider from Application class org.camunda.bpm.webapp.impl.engine.EngineRestApplication
28-Jul-2021 17:22:35.717 INFO [http-nio-8080-exec-2] org.jboss.resteasy.spi.ResteasyDeployment.processApplication RESTEASY002200: Adding class resource org.camunda.bpm.engine.rest.impl.NamedProcessEngineRestServiceImpl from Application class org.camunda.bpm.webapp.impl.engine.EngineRestApplication
28-Jul-2021 17:22:35.717 INFO [http-nio-8080-exec-2] org.jboss.resteasy.spi.ResteasyDeployment.processApplication RESTEASY002205: Adding provider class org.camunda.bpm.engine.rest.exception.JsonMappingExceptionHandler from Application class org.camunda.bpm.webapp.impl.engine.EngineRestApplication
28-Jul-2021 17:22:35.717 INFO [http-nio-8080-exec-2] org.jboss.resteasy.spi.ResteasyDeployment.processApplication RESTEASY002205: Adding provider class org.camunda.bpm.engine.rest.mapper.JacksonConfigurator from Application class org.camunda.bpm.webapp.impl.engine.EngineRestApplication
28-Jul-2021 17:22:35.717 INFO [http-nio-8080-exec-2] org.jboss.resteasy.spi.ResteasyDeployment.processApplication RESTEASY002205: Adding provider class org.camunda.bpm.engine.rest.exception.RestExceptionHandler from Application class org.camunda.bpm.webapp.impl.engine.EngineRestApplication
28-Jul-2021 17:22:35.717 INFO [http-nio-8080-exec-2] org.jboss.resteasy.spi.ResteasyDeployment.processApplication RESTEASY002205: Adding provider class org.camunda.bpm.engine.rest.exception.ProcessEngineExceptionHandler from Application class org.camunda.bpm.webapp.impl.engine.EngineRestApplication
28-Jul-2021 17:22:35.718 INFO [http-nio-8080-exec-2] org.jboss.resteasy.spi.ResteasyDeployment.processApplication RESTEASY002205: Adding provider class org.camunda.bpm.engine.rest.hal.JacksonHalJsonProvider from Application class org.camunda.bpm.webapp.impl.engine.EngineRestApplication
28-Jul-2021 17:22:35.718 INFO [http-nio-8080-exec-1] org.jboss.resteasy.spi.ResteasyDeployment.processApplication RESTEASY002225: Deploying javax.ws.rs.core.Application: class org.camunda.bpm.admin.impl.web.AdminApplication
28-Jul-2021 17:22:35.740 INFO [http-nio-8080-exec-1] org.jboss.resteasy.spi.ResteasyDeployment.processApplication RESTEASY002205: Adding provider class org.camunda.bpm.engine.rest.exception.ExceptionHandler from Application class org.camunda.bpm.admin.impl.web.AdminApplication
28-Jul-2021 17:22:35.741 INFO [http-nio-8080-exec-1] org.jboss.resteasy.spi.ResteasyDeployment.processApplication RESTEASY002200: Adding class resource org.camunda.bpm.admin.impl.plugin.resources.AdminPluginsRootResource from Application class org.camunda.bpm.admin.impl.web.AdminApplication
28-Jul-2021 17:22:35.741 INFO [http-nio-8080-exec-1] org.jboss.resteasy.spi.ResteasyDeployment.processApplication RESTEASY002200: Adding class resource org.camunda.bpm.webapp.impl.security.auth.UserAuthenticationResource from Application class org.camunda.bpm.admin.impl.web.AdminApplication
28-Jul-2021 17:22:35.741 INFO [http-nio-8080-exec-1] org.jboss.resteasy.spi.ResteasyDeployment.processApplication RESTEASY002205: Adding provider class com.fasterxml.jackson.jaxrs.json.JacksonJsonProvider from Application class org.camunda.bpm.admin.impl.web.AdminApplication
28-Jul-2021 17:22:35.741 INFO [http-nio-8080-exec-1] org.jboss.resteasy.spi.ResteasyDeployment.processApplication RESTEASY002205: Adding provider class org.camunda.bpm.engine.rest.mapper.JacksonConfigurator from Application class org.camunda.bpm.admin.impl.web.AdminApplication
28-Jul-2021 17:22:35.741 INFO [http-nio-8080-exec-1] org.jboss.resteasy.spi.ResteasyDeployment.processApplication RESTEASY002205: Adding provider class org.camunda.bpm.engine.rest.exception.RestExceptionHandler from Application class org.camunda.bpm.admin.impl.web.AdminApplication
28-Jul-2021 17:22:35.741 INFO [http-nio-8080-exec-1] org.jboss.resteasy.spi.ResteasyDeployment.processApplication RESTEASY002200: Adding class resource org.camunda.bpm.admin.impl.web.SetupResource from Application class org.camunda.bpm.admin.impl.web.AdminApplication
