26-Jul-2021 10:47:52.893 INFO [main] org.apache.catalina.startup.VersionLoggerListener.log Server version name:   Apache Tomcat/9.0.43
26-Jul-2021 10:47:52.895 INFO [main] org.apache.catalina.startup.VersionLoggerListener.log Server built:          Jan 28 2021 20:25:45 UTC
26-Jul-2021 10:47:52.895 INFO [main] org.apache.catalina.startup.VersionLoggerListener.log Server version number: 9.0.43.0
26-Jul-2021 10:47:52.895 INFO [main] org.apache.catalina.startup.VersionLoggerListener.log OS Name:               Linux
26-Jul-2021 10:47:52.896 INFO [main] org.apache.catalina.startup.VersionLoggerListener.log OS Version:            5.4.0-80-generic
26-Jul-2021 10:47:52.896 INFO [main] org.apache.catalina.startup.VersionLoggerListener.log Architecture:          amd64
26-Jul-2021 10:47:52.896 INFO [main] org.apache.catalina.startup.VersionLoggerListener.log Java Home:             /usr/lib/jvm/java-11-openjdk-amd64
26-Jul-2021 10:47:52.896 INFO [main] org.apache.catalina.startup.VersionLoggerListener.log JVM Version:           11.0.11+9-Ubuntu-0ubuntu2.18.04
26-Jul-2021 10:47:52.896 INFO [main] org.apache.catalina.startup.VersionLoggerListener.log JVM Vendor:            Ubuntu
26-Jul-2021 10:47:52.896 INFO [main] org.apache.catalina.startup.VersionLoggerListener.log CATALINA_BASE:         /home/kiwitech/Downloads/camunda-bpm-tomcat-7.15.0/server/apache-tomcat-9.0.43
26-Jul-2021 10:47:52.896 INFO [main] org.apache.catalina.startup.VersionLoggerListener.log CATALINA_HOME:         /home/kiwitech/Downloads/camunda-bpm-tomcat-7.15.0/server/apache-tomcat-9.0.43
26-Jul-2021 10:47:52.953 INFO [main] org.apache.catalina.startup.VersionLoggerListener.log Command line argument: --add-opens=java.base/java.lang=ALL-UNNAMED
26-Jul-2021 10:47:52.954 INFO [main] org.apache.catalina.startup.VersionLoggerListener.log Command line argument: --add-opens=java.base/java.io=ALL-UNNAMED
26-Jul-2021 10:47:52.954 INFO [main] org.apache.catalina.startup.VersionLoggerListener.log Command line argument: --add-opens=java.base/java.util=ALL-UNNAMED
26-Jul-2021 10:47:52.954 INFO [main] org.apache.catalina.startup.VersionLoggerListener.log Command line argument: --add-opens=java.base/java.util.concurrent=ALL-UNNAMED
26-Jul-2021 10:47:52.954 INFO [main] org.apache.catalina.startup.VersionLoggerListener.log Command line argument: --add-opens=java.rmi/sun.rmi.transport=ALL-UNNAMED
26-Jul-2021 10:47:52.955 INFO [main] org.apache.catalina.startup.VersionLoggerListener.log Command line argument: -Djava.util.logging.config.file=./Downloads/camunda-bpm-tomcat-7.15.0/server/apache-tomcat-9.0.43/conf/logging.properties
26-Jul-2021 10:47:52.955 INFO [main] org.apache.catalina.startup.VersionLoggerListener.log Command line argument: -Djava.util.logging.manager=org.apache.juli.ClassLoaderLogManager
26-Jul-2021 10:47:52.955 INFO [main] org.apache.catalina.startup.VersionLoggerListener.log Command line argument: -Djdk.tls.ephemeralDHKeySize=2048
26-Jul-2021 10:47:52.955 INFO [main] org.apache.catalina.startup.VersionLoggerListener.log Command line argument: -Djava.protocol.handler.pkgs=org.apache.catalina.webresources
26-Jul-2021 10:47:52.955 INFO [main] org.apache.catalina.startup.VersionLoggerListener.log Command line argument: -Dorg.apache.catalina.security.SecurityListener.UMASK=0027
26-Jul-2021 10:47:52.955 INFO [main] org.apache.catalina.startup.VersionLoggerListener.log Command line argument: -Xmx512m
26-Jul-2021 10:47:52.955 INFO [main] org.apache.catalina.startup.VersionLoggerListener.log Command line argument: -Dignore.endorsed.dirs=
26-Jul-2021 10:47:52.956 INFO [main] org.apache.catalina.startup.VersionLoggerListener.log Command line argument: -Dcatalina.base=./Downloads/camunda-bpm-tomcat-7.15.0/server/apache-tomcat-9.0.43
26-Jul-2021 10:47:52.956 INFO [main] org.apache.catalina.startup.VersionLoggerListener.log Command line argument: -Dcatalina.home=./Downloads/camunda-bpm-tomcat-7.15.0/server/apache-tomcat-9.0.43
26-Jul-2021 10:47:52.956 INFO [main] org.apache.catalina.startup.VersionLoggerListener.log Command line argument: -Djava.io.tmpdir=./Downloads/camunda-bpm-tomcat-7.15.0/server/apache-tomcat-9.0.43/temp
26-Jul-2021 10:47:53.070 INFO [main] org.apache.catalina.core.AprLifecycleListener.lifecycleEvent An older version [1.2.21] of the Apache Tomcat Native library is installed, while Tomcat recommends a minimum version of [1.2.23]
26-Jul-2021 10:47:53.070 INFO [main] org.apache.catalina.core.AprLifecycleListener.lifecycleEvent Loaded Apache Tomcat Native library [1.2.21] using APR version [1.6.3].
26-Jul-2021 10:47:53.070 INFO [main] org.apache.catalina.core.AprLifecycleListener.lifecycleEvent APR capabilities: IPv6 [true], sendfile [true], accept filters [false], random [true].
26-Jul-2021 10:47:53.071 INFO [main] org.apache.catalina.core.AprLifecycleListener.lifecycleEvent APR/OpenSSL configuration: useAprConnector [false], useOpenSSL [true]
26-Jul-2021 10:47:53.077 INFO [main] org.apache.catalina.core.AprLifecycleListener.initializeSSL OpenSSL successfully initialized [OpenSSL 1.1.1  11 Sep 2018]
26-Jul-2021 10:47:53.723 INFO [main] org.apache.coyote.AbstractProtocol.init Initializing ProtocolHandler ["http-nio-8080"]
26-Jul-2021 10:47:53.848 SEVERE [main] org.apache.catalina.util.LifecycleBase.handleSubClassException Failed to initialize component [Connector[HTTP/1.1-8080]]
	org.apache.catalina.LifecycleException: Protocol handler initialization failed
		at org.apache.catalina.connector.Connector.initInternal(Connector.java:1049)
		at org.apache.catalina.util.LifecycleBase.init(LifecycleBase.java:136)
		at org.apache.catalina.core.StandardService.initInternal(StandardService.java:558)
		at org.apache.catalina.util.LifecycleBase.init(LifecycleBase.java:136)
		at org.apache.catalina.core.StandardServer.initInternal(StandardServer.java:1045)
		at org.apache.catalina.util.LifecycleBase.init(LifecycleBase.java:136)
		at org.apache.catalina.startup.Catalina.load(Catalina.java:724)
		at org.apache.catalina.startup.Catalina.load(Catalina.java:746)
		at java.base/jdk.internal.reflect.NativeMethodAccessorImpl.invoke0(Native Method)
		at java.base/jdk.internal.reflect.NativeMethodAccessorImpl.invoke(NativeMethodAccessorImpl.java:62)
		at java.base/jdk.internal.reflect.DelegatingMethodAccessorImpl.invoke(DelegatingMethodAccessorImpl.java:43)
		at java.base/java.lang.reflect.Method.invoke(Method.java:566)
		at org.apache.catalina.startup.Bootstrap.load(Bootstrap.java:302)
		at org.apache.catalina.startup.Bootstrap.main(Bootstrap.java:472)
	Caused by: java.net.BindException: Address already in use
		at java.base/sun.nio.ch.Net.bind0(Native Method)
		at java.base/sun.nio.ch.Net.bind(Net.java:455)
		at java.base/sun.nio.ch.Net.bind(Net.java:447)
		at java.base/sun.nio.ch.ServerSocketChannelImpl.bind(ServerSocketChannelImpl.java:227)
		at org.apache.tomcat.util.net.NioEndpoint.initServerSocket(NioEndpoint.java:277)
		at org.apache.tomcat.util.net.NioEndpoint.bind(NioEndpoint.java:241)
		at org.apache.tomcat.util.net.AbstractEndpoint.bindWithCleanup(AbstractEndpoint.java:1193)
		at org.apache.tomcat.util.net.AbstractEndpoint.init(AbstractEndpoint.java:1206)
		at org.apache.coyote.AbstractProtocol.init(AbstractProtocol.java:597)
		at org.apache.coyote.http11.AbstractHttp11Protocol.init(AbstractHttp11Protocol.java:80)
		at org.apache.catalina.connector.Connector.initInternal(Connector.java:1046)
		... 13 more
26-Jul-2021 10:47:53.850 INFO [main] org.apache.catalina.startup.Catalina.load Server initialization in [1675] milliseconds
26-Jul-2021 10:47:54.513 INFO [main] org.camunda.commons.logging.BaseLogger.logInfo ENGINE-08046 Found Camunda Platform configuration in CATALINA_BASE/CATALINA_HOME conf directory [/home/kiwitech/Downloads/camunda-bpm-tomcat-7.15.0/server/apache-tomcat-9.0.43/conf/bpm-platform.xml] at 'file:/home/kiwitech/Downloads/camunda-bpm-tomcat-7.15.0/server/apache-tomcat-9.0.43/conf/bpm-platform.xml'
26-Jul-2021 10:47:54.900 INFO [main] org.camunda.commons.logging.BaseLogger.logInfo ENGINE-12003 Plugin 'ProcessApplicationEventListenerPlugin' activated on process engine 'default'
26-Jul-2021 10:47:54.931 INFO [main] org.camunda.commons.logging.BaseLogger.logInfo ENGINE-12003 Plugin 'SpinProcessEnginePlugin' activated on process engine 'default'
26-Jul-2021 10:47:54.952 INFO [main] org.camunda.commons.logging.BaseLogger.logInfo SPIN-01010 Discovered Spin data format provider: org.camunda.spin.impl.json.jackson.format.JacksonJsonDataFormatProvider[name = application/json]
26-Jul-2021 10:47:55.119 INFO [main] org.camunda.commons.logging.BaseLogger.logInfo SPIN-01010 Discovered Spin data format provider: org.camunda.spin.impl.xml.dom.format.DomXmlDataFormatProvider[name = application/xml]
26-Jul-2021 10:47:55.289 INFO [main] org.camunda.commons.logging.BaseLogger.logInfo SPIN-01009 Discovered Spin data format: org.camunda.spin.impl.xml.dom.format.DomXmlDataFormat[name = application/xml]
26-Jul-2021 10:47:55.289 INFO [main] org.camunda.commons.logging.BaseLogger.logInfo SPIN-01009 Discovered Spin data format: org.camunda.spin.impl.json.jackson.format.JacksonJsonDataFormat[name = application/json]
26-Jul-2021 10:47:55.289 INFO [main] org.camunda.commons.logging.BaseLogger.logInfo ENGINE-12003 Plugin 'ConnectProcessEnginePlugin' activated on process engine 'default'
26-Jul-2021 10:47:55.468 INFO [main] org.camunda.commons.logging.BaseLogger.logInfo CNCT-01004 Discovered provider for connector id 'mail-send' and class 'org.camunda.bpm.extension.mail.send.SendMailConnector': 'org.camunda.bpm.extension.mail.send.SendMailProvider'
26-Jul-2021 10:47:55.470 INFO [main] org.camunda.commons.logging.BaseLogger.logInfo CNCT-01004 Discovered provider for connector id 'mail-poll' and class 'org.camunda.bpm.extension.mail.poll.PollMailConnector': 'org.camunda.bpm.extension.mail.poll.PollMailProvider'
26-Jul-2021 10:47:55.473 INFO [main] org.camunda.commons.logging.BaseLogger.logInfo CNCT-01004 Discovered provider for connector id 'mail-delete' and class 'org.camunda.bpm.extension.mail.delete.DeleteMailConnector': 'org.camunda.bpm.extension.mail.delete.DeleteMailProvider'
26-Jul-2021 10:47:56.083 INFO [main] org.camunda.commons.logging.BaseLogger.logInfo CNCT-01004 Discovered provider for connector id 'http-connector' and class 'org.camunda.connect.httpclient.impl.HttpConnectorImpl': 'org.camunda.connect.httpclient.impl.HttpConnectorProviderImpl'
26-Jul-2021 10:47:56.087 INFO [main] org.camunda.commons.logging.BaseLogger.logInfo CNCT-01004 Discovered provider for connector id 'soap-http-connector' and class 'org.camunda.connect.httpclient.soap.impl.SoapHttpConnectorImpl': 'org.camunda.connect.httpclient.soap.impl.SoapHttpConnectorProviderImpl'
26-Jul-2021 10:47:58.961 INFO [main] org.camunda.commons.logging.BaseLogger.logInfo FEEL/SCALA-01001 Spin value mapper detected
26-Jul-2021 10:47:59.264 INFO [main] org.camunda.feel.FeelEngine.<init> Engine created. [value-mapper: CompositeValueMapper(List(org.camunda.feel.impl.JavaValueMapper@750ff7d3, org.camunda.spin.plugin.impl.feel.integration.SpinValueMapper@63b3ee82)), function-provider: org.camunda.bpm.dmn.feel.impl.scala.function.CustomFunctionTransformer@3c69362a, clock: SystemClock, configuration: Configuration(false)]
26-Jul-2021 10:48:04.195 INFO [main] org.camunda.commons.logging.BaseLogger.logInfo ENGINE-00001 Process Engine default created.
26-Jul-2021 10:48:04.197 INFO [main] org.camunda.commons.logging.BaseLogger.logInfo ENGINE-14014 Starting up the JobExecutor[org.camunda.bpm.engine.impl.jobexecutor.RuntimeContainerJobExecutor].
26-Jul-2021 10:48:04.199 INFO [Thread-4] org.camunda.commons.logging.BaseLogger.logInfo ENGINE-14018 JobExecutor[org.camunda.bpm.engine.impl.jobexecutor.RuntimeContainerJobExecutor] starting to acquire jobs
26-Jul-2021 10:48:04.204 INFO [main] org.camunda.commons.logging.BaseLogger.logInfo ENGINE-08048 Camunda Platform sucessfully started at 'Apache Tomcat/9.0.43'.
26-Jul-2021 10:48:04.274 INFO [main] org.apache.catalina.core.StandardService.startInternal Starting service [Catalina]
26-Jul-2021 10:48:04.274 INFO [main] org.apache.catalina.core.StandardEngine.startInternal Starting Servlet engine: [Apache Tomcat/9.0.43]
26-Jul-2021 10:48:04.473 INFO [main] org.apache.catalina.startup.HostConfig.deployDirectory Deploying web application directory [/home/kiwitech/Downloads/camunda-bpm-tomcat-7.15.0/server/apache-tomcat-9.0.43/webapps/ROOT]
26-Jul-2021 10:48:09.502 INFO [main] org.apache.jasper.servlet.TldScanner.scanJars At least one JAR was scanned for TLDs yet contained no TLDs. Enable debug logging for this logger for a complete list of JARs that were scanned but no TLDs were found in them. Skipping unneeded JARs during scanning can improve startup time and JSP compilation time.
26-Jul-2021 10:48:09.611 INFO [main] org.apache.catalina.startup.HostConfig.deployDirectory Deployment of web application directory [/home/kiwitech/Downloads/camunda-bpm-tomcat-7.15.0/server/apache-tomcat-9.0.43/webapps/ROOT] has finished in [5,138] ms
26-Jul-2021 10:48:09.621 INFO [main] org.apache.catalina.startup.HostConfig.deployDirectory Deploying web application directory [/home/kiwitech/Downloads/camunda-bpm-tomcat-7.15.0/server/apache-tomcat-9.0.43/webapps/engine-rest]
26-Jul-2021 10:48:11.802 INFO [main] org.apache.jasper.servlet.TldScanner.scanJars At least one JAR was scanned for TLDs yet contained no TLDs. Enable debug logging for this logger for a complete list of JARs that were scanned but no TLDs were found in them. Skipping unneeded JARs during scanning can improve startup time and JSP compilation time.
26-Jul-2021 10:48:11.985 INFO [main] org.apache.catalina.startup.HostConfig.deployDirectory Deployment of web application directory [/home/kiwitech/Downloads/camunda-bpm-tomcat-7.15.0/server/apache-tomcat-9.0.43/webapps/engine-rest] has finished in [2,364] ms
26-Jul-2021 10:48:11.986 INFO [main] org.apache.catalina.startup.HostConfig.deployDirectory Deploying web application directory [/home/kiwitech/Downloads/camunda-bpm-tomcat-7.15.0/server/apache-tomcat-9.0.43/webapps/manager]
26-Jul-2021 10:48:13.449 INFO [main] org.apache.jasper.servlet.TldScanner.scanJars At least one JAR was scanned for TLDs yet contained no TLDs. Enable debug logging for this logger for a complete list of JARs that were scanned but no TLDs were found in them. Skipping unneeded JARs during scanning can improve startup time and JSP compilation time.
26-Jul-2021 10:48:13.461 INFO [main] org.apache.catalina.startup.HostConfig.deployDirectory Deployment of web application directory [/home/kiwitech/Downloads/camunda-bpm-tomcat-7.15.0/server/apache-tomcat-9.0.43/webapps/manager] has finished in [1,475] ms
26-Jul-2021 10:48:13.461 INFO [main] org.apache.catalina.startup.HostConfig.deployDirectory Deploying web application directory [/home/kiwitech/Downloads/camunda-bpm-tomcat-7.15.0/server/apache-tomcat-9.0.43/webapps/camunda]
26-Jul-2021 10:48:15.121 INFO [main] org.apache.jasper.servlet.TldScanner.scanJars At least one JAR was scanned for TLDs yet contained no TLDs. Enable debug logging for this logger for a complete list of JARs that were scanned but no TLDs were found in them. Skipping unneeded JARs during scanning can improve startup time and JSP compilation time.
26-Jul-2021 10:48:15.474 INFO [main] org.apache.catalina.startup.HostConfig.deployDirectory Deployment of web application directory [/home/kiwitech/Downloads/camunda-bpm-tomcat-7.15.0/server/apache-tomcat-9.0.43/webapps/camunda] has finished in [2,012] ms
26-Jul-2021 10:48:15.508 INFO [main] org.apache.catalina.startup.HostConfig.deployDirectory Deploying web application directory [/home/kiwitech/Downloads/camunda-bpm-tomcat-7.15.0/server/apache-tomcat-9.0.43/webapps/docs]
26-Jul-2021 10:48:17.081 INFO [main] org.apache.jasper.servlet.TldScanner.scanJars At least one JAR was scanned for TLDs yet contained no TLDs. Enable debug logging for this logger for a complete list of JARs that were scanned but no TLDs were found in them. Skipping unneeded JARs during scanning can improve startup time and JSP compilation time.
26-Jul-2021 10:48:17.099 INFO [main] org.apache.catalina.startup.HostConfig.deployDirectory Deployment of web application directory [/home/kiwitech/Downloads/camunda-bpm-tomcat-7.15.0/server/apache-tomcat-9.0.43/webapps/docs] has finished in [1,591] ms
26-Jul-2021 10:48:17.099 INFO [main] org.apache.catalina.startup.HostConfig.deployDirectory Deploying web application directory [/home/kiwitech/Downloads/camunda-bpm-tomcat-7.15.0/server/apache-tomcat-9.0.43/webapps/h2]
26-Jul-2021 10:48:18.508 INFO [main] org.apache.jasper.servlet.TldScanner.scanJars At least one JAR was scanned for TLDs yet contained no TLDs. Enable debug logging for this logger for a complete list of JARs that were scanned but no TLDs were found in them. Skipping unneeded JARs during scanning can improve startup time and JSP compilation time.
26-Jul-2021 10:48:18.810 INFO [main] org.apache.catalina.startup.HostConfig.deployDirectory Deployment of web application directory [/home/kiwitech/Downloads/camunda-bpm-tomcat-7.15.0/server/apache-tomcat-9.0.43/webapps/h2] has finished in [1,711] ms
26-Jul-2021 10:48:18.810 INFO [main] org.apache.catalina.startup.HostConfig.deployDirectory Deploying web application directory [/home/kiwitech/Downloads/camunda-bpm-tomcat-7.15.0/server/apache-tomcat-9.0.43/webapps/camunda-welcome]
26-Jul-2021 10:48:20.146 INFO [main] org.apache.jasper.servlet.TldScanner.scanJars At least one JAR was scanned for TLDs yet contained no TLDs. Enable debug logging for this logger for a complete list of JARs that were scanned but no TLDs were found in them. Skipping unneeded JARs during scanning can improve startup time and JSP compilation time.
26-Jul-2021 10:48:20.165 INFO [main] org.apache.catalina.startup.HostConfig.deployDirectory Deployment of web application directory [/home/kiwitech/Downloads/camunda-bpm-tomcat-7.15.0/server/apache-tomcat-9.0.43/webapps/camunda-welcome] has finished in [1,355] ms
26-Jul-2021 10:48:20.166 INFO [main] org.apache.catalina.startup.HostConfig.deployDirectory Deploying web application directory [/home/kiwitech/Downloads/camunda-bpm-tomcat-7.15.0/server/apache-tomcat-9.0.43/webapps/forms]
26-Jul-2021 10:48:21.512 INFO [main] org.apache.jasper.servlet.TldScanner.scanJars At least one JAR was scanned for TLDs yet contained no TLDs. Enable debug logging for this logger for a complete list of JARs that were scanned but no TLDs were found in them. Skipping unneeded JARs during scanning can improve startup time and JSP compilation time.
26-Jul-2021 10:48:21.531 INFO [main] org.apache.catalina.startup.HostConfig.deployDirectory Deployment of web application directory [/home/kiwitech/Downloads/camunda-bpm-tomcat-7.15.0/server/apache-tomcat-9.0.43/webapps/forms] has finished in [1,366] ms
26-Jul-2021 10:48:21.531 INFO [main] org.apache.catalina.startup.HostConfig.deployDirectory Deploying web application directory [/home/kiwitech/Downloads/camunda-bpm-tomcat-7.15.0/server/apache-tomcat-9.0.43/webapps/host-manager]
26-Jul-2021 10:48:23.004 INFO [main] org.apache.jasper.servlet.TldScanner.scanJars At least one JAR was scanned for TLDs yet contained no TLDs. Enable debug logging for this logger for a complete list of JARs that were scanned but no TLDs were found in them. Skipping unneeded JARs during scanning can improve startup time and JSP compilation time.
26-Jul-2021 10:48:23.024 INFO [main] org.apache.catalina.startup.HostConfig.deployDirectory Deployment of web application directory [/home/kiwitech/Downloads/camunda-bpm-tomcat-7.15.0/server/apache-tomcat-9.0.43/webapps/host-manager] has finished in [1,492] ms
26-Jul-2021 10:48:23.024 INFO [main] org.apache.catalina.startup.HostConfig.deployDirectory Deploying web application directory [/home/kiwitech/Downloads/camunda-bpm-tomcat-7.15.0/server/apache-tomcat-9.0.43/webapps/examples]
26-Jul-2021 10:48:24.518 INFO [main] org.apache.jasper.servlet.TldScanner.scanJars At least one JAR was scanned for TLDs yet contained no TLDs. Enable debug logging for this logger for a complete list of JARs that were scanned but no TLDs were found in them. Skipping unneeded JARs during scanning can improve startup time and JSP compilation time.
26-Jul-2021 10:48:24.579 INFO [main] org.apache.catalina.startup.HostConfig.deployDirectory Deployment of web application directory [/home/kiwitech/Downloads/camunda-bpm-tomcat-7.15.0/server/apache-tomcat-9.0.43/webapps/examples] has finished in [1,554] ms
26-Jul-2021 10:48:24.579 INFO [main] org.apache.catalina.startup.HostConfig.deployDirectory Deploying web application directory [/home/kiwitech/Downloads/camunda-bpm-tomcat-7.15.0/server/apache-tomcat-9.0.43/webapps/camunda-invoice]
26-Jul-2021 10:48:25.910 INFO [main] org.apache.jasper.servlet.TldScanner.scanJars At least one JAR was scanned for TLDs yet contained no TLDs. Enable debug logging for this logger for a complete list of JARs that were scanned but no TLDs were found in them. Skipping unneeded JARs during scanning can improve startup time and JSP compilation time.
26-Jul-2021 10:48:25.910 INFO [main] org.camunda.commons.logging.BaseLogger.logInfo ENGINE-07015 Detected @ProcessApplication class 'org.camunda.bpm.example.invoice.InvoiceProcessApplication'
26-Jul-2021 10:48:25.916 INFO [main] org.camunda.commons.logging.BaseLogger.logInfo ENGINE-08024 Found processes.xml file at file:/home/kiwitech/Downloads/camunda-bpm-tomcat-7.15.0/server/apache-tomcat-9.0.43/webapps/camunda-invoice/WEB-INF/classes/META-INF/processes.xml
26-Jul-2021 10:48:25.978 INFO [main] org.camunda.commons.logging.BaseLogger.logInfo ENGINE-08023 Deployment summary for process archive 'camunda-invoice': 

        invoiceBusinessDecisions.dmn
        invoice.v2.bpmn

26-Jul-2021 10:48:26.628 INFO [main] org.camunda.commons.logging.BaseLogger.logInfo ENGINE-07021 ProcessApplication 'camunda-invoice' registered for DB deployments [f8e904ad-eb7a-11eb-a5ce-00e02d86b9a0, f8479483-eb7a-11eb-a5ce-00e02d86b9a0]. Will execute process definitions 

        invoice[version: 2, id: invoice:2:f90c1d10-eb7a-11eb-a5ce-00e02d86b9a0]
        invoice[version: 1, id: invoice:1:f86a37b7-eb7a-11eb-a5ce-00e02d86b9a0]
        ReviewInvoice[version: 1, id: ReviewInvoice:1:f8786889-eb7a-11eb-a5ce-00e02d86b9a0]
Deployment does not provide any case definitions.
26-Jul-2021 10:48:26.633 INFO [main] org.camunda.commons.logging.BaseLogger.logInfo SPIN-01010 Discovered Spin data format provider: org.camunda.spin.impl.json.jackson.format.JacksonJsonDataFormatProvider[name = application/json]
26-Jul-2021 10:48:26.634 INFO [main] org.camunda.commons.logging.BaseLogger.logInfo SPIN-01010 Discovered Spin data format provider: org.camunda.spin.impl.xml.dom.format.DomXmlDataFormatProvider[name = application/xml]
26-Jul-2021 10:48:26.635 INFO [main] org.camunda.commons.logging.BaseLogger.logInfo SPIN-01009 Discovered Spin data format: org.camunda.spin.impl.xml.dom.format.DomXmlDataFormat[name = application/xml]
26-Jul-2021 10:48:26.635 INFO [main] org.camunda.commons.logging.BaseLogger.logInfo SPIN-01009 Discovered Spin data format: org.camunda.spin.impl.json.jackson.format.JacksonJsonDataFormat[name = application/json]
26-Jul-2021 10:48:26.768 INFO [main] org.camunda.bpm.example.invoice.InvoiceProcessApplication.startProcessInstances No new instances of Invoice Receipt version 1 started, there are 3 instances running
26-Jul-2021 10:48:26.802 INFO [main] org.camunda.bpm.example.invoice.InvoiceProcessApplication.startProcessInstances No new instances of Invoice Receipt version 2 started, there are 3 instances running
26-Jul-2021 10:48:26.802 INFO [main] org.camunda.commons.logging.BaseLogger.logInfo ENGINE-08050 Process application camunda-invoice successfully deployed
26-Jul-2021 10:48:27.032 INFO [main] org.apache.catalina.startup.HostConfig.deployDirectory Deployment of web application directory [/home/kiwitech/Downloads/camunda-bpm-tomcat-7.15.0/server/apache-tomcat-9.0.43/webapps/camunda-invoice] has finished in [2,452] ms
26-Jul-2021 10:48:27.035 INFO [main] org.apache.catalina.startup.Catalina.start Server startup in [33185] milliseconds
26-Jul-2021 10:48:32.040 INFO [main] org.apache.catalina.core.StandardServer.await A valid shutdown command was received via the shutdown port. Stopping the Server instance.
26-Jul-2021 10:48:32.041 INFO [main] org.camunda.commons.logging.BaseLogger.logInfo ENGINE-14015 Shutting down the JobExecutor[org.camunda.bpm.engine.impl.jobexecutor.RuntimeContainerJobExecutor]
26-Jul-2021 10:48:32.042 INFO [Thread-4] org.camunda.commons.logging.BaseLogger.logInfo ENGINE-14020 JobExecutor[org.camunda.bpm.engine.impl.jobexecutor.RuntimeContainerJobExecutor] stopped job acquisition
26-Jul-2021 10:48:32.109 INFO [main] org.camunda.commons.logging.BaseLogger.logInfo ENGINE-08051 Process application camunda-invoice undeployed
26-Jul-2021 10:48:33.461 INFO [main] org.camunda.commons.logging.BaseLogger.logInfo ENGINE-00007 Process Engine default closed
26-Jul-2021 10:48:33.461 INFO [main] org.camunda.commons.logging.BaseLogger.logInfo ENGINE-08049 Camunda Platform stopped at 'Apache Tomcat/9.0.43'
26-Jul-2021 10:48:33.462 INFO [main] org.apache.coyote.AbstractProtocol.pause Pausing ProtocolHandler ["http-nio-8080"]
26-Jul-2021 10:48:33.462 INFO [main] org.apache.catalina.core.StandardService.stopInternal Stopping service [Catalina]
26-Jul-2021 10:48:33.503 WARNING [main] org.camunda.commons.logging.BaseLogger.logWarn ENGINE-07017 Calling undeploy() on process application that is not deployed.
26-Jul-2021 10:48:33.517 INFO [main] org.apache.coyote.AbstractProtocol.stop Stopping ProtocolHandler ["http-nio-8080"]
26-Jul-2021 10:48:33.518 INFO [main] org.apache.coyote.AbstractProtocol.destroy Destroying ProtocolHandler ["http-nio-8080"]
26-Jul-2021 10:55:56.009 INFO [main] org.apache.catalina.startup.VersionLoggerListener.log Server version name:   Apache Tomcat/9.0.43
26-Jul-2021 10:55:56.012 INFO [main] org.apache.catalina.startup.VersionLoggerListener.log Server built:          Jan 28 2021 20:25:45 UTC
26-Jul-2021 10:55:56.012 INFO [main] org.apache.catalina.startup.VersionLoggerListener.log Server version number: 9.0.43.0
26-Jul-2021 10:55:56.012 INFO [main] org.apache.catalina.startup.VersionLoggerListener.log OS Name:               Linux
26-Jul-2021 10:55:56.012 INFO [main] org.apache.catalina.startup.VersionLoggerListener.log OS Version:            5.4.0-80-generic
26-Jul-2021 10:55:56.012 INFO [main] org.apache.catalina.startup.VersionLoggerListener.log Architecture:          amd64
26-Jul-2021 10:55:56.012 INFO [main] org.apache.catalina.startup.VersionLoggerListener.log Java Home:             /usr/lib/jvm/java-11-openjdk-amd64
26-Jul-2021 10:55:56.012 INFO [main] org.apache.catalina.startup.VersionLoggerListener.log JVM Version:           11.0.11+9-Ubuntu-0ubuntu2.18.04
26-Jul-2021 10:55:56.013 INFO [main] org.apache.catalina.startup.VersionLoggerListener.log JVM Vendor:            Ubuntu
26-Jul-2021 10:55:56.013 INFO [main] org.apache.catalina.startup.VersionLoggerListener.log CATALINA_BASE:         /home/kiwitech/Downloads/camunda-bpm-tomcat-7.15.0/server/apache-tomcat-9.0.43
26-Jul-2021 10:55:56.013 INFO [main] org.apache.catalina.startup.VersionLoggerListener.log CATALINA_HOME:         /home/kiwitech/Downloads/camunda-bpm-tomcat-7.15.0/server/apache-tomcat-9.0.43
26-Jul-2021 10:55:56.022 INFO [main] org.apache.catalina.startup.VersionLoggerListener.log Command line argument: --add-opens=java.base/java.lang=ALL-UNNAMED
26-Jul-2021 10:55:56.022 INFO [main] org.apache.catalina.startup.VersionLoggerListener.log Command line argument: --add-opens=java.base/java.io=ALL-UNNAMED
26-Jul-2021 10:55:56.023 INFO [main] org.apache.catalina.startup.VersionLoggerListener.log Command line argument: --add-opens=java.base/java.util=ALL-UNNAMED
26-Jul-2021 10:55:56.023 INFO [main] org.apache.catalina.startup.VersionLoggerListener.log Command line argument: --add-opens=java.base/java.util.concurrent=ALL-UNNAMED
26-Jul-2021 10:55:56.023 INFO [main] org.apache.catalina.startup.VersionLoggerListener.log Command line argument: --add-opens=java.rmi/sun.rmi.transport=ALL-UNNAMED
26-Jul-2021 10:55:56.023 INFO [main] org.apache.catalina.startup.VersionLoggerListener.log Command line argument: -Djava.util.logging.config.file=./server/apache-tomcat-9.0.43/conf/logging.properties
26-Jul-2021 10:55:56.023 INFO [main] org.apache.catalina.startup.VersionLoggerListener.log Command line argument: -Djava.util.logging.manager=org.apache.juli.ClassLoaderLogManager
26-Jul-2021 10:55:56.023 INFO [main] org.apache.catalina.startup.VersionLoggerListener.log Command line argument: -Djdk.tls.ephemeralDHKeySize=2048
26-Jul-2021 10:55:56.023 INFO [main] org.apache.catalina.startup.VersionLoggerListener.log Command line argument: -Djava.protocol.handler.pkgs=org.apache.catalina.webresources
26-Jul-2021 10:55:56.023 INFO [main] org.apache.catalina.startup.VersionLoggerListener.log Command line argument: -Dorg.apache.catalina.security.SecurityListener.UMASK=0027
26-Jul-2021 10:55:56.023 INFO [main] org.apache.catalina.startup.VersionLoggerListener.log Command line argument: -Xmx512m
26-Jul-2021 10:55:56.024 INFO [main] org.apache.catalina.startup.VersionLoggerListener.log Command line argument: -Dignore.endorsed.dirs=
26-Jul-2021 10:55:56.024 INFO [main] org.apache.catalina.startup.VersionLoggerListener.log Command line argument: -Dcatalina.base=./server/apache-tomcat-9.0.43
26-Jul-2021 10:55:56.024 INFO [main] org.apache.catalina.startup.VersionLoggerListener.log Command line argument: -Dcatalina.home=./server/apache-tomcat-9.0.43
26-Jul-2021 10:55:56.024 INFO [main] org.apache.catalina.startup.VersionLoggerListener.log Command line argument: -Djava.io.tmpdir=./server/apache-tomcat-9.0.43/temp
26-Jul-2021 10:55:56.053 INFO [main] org.apache.catalina.core.AprLifecycleListener.lifecycleEvent An older version [1.2.21] of the Apache Tomcat Native library is installed, while Tomcat recommends a minimum version of [1.2.23]
26-Jul-2021 10:55:56.053 INFO [main] org.apache.catalina.core.AprLifecycleListener.lifecycleEvent Loaded Apache Tomcat Native library [1.2.21] using APR version [1.6.3].
26-Jul-2021 10:55:56.054 INFO [main] org.apache.catalina.core.AprLifecycleListener.lifecycleEvent APR capabilities: IPv6 [true], sendfile [true], accept filters [false], random [true].
26-Jul-2021 10:55:56.054 INFO [main] org.apache.catalina.core.AprLifecycleListener.lifecycleEvent APR/OpenSSL configuration: useAprConnector [false], useOpenSSL [true]
26-Jul-2021 10:55:56.058 INFO [main] org.apache.catalina.core.AprLifecycleListener.initializeSSL OpenSSL successfully initialized [OpenSSL 1.1.1  11 Sep 2018]
26-Jul-2021 10:55:56.632 INFO [main] org.apache.coyote.AbstractProtocol.init Initializing ProtocolHandler ["http-nio-8080"]
26-Jul-2021 10:55:56.672 INFO [main] org.apache.catalina.startup.Catalina.load Server initialization in [928] milliseconds
26-Jul-2021 10:55:57.128 INFO [main] org.camunda.commons.logging.BaseLogger.logInfo ENGINE-08046 Found Camunda Platform configuration in CATALINA_BASE/CATALINA_HOME conf directory [/home/kiwitech/Downloads/camunda-bpm-tomcat-7.15.0/server/apache-tomcat-9.0.43/conf/bpm-platform.xml] at 'file:/home/kiwitech/Downloads/camunda-bpm-tomcat-7.15.0/server/apache-tomcat-9.0.43/conf/bpm-platform.xml'
26-Jul-2021 10:55:57.273 INFO [main] org.camunda.commons.logging.BaseLogger.logInfo ENGINE-12003 Plugin 'ProcessApplicationEventListenerPlugin' activated on process engine 'default'
26-Jul-2021 10:55:57.278 INFO [main] org.camunda.commons.logging.BaseLogger.logInfo ENGINE-12003 Plugin 'SpinProcessEnginePlugin' activated on process engine 'default'
26-Jul-2021 10:55:57.281 INFO [main] org.camunda.commons.logging.BaseLogger.logInfo SPIN-01010 Discovered Spin data format provider: org.camunda.spin.impl.json.jackson.format.JacksonJsonDataFormatProvider[name = application/json]
26-Jul-2021 10:55:57.392 INFO [main] org.camunda.commons.logging.BaseLogger.logInfo SPIN-01010 Discovered Spin data format provider: org.camunda.spin.impl.xml.dom.format.DomXmlDataFormatProvider[name = application/xml]
26-Jul-2021 10:55:57.400 INFO [main] org.camunda.commons.logging.BaseLogger.logInfo SPIN-01009 Discovered Spin data format: org.camunda.spin.impl.xml.dom.format.DomXmlDataFormat[name = application/xml]
26-Jul-2021 10:55:57.400 INFO [main] org.camunda.commons.logging.BaseLogger.logInfo SPIN-01009 Discovered Spin data format: org.camunda.spin.impl.json.jackson.format.JacksonJsonDataFormat[name = application/json]
26-Jul-2021 10:55:57.400 INFO [main] org.camunda.commons.logging.BaseLogger.logInfo ENGINE-12003 Plugin 'ConnectProcessEnginePlugin' activated on process engine 'default'
26-Jul-2021 10:55:57.406 INFO [main] org.camunda.commons.logging.BaseLogger.logInfo CNCT-01004 Discovered provider for connector id 'mail-send' and class 'org.camunda.bpm.extension.mail.send.SendMailConnector': 'org.camunda.bpm.extension.mail.send.SendMailProvider'
26-Jul-2021 10:55:57.407 INFO [main] org.camunda.commons.logging.BaseLogger.logInfo CNCT-01004 Discovered provider for connector id 'mail-poll' and class 'org.camunda.bpm.extension.mail.poll.PollMailConnector': 'org.camunda.bpm.extension.mail.poll.PollMailProvider'
26-Jul-2021 10:55:57.408 INFO [main] org.camunda.commons.logging.BaseLogger.logInfo CNCT-01004 Discovered provider for connector id 'mail-delete' and class 'org.camunda.bpm.extension.mail.delete.DeleteMailConnector': 'org.camunda.bpm.extension.mail.delete.DeleteMailProvider'
26-Jul-2021 10:55:57.511 INFO [main] org.camunda.commons.logging.BaseLogger.logInfo CNCT-01004 Discovered provider for connector id 'http-connector' and class 'org.camunda.connect.httpclient.impl.HttpConnectorImpl': 'org.camunda.connect.httpclient.impl.HttpConnectorProviderImpl'
26-Jul-2021 10:55:57.514 INFO [main] org.camunda.commons.logging.BaseLogger.logInfo CNCT-01004 Discovered provider for connector id 'soap-http-connector' and class 'org.camunda.connect.httpclient.soap.impl.SoapHttpConnectorImpl': 'org.camunda.connect.httpclient.soap.impl.SoapHttpConnectorProviderImpl'
26-Jul-2021 10:55:57.669 INFO [main] org.camunda.commons.logging.BaseLogger.logInfo FEEL/SCALA-01001 Spin value mapper detected
26-Jul-2021 10:55:57.732 INFO [main] org.camunda.feel.FeelEngine.<init> Engine created. [value-mapper: CompositeValueMapper(List(org.camunda.feel.impl.JavaValueMapper@4207609e, org.camunda.spin.plugin.impl.feel.integration.SpinValueMapper@1f77b5cc)), function-provider: org.camunda.bpm.dmn.feel.impl.scala.function.CustomFunctionTransformer@24e83d19, clock: SystemClock, configuration: Configuration(false)]
26-Jul-2021 10:56:00.901 INFO [main] org.camunda.commons.logging.BaseLogger.logInfo ENGINE-00001 Process Engine default created.
26-Jul-2021 10:56:00.903 INFO [main] org.camunda.commons.logging.BaseLogger.logInfo ENGINE-14014 Starting up the JobExecutor[org.camunda.bpm.engine.impl.jobexecutor.RuntimeContainerJobExecutor].
26-Jul-2021 10:56:00.904 INFO [Thread-5] org.camunda.commons.logging.BaseLogger.logInfo ENGINE-14018 JobExecutor[org.camunda.bpm.engine.impl.jobexecutor.RuntimeContainerJobExecutor] starting to acquire jobs
26-Jul-2021 10:56:00.908 INFO [main] org.camunda.commons.logging.BaseLogger.logInfo ENGINE-08048 Camunda Platform sucessfully started at 'Apache Tomcat/9.0.43'.
26-Jul-2021 10:56:00.945 INFO [main] org.apache.catalina.core.StandardService.startInternal Starting service [Catalina]
26-Jul-2021 10:56:00.945 INFO [main] org.apache.catalina.core.StandardEngine.startInternal Starting Servlet engine: [Apache Tomcat/9.0.43]
26-Jul-2021 10:56:00.966 INFO [main] org.apache.catalina.startup.HostConfig.deployDirectory Deploying web application directory [/home/kiwitech/Downloads/camunda-bpm-tomcat-7.15.0/server/apache-tomcat-9.0.43/webapps/ROOT]
26-Jul-2021 10:56:03.298 INFO [main] org.apache.jasper.servlet.TldScanner.scanJars At least one JAR was scanned for TLDs yet contained no TLDs. Enable debug logging for this logger for a complete list of JARs that were scanned but no TLDs were found in them. Skipping unneeded JARs during scanning can improve startup time and JSP compilation time.
26-Jul-2021 10:56:03.351 INFO [main] org.apache.catalina.startup.HostConfig.deployDirectory Deployment of web application directory [/home/kiwitech/Downloads/camunda-bpm-tomcat-7.15.0/server/apache-tomcat-9.0.43/webapps/ROOT] has finished in [2,388] ms
26-Jul-2021 10:56:03.352 INFO [main] org.apache.catalina.startup.HostConfig.deployDirectory Deploying web application directory [/home/kiwitech/Downloads/camunda-bpm-tomcat-7.15.0/server/apache-tomcat-9.0.43/webapps/engine-rest]
26-Jul-2021 10:56:05.350 INFO [main] org.apache.jasper.servlet.TldScanner.scanJars At least one JAR was scanned for TLDs yet contained no TLDs. Enable debug logging for this logger for a complete list of JARs that were scanned but no TLDs were found in them. Skipping unneeded JARs during scanning can improve startup time and JSP compilation time.
26-Jul-2021 10:56:05.480 INFO [main] org.apache.catalina.startup.HostConfig.deployDirectory Deployment of web application directory [/home/kiwitech/Downloads/camunda-bpm-tomcat-7.15.0/server/apache-tomcat-9.0.43/webapps/engine-rest] has finished in [2,128] ms
26-Jul-2021 10:56:05.480 INFO [main] org.apache.catalina.startup.HostConfig.deployDirectory Deploying web application directory [/home/kiwitech/Downloads/camunda-bpm-tomcat-7.15.0/server/apache-tomcat-9.0.43/webapps/manager]
26-Jul-2021 10:56:07.009 INFO [main] org.apache.jasper.servlet.TldScanner.scanJars At least one JAR was scanned for TLDs yet contained no TLDs. Enable debug logging for this logger for a complete list of JARs that were scanned but no TLDs were found in them. Skipping unneeded JARs during scanning can improve startup time and JSP compilation time.
26-Jul-2021 10:56:07.013 INFO [main] org.apache.catalina.startup.HostConfig.deployDirectory Deployment of web application directory [/home/kiwitech/Downloads/camunda-bpm-tomcat-7.15.0/server/apache-tomcat-9.0.43/webapps/manager] has finished in [1,533] ms
26-Jul-2021 10:56:07.014 INFO [main] org.apache.catalina.startup.HostConfig.deployDirectory Deploying web application directory [/home/kiwitech/Downloads/camunda-bpm-tomcat-7.15.0/server/apache-tomcat-9.0.43/webapps/camunda]
26-Jul-2021 10:56:08.567 INFO [main] org.apache.jasper.servlet.TldScanner.scanJars At least one JAR was scanned for TLDs yet contained no TLDs. Enable debug logging for this logger for a complete list of JARs that were scanned but no TLDs were found in them. Skipping unneeded JARs during scanning can improve startup time and JSP compilation time.
26-Jul-2021 10:56:08.833 INFO [main] org.apache.catalina.startup.HostConfig.deployDirectory Deployment of web application directory [/home/kiwitech/Downloads/camunda-bpm-tomcat-7.15.0/server/apache-tomcat-9.0.43/webapps/camunda] has finished in [1,819] ms
26-Jul-2021 10:56:08.833 INFO [main] org.apache.catalina.startup.HostConfig.deployDirectory Deploying web application directory [/home/kiwitech/Downloads/camunda-bpm-tomcat-7.15.0/server/apache-tomcat-9.0.43/webapps/docs]
26-Jul-2021 10:56:10.171 INFO [main] org.apache.jasper.servlet.TldScanner.scanJars At least one JAR was scanned for TLDs yet contained no TLDs. Enable debug logging for this logger for a complete list of JARs that were scanned but no TLDs were found in them. Skipping unneeded JARs during scanning can improve startup time and JSP compilation time.
26-Jul-2021 10:56:10.172 INFO [main] org.apache.catalina.startup.HostConfig.deployDirectory Deployment of web application directory [/home/kiwitech/Downloads/camunda-bpm-tomcat-7.15.0/server/apache-tomcat-9.0.43/webapps/docs] has finished in [1,339] ms
26-Jul-2021 10:56:10.173 INFO [main] org.apache.catalina.startup.HostConfig.deployDirectory Deploying web application directory [/home/kiwitech/Downloads/camunda-bpm-tomcat-7.15.0/server/apache-tomcat-9.0.43/webapps/h2]
26-Jul-2021 10:56:11.479 INFO [main] org.apache.jasper.servlet.TldScanner.scanJars At least one JAR was scanned for TLDs yet contained no TLDs. Enable debug logging for this logger for a complete list of JARs that were scanned but no TLDs were found in them. Skipping unneeded JARs during scanning can improve startup time and JSP compilation time.
26-Jul-2021 10:56:11.491 INFO [main] org.apache.catalina.startup.HostConfig.deployDirectory Deployment of web application directory [/home/kiwitech/Downloads/camunda-bpm-tomcat-7.15.0/server/apache-tomcat-9.0.43/webapps/h2] has finished in [1,318] ms
26-Jul-2021 10:56:11.491 INFO [main] org.apache.catalina.startup.HostConfig.deployDirectory Deploying web application directory [/home/kiwitech/Downloads/camunda-bpm-tomcat-7.15.0/server/apache-tomcat-9.0.43/webapps/camunda-welcome]
26-Jul-2021 10:56:12.786 INFO [main] org.apache.jasper.servlet.TldScanner.scanJars At least one JAR was scanned for TLDs yet contained no TLDs. Enable debug logging for this logger for a complete list of JARs that were scanned but no TLDs were found in them. Skipping unneeded JARs during scanning can improve startup time and JSP compilation time.
26-Jul-2021 10:56:12.787 INFO [main] org.apache.catalina.startup.HostConfig.deployDirectory Deployment of web application directory [/home/kiwitech/Downloads/camunda-bpm-tomcat-7.15.0/server/apache-tomcat-9.0.43/webapps/camunda-welcome] has finished in [1,296] ms
26-Jul-2021 10:56:12.787 INFO [main] org.apache.catalina.startup.HostConfig.deployDirectory Deploying web application directory [/home/kiwitech/Downloads/camunda-bpm-tomcat-7.15.0/server/apache-tomcat-9.0.43/webapps/forms]
26-Jul-2021 10:56:14.084 INFO [main] org.apache.jasper.servlet.TldScanner.scanJars At least one JAR was scanned for TLDs yet contained no TLDs. Enable debug logging for this logger for a complete list of JARs that were scanned but no TLDs were found in them. Skipping unneeded JARs during scanning can improve startup time and JSP compilation time.
26-Jul-2021 10:56:14.085 INFO [main] org.apache.catalina.startup.HostConfig.deployDirectory Deployment of web application directory [/home/kiwitech/Downloads/camunda-bpm-tomcat-7.15.0/server/apache-tomcat-9.0.43/webapps/forms] has finished in [1,298] ms
26-Jul-2021 10:56:14.085 INFO [main] org.apache.catalina.startup.HostConfig.deployDirectory Deploying web application directory [/home/kiwitech/Downloads/camunda-bpm-tomcat-7.15.0/server/apache-tomcat-9.0.43/webapps/host-manager]
26-Jul-2021 10:56:15.397 INFO [main] org.apache.jasper.servlet.TldScanner.scanJars At least one JAR was scanned for TLDs yet contained no TLDs. Enable debug logging for this logger for a complete list of JARs that were scanned but no TLDs were found in them. Skipping unneeded JARs during scanning can improve startup time and JSP compilation time.
26-Jul-2021 10:56:15.398 INFO [main] org.apache.catalina.startup.HostConfig.deployDirectory Deployment of web application directory [/home/kiwitech/Downloads/camunda-bpm-tomcat-7.15.0/server/apache-tomcat-9.0.43/webapps/host-manager] has finished in [1,313] ms
26-Jul-2021 10:56:15.399 INFO [main] org.apache.catalina.startup.HostConfig.deployDirectory Deploying web application directory [/home/kiwitech/Downloads/camunda-bpm-tomcat-7.15.0/server/apache-tomcat-9.0.43/webapps/examples]
26-Jul-2021 10:56:16.765 INFO [main] org.apache.jasper.servlet.TldScanner.scanJars At least one JAR was scanned for TLDs yet contained no TLDs. Enable debug logging for this logger for a complete list of JARs that were scanned but no TLDs were found in them. Skipping unneeded JARs during scanning can improve startup time and JSP compilation time.
26-Jul-2021 10:56:16.792 INFO [main] org.apache.catalina.startup.HostConfig.deployDirectory Deployment of web application directory [/home/kiwitech/Downloads/camunda-bpm-tomcat-7.15.0/server/apache-tomcat-9.0.43/webapps/examples] has finished in [1,393] ms
26-Jul-2021 10:56:16.793 INFO [main] org.apache.catalina.startup.HostConfig.deployDirectory Deploying web application directory [/home/kiwitech/Downloads/camunda-bpm-tomcat-7.15.0/server/apache-tomcat-9.0.43/webapps/camunda-invoice]
26-Jul-2021 10:56:18.075 INFO [main] org.apache.jasper.servlet.TldScanner.scanJars At least one JAR was scanned for TLDs yet contained no TLDs. Enable debug logging for this logger for a complete list of JARs that were scanned but no TLDs were found in them. Skipping unneeded JARs during scanning can improve startup time and JSP compilation time.
26-Jul-2021 10:56:18.076 INFO [main] org.camunda.commons.logging.BaseLogger.logInfo ENGINE-07015 Detected @ProcessApplication class 'org.camunda.bpm.example.invoice.InvoiceProcessApplication'
26-Jul-2021 10:56:18.081 INFO [main] org.camunda.commons.logging.BaseLogger.logInfo ENGINE-08024 Found processes.xml file at file:/home/kiwitech/Downloads/camunda-bpm-tomcat-7.15.0/server/apache-tomcat-9.0.43/webapps/camunda-invoice/WEB-INF/classes/META-INF/processes.xml
26-Jul-2021 10:56:18.100 INFO [main] org.camunda.commons.logging.BaseLogger.logInfo ENGINE-08023 Deployment summary for process archive 'camunda-invoice': 

        invoiceBusinessDecisions.dmn
        invoice.v2.bpmn

26-Jul-2021 10:56:18.343 INFO [main] org.camunda.commons.logging.BaseLogger.logInfo ENGINE-07021 ProcessApplication 'camunda-invoice' registered for DB deployments [f8e904ad-eb7a-11eb-a5ce-00e02d86b9a0, f8479483-eb7a-11eb-a5ce-00e02d86b9a0]. Will execute process definitions 

        invoice[version: 2, id: invoice:2:f90c1d10-eb7a-11eb-a5ce-00e02d86b9a0]
        invoice[version: 1, id: invoice:1:f86a37b7-eb7a-11eb-a5ce-00e02d86b9a0]
        ReviewInvoice[version: 1, id: ReviewInvoice:1:f8786889-eb7a-11eb-a5ce-00e02d86b9a0]
Deployment does not provide any case definitions.
26-Jul-2021 10:56:18.346 INFO [main] org.camunda.commons.logging.BaseLogger.logInfo SPIN-01010 Discovered Spin data format provider: org.camunda.spin.impl.json.jackson.format.JacksonJsonDataFormatProvider[name = application/json]
26-Jul-2021 10:56:18.347 INFO [main] org.camunda.commons.logging.BaseLogger.logInfo SPIN-01010 Discovered Spin data format provider: org.camunda.spin.impl.xml.dom.format.DomXmlDataFormatProvider[name = application/xml]
26-Jul-2021 10:56:18.348 INFO [main] org.camunda.commons.logging.BaseLogger.logInfo SPIN-01009 Discovered Spin data format: org.camunda.spin.impl.xml.dom.format.DomXmlDataFormat[name = application/xml]
26-Jul-2021 10:56:18.348 INFO [main] org.camunda.commons.logging.BaseLogger.logInfo SPIN-01009 Discovered Spin data format: org.camunda.spin.impl.json.jackson.format.JacksonJsonDataFormat[name = application/json]
26-Jul-2021 10:56:18.409 INFO [main] org.camunda.bpm.example.invoice.InvoiceProcessApplication.startProcessInstances No new instances of Invoice Receipt version 1 started, there are 3 instances running
26-Jul-2021 10:56:18.439 INFO [main] org.camunda.bpm.example.invoice.InvoiceProcessApplication.startProcessInstances No new instances of Invoice Receipt version 2 started, there are 3 instances running
26-Jul-2021 10:56:18.440 INFO [main] org.camunda.commons.logging.BaseLogger.logInfo ENGINE-08050 Process application camunda-invoice successfully deployed
26-Jul-2021 10:56:18.441 INFO [main] org.apache.catalina.startup.HostConfig.deployDirectory Deployment of web application directory [/home/kiwitech/Downloads/camunda-bpm-tomcat-7.15.0/server/apache-tomcat-9.0.43/webapps/camunda-invoice] has finished in [1,649] ms
26-Jul-2021 10:56:18.444 INFO [main] org.apache.coyote.AbstractProtocol.start Starting ProtocolHandler ["http-nio-8080"]
26-Jul-2021 10:56:18.466 INFO [main] org.apache.catalina.startup.Catalina.start Server startup in [21793] milliseconds
26-Jul-2021 10:57:29.322 INFO [http-nio-8080-exec-9] org.jboss.resteasy.spi.ResteasyDeployment.processApplication RESTEASY002225: Deploying javax.ws.rs.core.Application: class org.camunda.bpm.cockpit.impl.web.CockpitApplication
26-Jul-2021 10:57:29.330 INFO [http-nio-8080-exec-9] org.jboss.resteasy.spi.ResteasyDeployment.processApplication RESTEASY002200: Adding class resource org.camunda.bpm.cockpit.impl.plugin.resources.BaseRootResource from Application class org.camunda.bpm.cockpit.impl.web.CockpitApplication
26-Jul-2021 10:57:29.330 INFO [http-nio-8080-exec-9] org.jboss.resteasy.spi.ResteasyDeployment.processApplication RESTEASY002205: Adding provider class org.camunda.bpm.engine.rest.exception.ExceptionHandler from Application class org.camunda.bpm.cockpit.impl.web.CockpitApplication
26-Jul-2021 10:57:29.330 INFO [http-nio-8080-exec-9] org.jboss.resteasy.spi.ResteasyDeployment.processApplication RESTEASY002205: Adding provider class org.camunda.bpm.engine.rest.mapper.JacksonConfigurator from Application class org.camunda.bpm.cockpit.impl.web.CockpitApplication
26-Jul-2021 10:57:29.330 INFO [http-nio-8080-exec-9] org.jboss.resteasy.spi.ResteasyDeployment.processApplication RESTEASY002205: Adding provider class org.camunda.bpm.engine.rest.exception.RestExceptionHandler from Application class org.camunda.bpm.cockpit.impl.web.CockpitApplication
26-Jul-2021 10:57:29.331 INFO [http-nio-8080-exec-9] org.jboss.resteasy.spi.ResteasyDeployment.processApplication RESTEASY002205: Adding provider class com.fasterxml.jackson.jaxrs.json.JacksonJsonProvider from Application class org.camunda.bpm.cockpit.impl.web.CockpitApplication
26-Jul-2021 10:57:29.331 INFO [http-nio-8080-exec-9] org.jboss.resteasy.spi.ResteasyDeployment.processApplication RESTEASY002200: Adding class resource org.camunda.bpm.cockpit.impl.plugin.resources.CockpitPluginsRootResource from Application class org.camunda.bpm.cockpit.impl.web.CockpitApplication
26-Jul-2021 10:57:29.733 INFO [http-nio-8080-exec-1] org.jboss.resteasy.spi.ResteasyDeployment.processApplication RESTEASY002225: Deploying javax.ws.rs.core.Application: class org.camunda.bpm.webapp.impl.engine.EngineRestApplication
26-Jul-2021 10:57:29.744 INFO [http-nio-8080-exec-1] org.jboss.resteasy.spi.ResteasyDeployment.processApplication RESTEASY002200: Adding class resource org.camunda.bpm.engine.rest.impl.NamedProcessEngineRestServiceImpl from Application class org.camunda.bpm.webapp.impl.engine.EngineRestApplication
26-Jul-2021 10:57:29.744 INFO [http-nio-8080-exec-1] org.jboss.resteasy.spi.ResteasyDeployment.processApplication RESTEASY002205: Adding provider class org.camunda.bpm.engine.rest.exception.ExceptionHandler from Application class org.camunda.bpm.webapp.impl.engine.EngineRestApplication
26-Jul-2021 10:57:29.744 INFO [http-nio-8080-exec-1] org.jboss.resteasy.spi.ResteasyDeployment.processApplication RESTEASY002205: Adding provider class org.camunda.bpm.engine.rest.exception.ProcessEngineExceptionHandler from Application class org.camunda.bpm.webapp.impl.engine.EngineRestApplication
26-Jul-2021 10:57:29.744 INFO [http-nio-8080-exec-1] org.jboss.resteasy.spi.ResteasyDeployment.processApplication RESTEASY002205: Adding provider class org.camunda.bpm.engine.rest.exception.JsonMappingExceptionHandler from Application class org.camunda.bpm.webapp.impl.engine.EngineRestApplication
26-Jul-2021 10:57:29.744 INFO [http-nio-8080-exec-1] org.jboss.resteasy.spi.ResteasyDeployment.processApplication RESTEASY002205: Adding provider class org.camunda.bpm.engine.rest.mapper.JacksonConfigurator from Application class org.camunda.bpm.webapp.impl.engine.EngineRestApplication
26-Jul-2021 10:57:29.745 INFO [http-nio-8080-exec-1] org.jboss.resteasy.spi.ResteasyDeployment.processApplication RESTEASY002205: Adding provider class org.camunda.bpm.engine.rest.exception.RestExceptionHandler from Application class org.camunda.bpm.webapp.impl.engine.EngineRestApplication
26-Jul-2021 10:57:29.752 INFO [http-nio-8080-exec-1] org.jboss.resteasy.spi.ResteasyDeployment.processApplication RESTEASY002205: Adding provider class org.camunda.bpm.engine.rest.exception.JsonParseExceptionHandler from Application class org.camunda.bpm.webapp.impl.engine.EngineRestApplication
26-Jul-2021 10:57:29.752 INFO [http-nio-8080-exec-1] org.jboss.resteasy.spi.ResteasyDeployment.processApplication RESTEASY002205: Adding provider class org.camunda.bpm.engine.rest.hal.JacksonHalJsonProvider from Application class org.camunda.bpm.webapp.impl.engine.EngineRestApplication
26-Jul-2021 10:57:29.758 INFO [http-nio-8080-exec-1] org.jboss.resteasy.spi.ResteasyDeployment.processApplication RESTEASY002205: Adding provider class org.camunda.bpm.engine.rest.mapper.MultipartPayloadProvider from Application class org.camunda.bpm.webapp.impl.engine.EngineRestApplication
26-Jul-2021 10:57:29.759 INFO [http-nio-8080-exec-1] org.jboss.resteasy.spi.ResteasyDeployment.processApplication RESTEASY002205: Adding provider class com.fasterxml.jackson.jaxrs.json.JacksonJsonProvider from Application class org.camunda.bpm.webapp.impl.engine.EngineRestApplication
26-Jul-2021 10:57:29.771 INFO [http-nio-8080-exec-3] org.jboss.resteasy.spi.ResteasyDeployment.processApplication RESTEASY002225: Deploying javax.ws.rs.core.Application: class org.camunda.bpm.admin.impl.web.AdminApplication
26-Jul-2021 10:57:29.785 INFO [http-nio-8080-exec-3] org.jboss.resteasy.spi.ResteasyDeployment.processApplication RESTEASY002205: Adding provider class org.camunda.bpm.engine.rest.exception.ExceptionHandler from Application class org.camunda.bpm.admin.impl.web.AdminApplication
26-Jul-2021 10:57:29.786 INFO [http-nio-8080-exec-3] org.jboss.resteasy.spi.ResteasyDeployment.processApplication RESTEASY002200: Adding class resource org.camunda.bpm.admin.impl.plugin.resources.AdminPluginsRootResource from Application class org.camunda.bpm.admin.impl.web.AdminApplication
26-Jul-2021 10:57:29.786 INFO [http-nio-8080-exec-3] org.jboss.resteasy.spi.ResteasyDeployment.processApplication RESTEASY002200: Adding class resource org.camunda.bpm.webapp.impl.security.auth.UserAuthenticationResource from Application class org.camunda.bpm.admin.impl.web.AdminApplication
26-Jul-2021 10:57:29.786 INFO [http-nio-8080-exec-3] org.jboss.resteasy.spi.ResteasyDeployment.processApplication RESTEASY002205: Adding provider class org.camunda.bpm.engine.rest.mapper.JacksonConfigurator from Application class org.camunda.bpm.admin.impl.web.AdminApplication
26-Jul-2021 10:57:29.786 INFO [http-nio-8080-exec-3] org.jboss.resteasy.spi.ResteasyDeployment.processApplication RESTEASY002205: Adding provider class org.camunda.bpm.engine.rest.exception.RestExceptionHandler from Application class org.camunda.bpm.admin.impl.web.AdminApplication
26-Jul-2021 10:57:29.786 INFO [http-nio-8080-exec-3] org.jboss.resteasy.spi.ResteasyDeployment.processApplication RESTEASY002200: Adding class resource org.camunda.bpm.admin.impl.web.SetupResource from Application class org.camunda.bpm.admin.impl.web.AdminApplication
26-Jul-2021 10:57:29.786 INFO [http-nio-8080-exec-3] org.jboss.resteasy.spi.ResteasyDeployment.processApplication RESTEASY002205: Adding provider class com.fasterxml.jackson.jaxrs.json.JacksonJsonProvider from Application class org.camunda.bpm.admin.impl.web.AdminApplication
26-Jul-2021 11:05:17.496 INFO [http-nio-8080-exec-6] org.jboss.resteasy.spi.ResteasyDeployment.processApplication RESTEASY002225: Deploying javax.ws.rs.core.Application: class org.camunda.bpm.engine.rest.impl.application.DefaultApplication
26-Jul-2021 11:05:17.503 INFO [http-nio-8080-exec-6] org.jboss.resteasy.spi.ResteasyDeployment.processApplication RESTEASY002205: Adding provider class org.camunda.bpm.engine.rest.mapper.JacksonConfigurator from Application class org.camunda.bpm.engine.rest.impl.application.DefaultApplication
26-Jul-2021 11:05:17.503 INFO [http-nio-8080-exec-6] org.jboss.resteasy.spi.ResteasyDeployment.processApplication RESTEASY002205: Adding provider class org.camunda.bpm.engine.rest.mapper.MultipartPayloadProvider from Application class org.camunda.bpm.engine.rest.impl.application.DefaultApplication
26-Jul-2021 11:05:17.504 INFO [http-nio-8080-exec-6] org.jboss.resteasy.spi.ResteasyDeployment.processApplication RESTEASY002200: Adding class resource org.camunda.bpm.engine.rest.impl.JaxRsTwoDefaultProcessEngineRestServiceImpl from Application class org.camunda.bpm.engine.rest.impl.application.DefaultApplication
26-Jul-2021 11:05:17.504 INFO [http-nio-8080-exec-6] org.jboss.resteasy.spi.ResteasyDeployment.processApplication RESTEASY002205: Adding provider class com.fasterxml.jackson.jaxrs.json.JacksonJsonProvider from Application class org.camunda.bpm.engine.rest.impl.application.DefaultApplication
26-Jul-2021 11:05:17.504 INFO [http-nio-8080-exec-6] org.jboss.resteasy.spi.ResteasyDeployment.processApplication RESTEASY002205: Adding provider class org.camunda.bpm.engine.rest.exception.JsonMappingExceptionHandler from Application class org.camunda.bpm.engine.rest.impl.application.DefaultApplication
26-Jul-2021 11:05:17.504 INFO [http-nio-8080-exec-6] org.jboss.resteasy.spi.ResteasyDeployment.processApplication RESTEASY002205: Adding provider class org.camunda.bpm.engine.rest.exception.ExceptionHandler from Application class org.camunda.bpm.engine.rest.impl.application.DefaultApplication
26-Jul-2021 11:05:17.504 INFO [http-nio-8080-exec-6] org.jboss.resteasy.spi.ResteasyDeployment.processApplication RESTEASY002205: Adding provider class org.camunda.bpm.engine.rest.hal.JacksonHalJsonProvider from Application class org.camunda.bpm.engine.rest.impl.application.DefaultApplication
26-Jul-2021 11:05:17.504 INFO [http-nio-8080-exec-6] org.jboss.resteasy.spi.ResteasyDeployment.processApplication RESTEASY002205: Adding provider class org.camunda.bpm.engine.rest.exception.ProcessEngineExceptionHandler from Application class org.camunda.bpm.engine.rest.impl.application.DefaultApplication
26-Jul-2021 11:05:17.504 INFO [http-nio-8080-exec-6] org.jboss.resteasy.spi.ResteasyDeployment.processApplication RESTEASY002205: Adding provider class org.camunda.bpm.engine.rest.exception.JsonParseExceptionHandler from Application class org.camunda.bpm.engine.rest.impl.application.DefaultApplication
26-Jul-2021 11:05:17.505 INFO [http-nio-8080-exec-6] org.jboss.resteasy.spi.ResteasyDeployment.processApplication RESTEASY002205: Adding provider class org.camunda.bpm.engine.rest.exception.RestExceptionHandler from Application class org.camunda.bpm.engine.rest.impl.application.DefaultApplication
26-Jul-2021 11:05:17.505 INFO [http-nio-8080-exec-6] org.jboss.resteasy.spi.ResteasyDeployment.processApplication RESTEASY002200: Adding class resource org.camunda.bpm.engine.rest.impl.JaxRsTwoNamedProcessEngineRestServiceImpl from Application class org.camunda.bpm.engine.rest.impl.application.DefaultApplication
26-Jul-2021 11:07:27.827 INFO [http-nio-8080-exec-2] org.jboss.resteasy.spi.ResteasyDeployment.processApplication RESTEASY002225: Deploying javax.ws.rs.core.Application: class org.camunda.bpm.tasklist.impl.web.TasklistApplication
26-Jul-2021 11:07:27.828 INFO [http-nio-8080-exec-2] org.jboss.resteasy.spi.ResteasyDeployment.processApplication RESTEASY002205: Adding provider class org.camunda.bpm.engine.rest.exception.ExceptionHandler from Application class org.camunda.bpm.tasklist.impl.web.TasklistApplication
26-Jul-2021 11:07:27.828 INFO [http-nio-8080-exec-2] org.jboss.resteasy.spi.ResteasyDeployment.processApplication RESTEASY002200: Adding class resource org.camunda.bpm.tasklist.impl.plugin.resources.TasklistPluginsRootResource from Application class org.camunda.bpm.tasklist.impl.web.TasklistApplication
26-Jul-2021 11:07:27.828 INFO [http-nio-8080-exec-2] org.jboss.resteasy.spi.ResteasyDeployment.processApplication RESTEASY002205: Adding provider class org.camunda.bpm.engine.rest.mapper.JacksonConfigurator from Application class org.camunda.bpm.tasklist.impl.web.TasklistApplication
26-Jul-2021 11:07:27.828 INFO [http-nio-8080-exec-2] org.jboss.resteasy.spi.ResteasyDeployment.processApplication RESTEASY002205: Adding provider class org.camunda.bpm.engine.rest.exception.RestExceptionHandler from Application class org.camunda.bpm.tasklist.impl.web.TasklistApplication
26-Jul-2021 11:07:27.828 INFO [http-nio-8080-exec-2] org.jboss.resteasy.spi.ResteasyDeployment.processApplication RESTEASY002205: Adding provider class com.fasterxml.jackson.jaxrs.json.JacksonJsonProvider from Application class org.camunda.bpm.tasklist.impl.web.TasklistApplication
26-Jul-2021 11:20:47.469 WARNING [http-nio-8080-exec-10] org.camunda.commons.logging.BaseLogger.logWarn ENGINE-REST-HTTP500 org.camunda.bpm.engine.ProcessEngineException: Invalid query usage: candidateUser, candidateGroup, candidateGroupIn, withCandidateGroups, withoutCandidateGroups, withCandidateUsers, withoutCandidateUsers has to be called before 'includeAssignedTasks'.
	at org.camunda.bpm.engine.impl.TaskQueryImpl.includeAssignedTasks(TaskQueryImpl.java:497)
	at org.camunda.bpm.engine.rest.dto.task.TaskQueryDto.applyFilters(TaskQueryDto.java:1297)
	at org.camunda.bpm.engine.rest.dto.task.TaskQueryDto.applyFilters(TaskQueryDto.java:64)
	at org.camunda.bpm.engine.rest.dto.AbstractQueryDto.toQuery(AbstractQueryDto.java:104)
	at org.camunda.bpm.engine.rest.impl.TaskRestServiceImpl.queryTasks(TaskRestServiceImpl.java:94)
	at org.camunda.bpm.engine.rest.impl.TaskRestServiceImpl.getJsonTasks(TaskRestServiceImpl.java:71)
	at org.camunda.bpm.engine.rest.impl.TaskRestServiceImpl.getTasks(TaskRestServiceImpl.java:60)
	at java.base/jdk.internal.reflect.NativeMethodAccessorImpl.invoke0(Native Method)
	at java.base/jdk.internal.reflect.NativeMethodAccessorImpl.invoke(NativeMethodAccessorImpl.java:62)
	at java.base/jdk.internal.reflect.DelegatingMethodAccessorImpl.invoke(DelegatingMethodAccessorImpl.java:43)
	at java.base/java.lang.reflect.Method.invoke(Method.java:566)
	at org.jboss.resteasy.core.MethodInjectorImpl.invoke(MethodInjectorImpl.java:138)
	at org.jboss.resteasy.core.ResourceMethodInvoker.internalInvokeOnTarget(ResourceMethodInvoker.java:546)
	at org.jboss.resteasy.core.ResourceMethodInvoker.invokeOnTargetAfterFilter(ResourceMethodInvoker.java:435)
	at org.jboss.resteasy.core.ResourceMethodInvoker.lambda$invokeOnTarget$0(ResourceMethodInvoker.java:396)
	at org.jboss.resteasy.core.interception.PreMatchContainerRequestContext.filter(PreMatchContainerRequestContext.java:358)
	at org.jboss.resteasy.core.ResourceMethodInvoker.invokeOnTarget(ResourceMethodInvoker.java:398)
	at org.jboss.resteasy.core.ResourceMethodInvoker.invoke(ResourceMethodInvoker.java:365)
	at org.jboss.resteasy.core.ResourceLocatorInvoker.invokeOnTargetObject(ResourceLocatorInvoker.java:150)
	at org.jboss.resteasy.core.ResourceLocatorInvoker.invoke(ResourceLocatorInvoker.java:104)
	at org.jboss.resteasy.core.SynchronousDispatcher.invoke(SynchronousDispatcher.java:440)
	at org.jboss.resteasy.core.SynchronousDispatcher.lambda$invoke$4(SynchronousDispatcher.java:229)
	at org.jboss.resteasy.core.SynchronousDispatcher.lambda$preprocess$0(SynchronousDispatcher.java:135)
	at org.jboss.resteasy.core.interception.PreMatchContainerRequestContext.filter(PreMatchContainerRequestContext.java:358)
	at org.jboss.resteasy.core.SynchronousDispatcher.preprocess(SynchronousDispatcher.java:138)
	at org.jboss.resteasy.core.SynchronousDispatcher.invoke(SynchronousDispatcher.java:215)
	at org.jboss.resteasy.plugins.server.servlet.ServletContainerDispatcher.service(ServletContainerDispatcher.java:245)
	at org.jboss.resteasy.plugins.server.servlet.HttpServletDispatcher.service(HttpServletDispatcher.java:61)
	at org.jboss.resteasy.plugins.server.servlet.HttpServletDispatcher.service(HttpServletDispatcher.java:56)
	at javax.servlet.http.HttpServlet.service(HttpServlet.java:733)
	at org.apache.catalina.core.ApplicationFilterChain.internalDoFilter(ApplicationFilterChain.java:227)
	at org.apache.catalina.core.ApplicationFilterChain.doFilter(ApplicationFilterChain.java:162)
	at org.apache.tomcat.websocket.server.WsFilter.doFilter(WsFilter.java:53)
	at org.apache.catalina.core.ApplicationFilterChain.internalDoFilter(ApplicationFilterChain.java:189)
	at org.apache.catalina.core.ApplicationFilterChain.doFilter(ApplicationFilterChain.java:162)
	at org.camunda.bpm.engine.rest.filter.CacheControlFilter.doFilter(CacheControlFilter.java:45)
	at org.apache.catalina.core.ApplicationFilterChain.internalDoFilter(ApplicationFilterChain.java:189)
	at org.apache.catalina.core.ApplicationFilterChain.doFilter(ApplicationFilterChain.java:162)
	at org.camunda.bpm.engine.rest.filter.EmptyBodyFilter.doFilter(EmptyBodyFilter.java:99)
	at org.apache.catalina.core.ApplicationFilterChain.internalDoFilter(ApplicationFilterChain.java:189)
	at org.apache.catalina.core.ApplicationFilterChain.doFilter(ApplicationFilterChain.java:162)
	at org.apache.catalina.core.StandardWrapperValve.invoke(StandardWrapperValve.java:202)
	at org.apache.catalina.core.StandardContextValve.invoke(StandardContextValve.java:97)
	at org.apache.catalina.authenticator.AuthenticatorBase.invoke(AuthenticatorBase.java:542)
	at org.apache.catalina.core.StandardHostValve.invoke(StandardHostValve.java:143)
	at org.apache.catalina.valves.ErrorReportValve.invoke(ErrorReportValve.java:92)
	at org.apache.catalina.valves.AbstractAccessLogValve.invoke(AbstractAccessLogValve.java:687)
	at org.apache.catalina.core.StandardEngineValve.invoke(StandardEngineValve.java:78)
	at org.apache.catalina.connector.CoyoteAdapter.service(CoyoteAdapter.java:346)
	at org.apache.coyote.http11.Http11Processor.service(Http11Processor.java:374)
	at org.apache.coyote.AbstractProcessorLight.process(AbstractProcessorLight.java:65)
	at org.apache.coyote.AbstractProtocol$ConnectionHandler.process(AbstractProtocol.java:887)
	at org.apache.tomcat.util.net.NioEndpoint$SocketProcessor.doRun(NioEndpoint.java:1684)
	at org.apache.tomcat.util.net.SocketProcessorBase.run(SocketProcessorBase.java:49)
	at java.base/java.util.concurrent.ThreadPoolExecutor.runWorker(ThreadPoolExecutor.java:1128)
	at java.base/java.util.concurrent.ThreadPoolExecutor$Worker.run(ThreadPoolExecutor.java:628)
	at org.apache.tomcat.util.threads.TaskThread$WrappingRunnable.run(TaskThread.java:61)
	at java.base/java.lang.Thread.run(Thread.java:829)

