10-Aug-2021 11:18:50.386 INFO [main] org.apache.catalina.startup.VersionLoggerListener.log Server version name:   Apache Tomcat/9.0.43
10-Aug-2021 11:18:50.389 INFO [main] org.apache.catalina.startup.VersionLoggerListener.log Server built:          Jan 28 2021 20:25:45 UTC
10-Aug-2021 11:18:50.389 INFO [main] org.apache.catalina.startup.VersionLoggerListener.log Server version number: 9.0.43.0
10-Aug-2021 11:18:50.389 INFO [main] org.apache.catalina.startup.VersionLoggerListener.log OS Name:               Linux
10-Aug-2021 11:18:50.389 INFO [main] org.apache.catalina.startup.VersionLoggerListener.log OS Version:            5.4.0-80-generic
10-Aug-2021 11:18:50.389 INFO [main] org.apache.catalina.startup.VersionLoggerListener.log Architecture:          amd64
10-Aug-2021 11:18:50.389 INFO [main] org.apache.catalina.startup.VersionLoggerListener.log Java Home:             /usr/lib/jvm/java-11-openjdk-amd64
10-Aug-2021 11:18:50.389 INFO [main] org.apache.catalina.startup.VersionLoggerListener.log JVM Version:           11.0.11+9-Ubuntu-0ubuntu2.18.04
10-Aug-2021 11:18:50.389 INFO [main] org.apache.catalina.startup.VersionLoggerListener.log JVM Vendor:            Ubuntu
10-Aug-2021 11:18:50.389 INFO [main] org.apache.catalina.startup.VersionLoggerListener.log CATALINA_BASE:         /home/kiwitech/Downloads/old-camunda-bpm-tomcat-7.15.0/server/apache-tomcat-9.0.43
10-Aug-2021 11:18:50.389 INFO [main] org.apache.catalina.startup.VersionLoggerListener.log CATALINA_HOME:         /home/kiwitech/Downloads/old-camunda-bpm-tomcat-7.15.0/server/apache-tomcat-9.0.43
10-Aug-2021 11:18:50.447 INFO [main] org.apache.catalina.startup.VersionLoggerListener.log Command line argument: --add-opens=java.base/java.lang=ALL-UNNAMED
10-Aug-2021 11:18:50.447 INFO [main] org.apache.catalina.startup.VersionLoggerListener.log Command line argument: --add-opens=java.base/java.io=ALL-UNNAMED
10-Aug-2021 11:18:50.447 INFO [main] org.apache.catalina.startup.VersionLoggerListener.log Command line argument: --add-opens=java.base/java.util=ALL-UNNAMED
10-Aug-2021 11:18:50.447 INFO [main] org.apache.catalina.startup.VersionLoggerListener.log Command line argument: --add-opens=java.base/java.util.concurrent=ALL-UNNAMED
10-Aug-2021 11:18:50.447 INFO [main] org.apache.catalina.startup.VersionLoggerListener.log Command line argument: --add-opens=java.rmi/sun.rmi.transport=ALL-UNNAMED
10-Aug-2021 11:18:50.448 INFO [main] org.apache.catalina.startup.VersionLoggerListener.log Command line argument: -Djava.util.logging.config.file=./server/apache-tomcat-9.0.43/conf/logging.properties
10-Aug-2021 11:18:50.448 INFO [main] org.apache.catalina.startup.VersionLoggerListener.log Command line argument: -Djava.util.logging.manager=org.apache.juli.ClassLoaderLogManager
10-Aug-2021 11:18:50.448 INFO [main] org.apache.catalina.startup.VersionLoggerListener.log Command line argument: -Djdk.tls.ephemeralDHKeySize=2048
10-Aug-2021 11:18:50.448 INFO [main] org.apache.catalina.startup.VersionLoggerListener.log Command line argument: -Djava.protocol.handler.pkgs=org.apache.catalina.webresources
10-Aug-2021 11:18:50.448 INFO [main] org.apache.catalina.startup.VersionLoggerListener.log Command line argument: -Dorg.apache.catalina.security.SecurityListener.UMASK=0027
10-Aug-2021 11:18:50.448 INFO [main] org.apache.catalina.startup.VersionLoggerListener.log Command line argument: -Xmx512m
10-Aug-2021 11:18:50.448 INFO [main] org.apache.catalina.startup.VersionLoggerListener.log Command line argument: -Dignore.endorsed.dirs=
10-Aug-2021 11:18:50.448 INFO [main] org.apache.catalina.startup.VersionLoggerListener.log Command line argument: -Dcatalina.base=./server/apache-tomcat-9.0.43
10-Aug-2021 11:18:50.448 INFO [main] org.apache.catalina.startup.VersionLoggerListener.log Command line argument: -Dcatalina.home=./server/apache-tomcat-9.0.43
10-Aug-2021 11:18:50.449 INFO [main] org.apache.catalina.startup.VersionLoggerListener.log Command line argument: -Djava.io.tmpdir=./server/apache-tomcat-9.0.43/temp
10-Aug-2021 11:18:50.559 INFO [main] org.apache.catalina.core.AprLifecycleListener.lifecycleEvent An older version [1.2.21] of the Apache Tomcat Native library is installed, while Tomcat recommends a minimum version of [1.2.23]
10-Aug-2021 11:18:50.559 INFO [main] org.apache.catalina.core.AprLifecycleListener.lifecycleEvent Loaded Apache Tomcat Native library [1.2.21] using APR version [1.6.3].
10-Aug-2021 11:18:50.559 INFO [main] org.apache.catalina.core.AprLifecycleListener.lifecycleEvent APR capabilities: IPv6 [true], sendfile [true], accept filters [false], random [true].
10-Aug-2021 11:18:50.560 INFO [main] org.apache.catalina.core.AprLifecycleListener.lifecycleEvent APR/OpenSSL configuration: useAprConnector [false], useOpenSSL [true]
10-Aug-2021 11:18:50.566 INFO [main] org.apache.catalina.core.AprLifecycleListener.initializeSSL OpenSSL successfully initialized [OpenSSL 1.1.1  11 Sep 2018]
10-Aug-2021 11:18:51.416 INFO [main] org.apache.coyote.AbstractProtocol.init Initializing ProtocolHandler ["http-nio-8080"]
10-Aug-2021 11:18:51.470 INFO [main] org.apache.catalina.startup.Catalina.load Server initialization in [1956] milliseconds
10-Aug-2021 11:18:52.096 INFO [main] org.camunda.commons.logging.BaseLogger.logInfo ENGINE-08046 Found Camunda Platform configuration in CATALINA_BASE/CATALINA_HOME conf directory [/home/kiwitech/Downloads/old-camunda-bpm-tomcat-7.15.0/server/apache-tomcat-9.0.43/conf/bpm-platform.xml] at 'file:/home/kiwitech/Downloads/old-camunda-bpm-tomcat-7.15.0/server/apache-tomcat-9.0.43/conf/bpm-platform.xml'
10-Aug-2021 11:18:53.152 INFO [main] org.camunda.commons.logging.BaseLogger.logInfo ENGINE-12003 Plugin 'ProcessApplicationEventListenerPlugin' activated on process engine 'default'
10-Aug-2021 11:18:53.287 INFO [main] org.camunda.commons.logging.BaseLogger.logInfo ENGINE-12003 Plugin 'SpinProcessEnginePlugin' activated on process engine 'default'
10-Aug-2021 11:18:53.341 INFO [main] org.camunda.commons.logging.BaseLogger.logInfo SPIN-01010 Discovered Spin data format provider: org.camunda.spin.impl.json.jackson.format.JacksonJsonDataFormatProvider[name = application/json]
10-Aug-2021 11:18:54.016 INFO [main] org.camunda.commons.logging.BaseLogger.logInfo SPIN-01010 Discovered Spin data format provider: org.camunda.spin.impl.xml.dom.format.DomXmlDataFormatProvider[name = application/xml]
10-Aug-2021 11:18:54.159 INFO [main] org.camunda.commons.logging.BaseLogger.logInfo SPIN-01009 Discovered Spin data format: org.camunda.spin.impl.xml.dom.format.DomXmlDataFormat[name = application/xml]
10-Aug-2021 11:18:54.159 INFO [main] org.camunda.commons.logging.BaseLogger.logInfo SPIN-01009 Discovered Spin data format: org.camunda.spin.impl.json.jackson.format.JacksonJsonDataFormat[name = application/json]
10-Aug-2021 11:18:54.159 INFO [main] org.camunda.commons.logging.BaseLogger.logInfo ENGINE-12003 Plugin 'ConnectProcessEnginePlugin' activated on process engine 'default'
10-Aug-2021 11:18:54.209 INFO [main] org.camunda.commons.logging.BaseLogger.logInfo CNCT-01004 Discovered provider for connector id 'mail-send' and class 'org.camunda.bpm.extension.mail.send.SendMailConnector': 'org.camunda.bpm.extension.mail.send.SendMailProvider'
10-Aug-2021 11:18:54.211 INFO [main] org.camunda.commons.logging.BaseLogger.logInfo CNCT-01004 Discovered provider for connector id 'mail-poll' and class 'org.camunda.bpm.extension.mail.poll.PollMailConnector': 'org.camunda.bpm.extension.mail.poll.PollMailProvider'
10-Aug-2021 11:18:54.212 INFO [main] org.camunda.commons.logging.BaseLogger.logInfo CNCT-01004 Discovered provider for connector id 'mail-delete' and class 'org.camunda.bpm.extension.mail.delete.DeleteMailConnector': 'org.camunda.bpm.extension.mail.delete.DeleteMailProvider'
10-Aug-2021 11:18:55.249 INFO [main] org.camunda.commons.logging.BaseLogger.logInfo CNCT-01004 Discovered provider for connector id 'http-connector' and class 'org.camunda.connect.httpclient.impl.HttpConnectorImpl': 'org.camunda.connect.httpclient.impl.HttpConnectorProviderImpl'
10-Aug-2021 11:18:55.254 INFO [main] org.camunda.commons.logging.BaseLogger.logInfo CNCT-01004 Discovered provider for connector id 'soap-http-connector' and class 'org.camunda.connect.httpclient.soap.impl.SoapHttpConnectorImpl': 'org.camunda.connect.httpclient.soap.impl.SoapHttpConnectorProviderImpl'
10-Aug-2021 11:18:58.800 INFO [main] org.camunda.commons.logging.BaseLogger.logInfo FEEL/SCALA-01001 Spin value mapper detected
10-Aug-2021 11:18:58.937 INFO [main] org.camunda.feel.FeelEngine.<init> Engine created. [value-mapper: CompositeValueMapper(List(org.camunda.feel.impl.JavaValueMapper@1f77b5cc, org.camunda.spin.plugin.impl.feel.integration.SpinValueMapper@5d7ca698)), function-provider: org.camunda.bpm.dmn.feel.impl.scala.function.CustomFunctionTransformer@5c080ef3, clock: SystemClock, configuration: Configuration(false)]
10-Aug-2021 11:19:04.093 INFO [main] org.camunda.commons.logging.BaseLogger.logInfo ENGINE-00001 Process Engine default created.
10-Aug-2021 11:19:04.095 INFO [main] org.camunda.commons.logging.BaseLogger.logInfo ENGINE-14014 Starting up the JobExecutor[org.camunda.bpm.engine.impl.jobexecutor.RuntimeContainerJobExecutor].
10-Aug-2021 11:19:04.098 INFO [Thread-5] org.camunda.commons.logging.BaseLogger.logInfo ENGINE-14018 JobExecutor[org.camunda.bpm.engine.impl.jobexecutor.RuntimeContainerJobExecutor] starting to acquire jobs
10-Aug-2021 11:19:04.100 INFO [main] org.camunda.commons.logging.BaseLogger.logInfo ENGINE-08048 Camunda Platform sucessfully started at 'Apache Tomcat/9.0.43'.
10-Aug-2021 11:19:04.228 INFO [main] org.apache.catalina.core.StandardService.startInternal Starting service [Catalina]
10-Aug-2021 11:19:04.228 INFO [main] org.apache.catalina.core.StandardEngine.startInternal Starting Servlet engine: [Apache Tomcat/9.0.43]
10-Aug-2021 11:19:04.361 INFO [main] org.apache.catalina.startup.HostConfig.deployDirectory Deploying web application directory [/home/kiwitech/Downloads/old-camunda-bpm-tomcat-7.15.0/server/apache-tomcat-9.0.43/webapps/ROOT]
10-Aug-2021 11:19:10.993 INFO [main] org.apache.jasper.servlet.TldScanner.scanJars At least one JAR was scanned for TLDs yet contained no TLDs. Enable debug logging for this logger for a complete list of JARs that were scanned but no TLDs were found in them. Skipping unneeded JARs during scanning can improve startup time and JSP compilation time.
10-Aug-2021 11:19:11.080 INFO [main] org.apache.catalina.startup.HostConfig.deployDirectory Deployment of web application directory [/home/kiwitech/Downloads/old-camunda-bpm-tomcat-7.15.0/server/apache-tomcat-9.0.43/webapps/ROOT] has finished in [6,718] ms
10-Aug-2021 11:19:11.080 INFO [main] org.apache.catalina.startup.HostConfig.deployDirectory Deploying web application directory [/home/kiwitech/Downloads/old-camunda-bpm-tomcat-7.15.0/server/apache-tomcat-9.0.43/webapps/engine-rest]
10-Aug-2021 11:19:13.270 INFO [main] org.apache.jasper.servlet.TldScanner.scanJars At least one JAR was scanned for TLDs yet contained no TLDs. Enable debug logging for this logger for a complete list of JARs that were scanned but no TLDs were found in them. Skipping unneeded JARs during scanning can improve startup time and JSP compilation time.
10-Aug-2021 11:19:13.436 INFO [main] org.apache.catalina.startup.HostConfig.deployDirectory Deployment of web application directory [/home/kiwitech/Downloads/old-camunda-bpm-tomcat-7.15.0/server/apache-tomcat-9.0.43/webapps/engine-rest] has finished in [2,356] ms
10-Aug-2021 11:19:13.436 INFO [main] org.apache.catalina.startup.HostConfig.deployDirectory Deploying web application directory [/home/kiwitech/Downloads/old-camunda-bpm-tomcat-7.15.0/server/apache-tomcat-9.0.43/webapps/manager]
10-Aug-2021 11:19:15.010 INFO [main] org.apache.jasper.servlet.TldScanner.scanJars At least one JAR was scanned for TLDs yet contained no TLDs. Enable debug logging for this logger for a complete list of JARs that were scanned but no TLDs were found in them. Skipping unneeded JARs during scanning can improve startup time and JSP compilation time.
10-Aug-2021 11:19:15.030 INFO [main] org.apache.catalina.startup.HostConfig.deployDirectory Deployment of web application directory [/home/kiwitech/Downloads/old-camunda-bpm-tomcat-7.15.0/server/apache-tomcat-9.0.43/webapps/manager] has finished in [1,594] ms
10-Aug-2021 11:19:15.030 INFO [main] org.apache.catalina.startup.HostConfig.deployDirectory Deploying web application directory [/home/kiwitech/Downloads/old-camunda-bpm-tomcat-7.15.0/server/apache-tomcat-9.0.43/webapps/camunda]
10-Aug-2021 11:19:18.290 INFO [main] org.apache.jasper.servlet.TldScanner.scanJars At least one JAR was scanned for TLDs yet contained no TLDs. Enable debug logging for this logger for a complete list of JARs that were scanned but no TLDs were found in them. Skipping unneeded JARs during scanning can improve startup time and JSP compilation time.
10-Aug-2021 11:19:18.604 INFO [main] org.apache.catalina.startup.HostConfig.deployDirectory Deployment of web application directory [/home/kiwitech/Downloads/old-camunda-bpm-tomcat-7.15.0/server/apache-tomcat-9.0.43/webapps/camunda] has finished in [3,574] ms
10-Aug-2021 11:19:18.604 INFO [main] org.apache.catalina.startup.HostConfig.deployDirectory Deploying web application directory [/home/kiwitech/Downloads/old-camunda-bpm-tomcat-7.15.0/server/apache-tomcat-9.0.43/webapps/docs]
10-Aug-2021 11:19:20.040 INFO [main] org.apache.jasper.servlet.TldScanner.scanJars At least one JAR was scanned for TLDs yet contained no TLDs. Enable debug logging for this logger for a complete list of JARs that were scanned but no TLDs were found in them. Skipping unneeded JARs during scanning can improve startup time and JSP compilation time.
10-Aug-2021 11:19:20.043 INFO [main] org.apache.catalina.startup.HostConfig.deployDirectory Deployment of web application directory [/home/kiwitech/Downloads/old-camunda-bpm-tomcat-7.15.0/server/apache-tomcat-9.0.43/webapps/docs] has finished in [1,439] ms
10-Aug-2021 11:19:20.043 INFO [main] org.apache.catalina.startup.HostConfig.deployDirectory Deploying web application directory [/home/kiwitech/Downloads/old-camunda-bpm-tomcat-7.15.0/server/apache-tomcat-9.0.43/webapps/h2]
10-Aug-2021 11:19:21.507 INFO [main] org.apache.jasper.servlet.TldScanner.scanJars At least one JAR was scanned for TLDs yet contained no TLDs. Enable debug logging for this logger for a complete list of JARs that were scanned but no TLDs were found in them. Skipping unneeded JARs during scanning can improve startup time and JSP compilation time.
10-Aug-2021 11:19:21.539 INFO [main] org.apache.catalina.startup.HostConfig.deployDirectory Deployment of web application directory [/home/kiwitech/Downloads/old-camunda-bpm-tomcat-7.15.0/server/apache-tomcat-9.0.43/webapps/h2] has finished in [1,496] ms
10-Aug-2021 11:19:21.539 INFO [main] org.apache.catalina.startup.HostConfig.deployDirectory Deploying web application directory [/home/kiwitech/Downloads/old-camunda-bpm-tomcat-7.15.0/server/apache-tomcat-9.0.43/webapps/camunda-welcome]
10-Aug-2021 11:19:22.962 INFO [main] org.apache.jasper.servlet.TldScanner.scanJars At least one JAR was scanned for TLDs yet contained no TLDs. Enable debug logging for this logger for a complete list of JARs that were scanned but no TLDs were found in them. Skipping unneeded JARs during scanning can improve startup time and JSP compilation time.
10-Aug-2021 11:19:22.979 INFO [main] org.apache.catalina.startup.HostConfig.deployDirectory Deployment of web application directory [/home/kiwitech/Downloads/old-camunda-bpm-tomcat-7.15.0/server/apache-tomcat-9.0.43/webapps/camunda-welcome] has finished in [1,440] ms
10-Aug-2021 11:19:22.979 INFO [main] org.apache.catalina.startup.HostConfig.deployDirectory Deploying web application directory [/home/kiwitech/Downloads/old-camunda-bpm-tomcat-7.15.0/server/apache-tomcat-9.0.43/webapps/forms]
10-Aug-2021 11:19:24.384 INFO [main] org.apache.jasper.servlet.TldScanner.scanJars At least one JAR was scanned for TLDs yet contained no TLDs. Enable debug logging for this logger for a complete list of JARs that were scanned but no TLDs were found in them. Skipping unneeded JARs during scanning can improve startup time and JSP compilation time.
10-Aug-2021 11:19:24.411 INFO [main] org.apache.catalina.startup.HostConfig.deployDirectory Deployment of web application directory [/home/kiwitech/Downloads/old-camunda-bpm-tomcat-7.15.0/server/apache-tomcat-9.0.43/webapps/forms] has finished in [1,432] ms
10-Aug-2021 11:19:24.412 INFO [main] org.apache.catalina.startup.HostConfig.deployDirectory Deploying web application directory [/home/kiwitech/Downloads/old-camunda-bpm-tomcat-7.15.0/server/apache-tomcat-9.0.43/webapps/host-manager]
10-Aug-2021 11:19:25.795 INFO [main] org.apache.jasper.servlet.TldScanner.scanJars At least one JAR was scanned for TLDs yet contained no TLDs. Enable debug logging for this logger for a complete list of JARs that were scanned but no TLDs were found in them. Skipping unneeded JARs during scanning can improve startup time and JSP compilation time.
10-Aug-2021 11:19:25.797 INFO [main] org.apache.catalina.startup.HostConfig.deployDirectory Deployment of web application directory [/home/kiwitech/Downloads/old-camunda-bpm-tomcat-7.15.0/server/apache-tomcat-9.0.43/webapps/host-manager] has finished in [1,385] ms
10-Aug-2021 11:19:25.797 INFO [main] org.apache.catalina.startup.HostConfig.deployDirectory Deploying web application directory [/home/kiwitech/Downloads/old-camunda-bpm-tomcat-7.15.0/server/apache-tomcat-9.0.43/webapps/examples]
10-Aug-2021 11:19:27.493 INFO [main] org.apache.jasper.servlet.TldScanner.scanJars At least one JAR was scanned for TLDs yet contained no TLDs. Enable debug logging for this logger for a complete list of JARs that were scanned but no TLDs were found in them. Skipping unneeded JARs during scanning can improve startup time and JSP compilation time.
10-Aug-2021 11:19:27.548 INFO [main] org.apache.catalina.startup.HostConfig.deployDirectory Deployment of web application directory [/home/kiwitech/Downloads/old-camunda-bpm-tomcat-7.15.0/server/apache-tomcat-9.0.43/webapps/examples] has finished in [1,750] ms
10-Aug-2021 11:19:27.551 INFO [main] org.apache.coyote.AbstractProtocol.start Starting ProtocolHandler ["http-nio-8080"]
10-Aug-2021 11:19:27.557 INFO [main] org.apache.catalina.startup.Catalina.start Server startup in [36086] milliseconds
10-Aug-2021 11:21:37.514 INFO [http-nio-8080-exec-4] org.jboss.resteasy.spi.ResteasyDeployment.processApplication RESTEASY002225: Deploying javax.ws.rs.core.Application: class org.camunda.bpm.engine.rest.impl.application.DefaultApplication
10-Aug-2021 11:21:37.524 INFO [http-nio-8080-exec-4] org.jboss.resteasy.spi.ResteasyDeployment.processApplication RESTEASY002200: Adding class resource org.camunda.bpm.engine.rest.impl.JaxRsTwoNamedProcessEngineRestServiceImpl from Application class org.camunda.bpm.engine.rest.impl.application.DefaultApplication
10-Aug-2021 11:21:37.525 INFO [http-nio-8080-exec-4] org.jboss.resteasy.spi.ResteasyDeployment.processApplication RESTEASY002205: Adding provider class org.camunda.bpm.engine.rest.exception.ProcessEngineExceptionHandler from Application class org.camunda.bpm.engine.rest.impl.application.DefaultApplication
10-Aug-2021 11:21:37.525 INFO [http-nio-8080-exec-4] org.jboss.resteasy.spi.ResteasyDeployment.processApplication RESTEASY002205: Adding provider class com.fasterxml.jackson.jaxrs.json.JacksonJsonProvider from Application class org.camunda.bpm.engine.rest.impl.application.DefaultApplication
10-Aug-2021 11:21:37.525 INFO [http-nio-8080-exec-4] org.jboss.resteasy.spi.ResteasyDeployment.processApplication RESTEASY002200: Adding class resource org.camunda.bpm.engine.rest.impl.JaxRsTwoDefaultProcessEngineRestServiceImpl from Application class org.camunda.bpm.engine.rest.impl.application.DefaultApplication
10-Aug-2021 11:21:37.526 INFO [http-nio-8080-exec-4] org.jboss.resteasy.spi.ResteasyDeployment.processApplication RESTEASY002205: Adding provider class org.camunda.bpm.engine.rest.exception.RestExceptionHandler from Application class org.camunda.bpm.engine.rest.impl.application.DefaultApplication
10-Aug-2021 11:21:37.526 INFO [http-nio-8080-exec-4] org.jboss.resteasy.spi.ResteasyDeployment.processApplication RESTEASY002205: Adding provider class org.camunda.bpm.engine.rest.exception.JsonMappingExceptionHandler from Application class org.camunda.bpm.engine.rest.impl.application.DefaultApplication
10-Aug-2021 11:21:37.526 INFO [http-nio-8080-exec-4] org.jboss.resteasy.spi.ResteasyDeployment.processApplication RESTEASY002205: Adding provider class org.camunda.bpm.engine.rest.exception.JsonParseExceptionHandler from Application class org.camunda.bpm.engine.rest.impl.application.DefaultApplication
10-Aug-2021 11:21:37.526 INFO [http-nio-8080-exec-4] org.jboss.resteasy.spi.ResteasyDeployment.processApplication RESTEASY002205: Adding provider class org.camunda.bpm.engine.rest.mapper.MultipartPayloadProvider from Application class org.camunda.bpm.engine.rest.impl.application.DefaultApplication
10-Aug-2021 11:21:37.527 INFO [http-nio-8080-exec-4] org.jboss.resteasy.spi.ResteasyDeployment.processApplication RESTEASY002205: Adding provider class org.camunda.bpm.engine.rest.exception.ExceptionHandler from Application class org.camunda.bpm.engine.rest.impl.application.DefaultApplication
10-Aug-2021 11:21:37.527 INFO [http-nio-8080-exec-4] org.jboss.resteasy.spi.ResteasyDeployment.processApplication RESTEASY002205: Adding provider class org.camunda.bpm.engine.rest.hal.JacksonHalJsonProvider from Application class org.camunda.bpm.engine.rest.impl.application.DefaultApplication
10-Aug-2021 11:21:37.527 INFO [http-nio-8080-exec-4] org.jboss.resteasy.spi.ResteasyDeployment.processApplication RESTEASY002205: Adding provider class org.camunda.bpm.engine.rest.mapper.JacksonConfigurator from Application class org.camunda.bpm.engine.rest.impl.application.DefaultApplication
10-Aug-2021 17:35:32.093 INFO [Catalina-utility-1] org.apache.catalina.startup.HostConfig.reload Reloading context [/engine-rest]
10-Aug-2021 17:35:32.121 INFO [Catalina-utility-1] org.apache.catalina.core.StandardContext.reload Reloading Context with name [/engine-rest] has started
10-Aug-2021 17:35:37.032 INFO [Catalina-utility-1] org.apache.jasper.servlet.TldScanner.scanJars At least one JAR was scanned for TLDs yet contained no TLDs. Enable debug logging for this logger for a complete list of JARs that were scanned but no TLDs were found in them. Skipping unneeded JARs during scanning can improve startup time and JSP compilation time.
10-Aug-2021 17:35:37.131 INFO [Catalina-utility-1] org.apache.catalina.core.StandardContext.reload Reloading Context with name [/engine-rest] is completed
10-Aug-2021 17:35:37.307 INFO [http-nio-8080-exec-2] org.jboss.resteasy.spi.ResteasyDeployment.processApplication RESTEASY002225: Deploying javax.ws.rs.core.Application: class org.camunda.bpm.engine.rest.impl.application.DefaultApplication
10-Aug-2021 17:35:37.314 INFO [http-nio-8080-exec-2] org.jboss.resteasy.spi.ResteasyDeployment.processApplication RESTEASY002205: Adding provider class org.camunda.bpm.engine.rest.mapper.JacksonConfigurator from Application class org.camunda.bpm.engine.rest.impl.application.DefaultApplication
10-Aug-2021 17:35:37.314 INFO [http-nio-8080-exec-2] org.jboss.resteasy.spi.ResteasyDeployment.processApplication RESTEASY002205: Adding provider class org.camunda.bpm.engine.rest.exception.JsonParseExceptionHandler from Application class org.camunda.bpm.engine.rest.impl.application.DefaultApplication
10-Aug-2021 17:35:37.314 INFO [http-nio-8080-exec-2] org.jboss.resteasy.spi.ResteasyDeployment.processApplication RESTEASY002205: Adding provider class org.camunda.bpm.engine.rest.exception.RestExceptionHandler from Application class org.camunda.bpm.engine.rest.impl.application.DefaultApplication
10-Aug-2021 17:35:37.314 INFO [http-nio-8080-exec-2] org.jboss.resteasy.spi.ResteasyDeployment.processApplication RESTEASY002205: Adding provider class org.camunda.bpm.engine.rest.exception.ProcessEngineExceptionHandler from Application class org.camunda.bpm.engine.rest.impl.application.DefaultApplication
10-Aug-2021 17:35:37.315 INFO [http-nio-8080-exec-2] org.jboss.resteasy.spi.ResteasyDeployment.processApplication RESTEASY002205: Adding provider class com.fasterxml.jackson.jaxrs.json.JacksonJsonProvider from Application class org.camunda.bpm.engine.rest.impl.application.DefaultApplication
10-Aug-2021 17:35:37.315 INFO [http-nio-8080-exec-2] org.jboss.resteasy.spi.ResteasyDeployment.processApplication RESTEASY002205: Adding provider class org.camunda.bpm.engine.rest.mapper.MultipartPayloadProvider from Application class org.camunda.bpm.engine.rest.impl.application.DefaultApplication
10-Aug-2021 17:35:37.315 INFO [http-nio-8080-exec-2] org.jboss.resteasy.spi.ResteasyDeployment.processApplication RESTEASY002205: Adding provider class org.camunda.bpm.engine.rest.exception.ExceptionHandler from Application class org.camunda.bpm.engine.rest.impl.application.DefaultApplication
10-Aug-2021 17:35:37.316 INFO [http-nio-8080-exec-2] org.jboss.resteasy.spi.ResteasyDeployment.processApplication RESTEASY002200: Adding class resource org.camunda.bpm.engine.rest.impl.JaxRsTwoDefaultProcessEngineRestServiceImpl from Application class org.camunda.bpm.engine.rest.impl.application.DefaultApplication
10-Aug-2021 17:35:37.316 INFO [http-nio-8080-exec-2] org.jboss.resteasy.spi.ResteasyDeployment.processApplication RESTEASY002200: Adding class resource org.camunda.bpm.engine.rest.impl.JaxRsTwoNamedProcessEngineRestServiceImpl from Application class org.camunda.bpm.engine.rest.impl.application.DefaultApplication
10-Aug-2021 17:35:37.316 INFO [http-nio-8080-exec-2] org.jboss.resteasy.spi.ResteasyDeployment.processApplication RESTEASY002205: Adding provider class org.camunda.bpm.engine.rest.exception.JsonMappingExceptionHandler from Application class org.camunda.bpm.engine.rest.impl.application.DefaultApplication
10-Aug-2021 17:35:37.316 INFO [http-nio-8080-exec-2] org.jboss.resteasy.spi.ResteasyDeployment.processApplication RESTEASY002205: Adding provider class org.camunda.bpm.engine.rest.hal.JacksonHalJsonProvider from Application class org.camunda.bpm.engine.rest.impl.application.DefaultApplication
10-Aug-2021 17:36:47.149 INFO [Catalina-utility-2] org.apache.catalina.startup.HostConfig.reload Reloading context [/engine-rest]
10-Aug-2021 17:36:47.149 INFO [Catalina-utility-2] org.apache.catalina.core.StandardContext.reload Reloading Context with name [/engine-rest] has started
10-Aug-2021 17:36:48.646 INFO [Catalina-utility-2] org.apache.jasper.servlet.TldScanner.scanJars At least one JAR was scanned for TLDs yet contained no TLDs. Enable debug logging for this logger for a complete list of JARs that were scanned but no TLDs were found in them. Skipping unneeded JARs during scanning can improve startup time and JSP compilation time.
10-Aug-2021 17:36:48.727 INFO [Catalina-utility-2] org.apache.catalina.core.StandardContext.reload Reloading Context with name [/engine-rest] is completed
10-Aug-2021 17:38:15.402 INFO [http-nio-8080-exec-17] org.jboss.resteasy.spi.ResteasyDeployment.processApplication RESTEASY002225: Deploying javax.ws.rs.core.Application: class org.camunda.bpm.cockpit.impl.web.CockpitApplication
10-Aug-2021 17:38:15.541 INFO [http-nio-8080-exec-17] org.jboss.resteasy.spi.ResteasyDeployment.processApplication RESTEASY002205: Adding provider class org.camunda.bpm.engine.rest.mapper.JacksonConfigurator from Application class org.camunda.bpm.cockpit.impl.web.CockpitApplication
10-Aug-2021 17:38:15.542 INFO [http-nio-8080-exec-17] org.jboss.resteasy.spi.ResteasyDeployment.processApplication RESTEASY002205: Adding provider class com.fasterxml.jackson.jaxrs.json.JacksonJsonProvider from Application class org.camunda.bpm.cockpit.impl.web.CockpitApplication
10-Aug-2021 17:38:15.543 INFO [http-nio-8080-exec-17] org.jboss.resteasy.spi.ResteasyDeployment.processApplication RESTEASY002200: Adding class resource org.camunda.bpm.cockpit.impl.plugin.resources.CockpitPluginsRootResource from Application class org.camunda.bpm.cockpit.impl.web.CockpitApplication
10-Aug-2021 17:38:15.543 INFO [http-nio-8080-exec-17] org.jboss.resteasy.spi.ResteasyDeployment.processApplication RESTEASY002205: Adding provider class org.camunda.bpm.engine.rest.exception.ExceptionHandler from Application class org.camunda.bpm.cockpit.impl.web.CockpitApplication
10-Aug-2021 17:38:15.544 INFO [http-nio-8080-exec-17] org.jboss.resteasy.spi.ResteasyDeployment.processApplication RESTEASY002200: Adding class resource org.camunda.bpm.cockpit.impl.plugin.resources.BaseRootResource from Application class org.camunda.bpm.cockpit.impl.web.CockpitApplication
10-Aug-2021 17:38:15.544 INFO [http-nio-8080-exec-17] org.jboss.resteasy.spi.ResteasyDeployment.processApplication RESTEASY002205: Adding provider class org.camunda.bpm.engine.rest.exception.RestExceptionHandler from Application class org.camunda.bpm.cockpit.impl.web.CockpitApplication
10-Aug-2021 17:38:15.762 INFO [http-nio-8080-exec-5] org.jboss.resteasy.spi.ResteasyDeployment.processApplication RESTEASY002225: Deploying javax.ws.rs.core.Application: class org.camunda.bpm.webapp.impl.engine.EngineRestApplication
10-Aug-2021 17:38:15.806 INFO [http-nio-8080-exec-20] org.jboss.resteasy.spi.ResteasyDeployment.processApplication RESTEASY002225: Deploying javax.ws.rs.core.Application: class org.camunda.bpm.admin.impl.web.AdminApplication
10-Aug-2021 17:38:15.832 INFO [http-nio-8080-exec-5] org.jboss.resteasy.spi.ResteasyDeployment.processApplication RESTEASY002205: Adding provider class org.camunda.bpm.engine.rest.mapper.JacksonConfigurator from Application class org.camunda.bpm.webapp.impl.engine.EngineRestApplication
10-Aug-2021 17:38:15.833 INFO [http-nio-8080-exec-5] org.jboss.resteasy.spi.ResteasyDeployment.processApplication RESTEASY002205: Adding provider class org.camunda.bpm.engine.rest.exception.JsonMappingExceptionHandler from Application class org.camunda.bpm.webapp.impl.engine.EngineRestApplication
10-Aug-2021 17:38:15.833 INFO [http-nio-8080-exec-5] org.jboss.resteasy.spi.ResteasyDeployment.processApplication RESTEASY002205: Adding provider class org.camunda.bpm.engine.rest.exception.ProcessEngineExceptionHandler from Application class org.camunda.bpm.webapp.impl.engine.EngineRestApplication
10-Aug-2021 17:38:15.833 INFO [http-nio-8080-exec-5] org.jboss.resteasy.spi.ResteasyDeployment.processApplication RESTEASY002205: Adding provider class org.camunda.bpm.engine.rest.mapper.MultipartPayloadProvider from Application class org.camunda.bpm.webapp.impl.engine.EngineRestApplication
10-Aug-2021 17:38:15.833 INFO [http-nio-8080-exec-5] org.jboss.resteasy.spi.ResteasyDeployment.processApplication RESTEASY002200: Adding class resource org.camunda.bpm.engine.rest.impl.NamedProcessEngineRestServiceImpl from Application class org.camunda.bpm.webapp.impl.engine.EngineRestApplication
10-Aug-2021 17:38:15.833 INFO [http-nio-8080-exec-5] org.jboss.resteasy.spi.ResteasyDeployment.processApplication RESTEASY002205: Adding provider class com.fasterxml.jackson.jaxrs.json.JacksonJsonProvider from Application class org.camunda.bpm.webapp.impl.engine.EngineRestApplication
10-Aug-2021 17:38:15.833 INFO [http-nio-8080-exec-5] org.jboss.resteasy.spi.ResteasyDeployment.processApplication RESTEASY002205: Adding provider class org.camunda.bpm.engine.rest.hal.JacksonHalJsonProvider from Application class org.camunda.bpm.webapp.impl.engine.EngineRestApplication
10-Aug-2021 17:38:15.833 INFO [http-nio-8080-exec-5] org.jboss.resteasy.spi.ResteasyDeployment.processApplication RESTEASY002205: Adding provider class org.camunda.bpm.engine.rest.exception.ExceptionHandler from Application class org.camunda.bpm.webapp.impl.engine.EngineRestApplication
10-Aug-2021 17:38:15.833 INFO [http-nio-8080-exec-5] org.jboss.resteasy.spi.ResteasyDeployment.processApplication RESTEASY002205: Adding provider class org.camunda.bpm.engine.rest.exception.RestExceptionHandler from Application class org.camunda.bpm.webapp.impl.engine.EngineRestApplication
10-Aug-2021 17:38:15.833 INFO [http-nio-8080-exec-5] org.jboss.resteasy.spi.ResteasyDeployment.processApplication RESTEASY002205: Adding provider class org.camunda.bpm.engine.rest.exception.JsonParseExceptionHandler from Application class org.camunda.bpm.webapp.impl.engine.EngineRestApplication
10-Aug-2021 17:38:15.841 INFO [http-nio-8080-exec-20] org.jboss.resteasy.spi.ResteasyDeployment.processApplication RESTEASY002205: Adding provider class org.camunda.bpm.engine.rest.mapper.JacksonConfigurator from Application class org.camunda.bpm.admin.impl.web.AdminApplication
10-Aug-2021 17:38:15.841 INFO [http-nio-8080-exec-20] org.jboss.resteasy.spi.ResteasyDeployment.processApplication RESTEASY002200: Adding class resource org.camunda.bpm.admin.impl.plugin.resources.AdminPluginsRootResource from Application class org.camunda.bpm.admin.impl.web.AdminApplication
10-Aug-2021 17:38:15.841 INFO [http-nio-8080-exec-20] org.jboss.resteasy.spi.ResteasyDeployment.processApplication RESTEASY002200: Adding class resource org.camunda.bpm.webapp.impl.security.auth.UserAuthenticationResource from Application class org.camunda.bpm.admin.impl.web.AdminApplication
10-Aug-2021 17:38:15.841 INFO [http-nio-8080-exec-20] org.jboss.resteasy.spi.ResteasyDeployment.processApplication RESTEASY002200: Adding class resource org.camunda.bpm.admin.impl.web.SetupResource from Application class org.camunda.bpm.admin.impl.web.AdminApplication
10-Aug-2021 17:38:15.841 INFO [http-nio-8080-exec-20] org.jboss.resteasy.spi.ResteasyDeployment.processApplication RESTEASY002205: Adding provider class com.fasterxml.jackson.jaxrs.json.JacksonJsonProvider from Application class org.camunda.bpm.admin.impl.web.AdminApplication
10-Aug-2021 17:38:15.841 INFO [http-nio-8080-exec-20] org.jboss.resteasy.spi.ResteasyDeployment.processApplication RESTEASY002205: Adding provider class org.camunda.bpm.engine.rest.exception.ExceptionHandler from Application class org.camunda.bpm.admin.impl.web.AdminApplication
10-Aug-2021 17:38:15.841 INFO [http-nio-8080-exec-20] org.jboss.resteasy.spi.ResteasyDeployment.processApplication RESTEASY002205: Adding provider class org.camunda.bpm.engine.rest.exception.RestExceptionHandler from Application class org.camunda.bpm.admin.impl.web.AdminApplication
10-Aug-2021 17:38:25.524 INFO [http-nio-8080-exec-22] org.jboss.resteasy.spi.ResteasyDeployment.processApplication RESTEASY002225: Deploying javax.ws.rs.core.Application: class org.camunda.bpm.tasklist.impl.web.TasklistApplication
10-Aug-2021 17:38:25.525 INFO [http-nio-8080-exec-22] org.jboss.resteasy.spi.ResteasyDeployment.processApplication RESTEASY002205: Adding provider class org.camunda.bpm.engine.rest.mapper.JacksonConfigurator from Application class org.camunda.bpm.tasklist.impl.web.TasklistApplication
10-Aug-2021 17:38:25.525 INFO [http-nio-8080-exec-22] org.jboss.resteasy.spi.ResteasyDeployment.processApplication RESTEASY002205: Adding provider class com.fasterxml.jackson.jaxrs.json.JacksonJsonProvider from Application class org.camunda.bpm.tasklist.impl.web.TasklistApplication
10-Aug-2021 17:38:25.525 INFO [http-nio-8080-exec-22] org.jboss.resteasy.spi.ResteasyDeployment.processApplication RESTEASY002205: Adding provider class org.camunda.bpm.engine.rest.exception.ExceptionHandler from Application class org.camunda.bpm.tasklist.impl.web.TasklistApplication
10-Aug-2021 17:38:25.525 INFO [http-nio-8080-exec-22] org.jboss.resteasy.spi.ResteasyDeployment.processApplication RESTEASY002205: Adding provider class org.camunda.bpm.engine.rest.exception.RestExceptionHandler from Application class org.camunda.bpm.tasklist.impl.web.TasklistApplication
10-Aug-2021 17:38:25.525 INFO [http-nio-8080-exec-22] org.jboss.resteasy.spi.ResteasyDeployment.processApplication RESTEASY002200: Adding class resource org.camunda.bpm.tasklist.impl.plugin.resources.TasklistPluginsRootResource from Application class org.camunda.bpm.tasklist.impl.web.TasklistApplication
10-Aug-2021 17:47:47.132 INFO [http-nio-8080-exec-18] org.jboss.resteasy.spi.ResteasyDeployment.processApplication RESTEASY002225: Deploying javax.ws.rs.core.Application: class org.camunda.bpm.engine.rest.impl.application.DefaultApplication
10-Aug-2021 17:47:47.139 INFO [http-nio-8080-exec-18] org.jboss.resteasy.spi.ResteasyDeployment.processApplication RESTEASY002205: Adding provider class org.camunda.bpm.engine.rest.exception.JsonParseExceptionHandler from Application class org.camunda.bpm.engine.rest.impl.application.DefaultApplication
10-Aug-2021 17:47:47.139 INFO [http-nio-8080-exec-18] org.jboss.resteasy.spi.ResteasyDeployment.processApplication RESTEASY002205: Adding provider class org.camunda.bpm.engine.rest.mapper.JacksonConfigurator from Application class org.camunda.bpm.engine.rest.impl.application.DefaultApplication
10-Aug-2021 17:47:47.140 INFO [http-nio-8080-exec-18] org.jboss.resteasy.spi.ResteasyDeployment.processApplication RESTEASY002200: Adding class resource org.camunda.bpm.engine.rest.impl.JaxRsTwoNamedProcessEngineRestServiceImpl from Application class org.camunda.bpm.engine.rest.impl.application.DefaultApplication
10-Aug-2021 17:47:47.140 INFO [http-nio-8080-exec-18] org.jboss.resteasy.spi.ResteasyDeployment.processApplication RESTEASY002205: Adding provider class org.camunda.bpm.engine.rest.mapper.MultipartPayloadProvider from Application class org.camunda.bpm.engine.rest.impl.application.DefaultApplication
10-Aug-2021 17:47:47.141 INFO [http-nio-8080-exec-18] org.jboss.resteasy.spi.ResteasyDeployment.processApplication RESTEASY002205: Adding provider class org.camunda.bpm.engine.rest.hal.JacksonHalJsonProvider from Application class org.camunda.bpm.engine.rest.impl.application.DefaultApplication
10-Aug-2021 17:47:47.141 INFO [http-nio-8080-exec-18] org.jboss.resteasy.spi.ResteasyDeployment.processApplication RESTEASY002205: Adding provider class com.fasterxml.jackson.jaxrs.json.JacksonJsonProvider from Application class org.camunda.bpm.engine.rest.impl.application.DefaultApplication
10-Aug-2021 17:47:47.141 INFO [http-nio-8080-exec-18] org.jboss.resteasy.spi.ResteasyDeployment.processApplication RESTEASY002205: Adding provider class org.camunda.bpm.engine.rest.exception.RestExceptionHandler from Application class org.camunda.bpm.engine.rest.impl.application.DefaultApplication
10-Aug-2021 17:47:47.141 INFO [http-nio-8080-exec-18] org.jboss.resteasy.spi.ResteasyDeployment.processApplication RESTEASY002200: Adding class resource org.camunda.bpm.engine.rest.impl.JaxRsTwoDefaultProcessEngineRestServiceImpl from Application class org.camunda.bpm.engine.rest.impl.application.DefaultApplication
10-Aug-2021 17:47:47.141 INFO [http-nio-8080-exec-18] org.jboss.resteasy.spi.ResteasyDeployment.processApplication RESTEASY002205: Adding provider class org.camunda.bpm.engine.rest.exception.JsonMappingExceptionHandler from Application class org.camunda.bpm.engine.rest.impl.application.DefaultApplication
10-Aug-2021 17:47:47.141 INFO [http-nio-8080-exec-18] org.jboss.resteasy.spi.ResteasyDeployment.processApplication RESTEASY002205: Adding provider class org.camunda.bpm.engine.rest.exception.ExceptionHandler from Application class org.camunda.bpm.engine.rest.impl.application.DefaultApplication
10-Aug-2021 17:47:47.141 INFO [http-nio-8080-exec-18] org.jboss.resteasy.spi.ResteasyDeployment.processApplication RESTEASY002205: Adding provider class org.camunda.bpm.engine.rest.exception.ProcessEngineExceptionHandler from Application class org.camunda.bpm.engine.rest.impl.application.DefaultApplication
10-Aug-2021 18:36:08.481 INFO [http-nio-8080-exec-23] org.camunda.commons.logging.BaseLogger.logInfo ENGINE-27001 The user with id 'demo' is locked. The lock will expire at Tue Aug 10 18:36:11 IST 2021
