29-Jul-2021 11:35:19.520 SEVERE [main] org.apache.catalina.core.StandardContext.filterStart Exception starting filter [camunda-auth]
	java.lang.ClassNotFoundException: org.camunda.bpm.engine.rest.security.auth.ProcessEngineAuthenticationFilter
		at org.apache.catalina.loader.WebappClassLoaderBase.loadClass(WebappClassLoaderBase.java:1364)
		at org.apache.catalina.loader.WebappClassLoaderBase.loadClass(WebappClassLoaderBase.java:1187)
		at org.apache.catalina.core.DefaultInstanceManager.loadClass(DefaultInstanceManager.java:539)
		at org.apache.catalina.core.DefaultInstanceManager.loadClassMaybePrivileged(DefaultInstanceManager.java:520)
		at org.apache.catalina.core.DefaultInstanceManager.newInstance(DefaultInstanceManager.java:150)
		at org.apache.catalina.core.ApplicationFilterConfig.getFilter(ApplicationFilterConfig.java:249)
		at org.apache.catalina.core.ApplicationFilterConfig.<init>(ApplicationFilterConfig.java:102)
		at org.apache.catalina.core.StandardContext.filterStart(StandardContext.java:4566)
		at org.apache.catalina.core.StandardContext.startInternal(StandardContext.java:5203)
		at org.apache.catalina.util.LifecycleBase.start(LifecycleBase.java:183)
		at org.apache.catalina.core.ContainerBase.addChildInternal(ContainerBase.java:717)
		at org.apache.catalina.core.ContainerBase.addChild(ContainerBase.java:690)
		at org.apache.catalina.core.StandardHost.addChild(StandardHost.java:706)
		at org.apache.catalina.startup.HostConfig.deployDirectory(HostConfig.java:1093)
		at org.apache.catalina.startup.HostConfig$DeployDirectory.run(HostConfig.java:1810)
		at java.base/java.util.concurrent.Executors$RunnableAdapter.call(Executors.java:515)
		at java.base/java.util.concurrent.FutureTask.run(FutureTask.java:264)
		at org.apache.tomcat.util.threads.InlineExecutorService.execute(InlineExecutorService.java:75)
		at java.base/java.util.concurrent.AbstractExecutorService.submit(AbstractExecutorService.java:118)
		at org.apache.catalina.startup.HostConfig.deployDirectories(HostConfig.java:1013)
		at org.apache.catalina.startup.HostConfig.deployApps(HostConfig.java:428)
		at org.apache.catalina.startup.HostConfig.start(HostConfig.java:1520)
		at org.apache.catalina.startup.HostConfig.lifecycleEvent(HostConfig.java:309)
		at org.apache.catalina.util.LifecycleBase.fireLifecycleEvent(LifecycleBase.java:123)
		at org.apache.catalina.util.LifecycleBase.setStateInternal(LifecycleBase.java:423)
		at org.apache.catalina.util.LifecycleBase.setState(LifecycleBase.java:366)
		at org.apache.catalina.core.ContainerBase.startInternal(ContainerBase.java:936)
		at org.apache.catalina.core.StandardHost.startInternal(StandardHost.java:843)
		at org.apache.catalina.util.LifecycleBase.start(LifecycleBase.java:183)
		at org.apache.catalina.core.ContainerBase$StartChild.call(ContainerBase.java:1384)
		at org.apache.catalina.core.ContainerBase$StartChild.call(ContainerBase.java:1374)
		at java.base/java.util.concurrent.FutureTask.run(FutureTask.java:264)
		at org.apache.tomcat.util.threads.InlineExecutorService.execute(InlineExecutorService.java:75)
		at java.base/java.util.concurrent.AbstractExecutorService.submit(AbstractExecutorService.java:140)
		at org.apache.catalina.core.ContainerBase.startInternal(ContainerBase.java:909)
		at org.apache.catalina.core.StandardEngine.startInternal(StandardEngine.java:262)
		at org.apache.catalina.util.LifecycleBase.start(LifecycleBase.java:183)
		at org.apache.catalina.core.StandardService.startInternal(StandardService.java:434)
		at org.apache.catalina.util.LifecycleBase.start(LifecycleBase.java:183)
		at org.apache.catalina.core.StandardServer.startInternal(StandardServer.java:930)
		at org.apache.catalina.util.LifecycleBase.start(LifecycleBase.java:183)
		at org.apache.catalina.startup.Catalina.start(Catalina.java:772)
		at java.base/jdk.internal.reflect.NativeMethodAccessorImpl.invoke0(Native Method)
		at java.base/jdk.internal.reflect.NativeMethodAccessorImpl.invoke(NativeMethodAccessorImpl.java:62)
		at java.base/jdk.internal.reflect.DelegatingMethodAccessorImpl.invoke(DelegatingMethodAccessorImpl.java:43)
		at java.base/java.lang.reflect.Method.invoke(Method.java:566)
		at org.apache.catalina.startup.Bootstrap.start(Bootstrap.java:342)
		at org.apache.catalina.startup.Bootstrap.main(Bootstrap.java:473)
29-Jul-2021 11:35:26.492 SEVERE [main] org.apache.catalina.core.StandardContext.filterStart Exception starting filter [camunda-auth]
	java.lang.ClassNotFoundException: org.camunda.bpm.engine.rest.security.auth.ProcessEngineAuthenticationFilter
		at org.apache.catalina.loader.WebappClassLoaderBase.loadClass(WebappClassLoaderBase.java:1364)
		at org.apache.catalina.loader.WebappClassLoaderBase.loadClass(WebappClassLoaderBase.java:1187)
		at org.apache.catalina.core.DefaultInstanceManager.loadClass(DefaultInstanceManager.java:539)
		at org.apache.catalina.core.DefaultInstanceManager.loadClassMaybePrivileged(DefaultInstanceManager.java:520)
		at org.apache.catalina.core.DefaultInstanceManager.newInstance(DefaultInstanceManager.java:150)
		at org.apache.catalina.core.ApplicationFilterConfig.getFilter(ApplicationFilterConfig.java:249)
		at org.apache.catalina.core.ApplicationFilterConfig.<init>(ApplicationFilterConfig.java:102)
		at org.apache.catalina.core.StandardContext.filterStart(StandardContext.java:4566)
		at org.apache.catalina.core.StandardContext.startInternal(StandardContext.java:5203)
		at org.apache.catalina.util.LifecycleBase.start(LifecycleBase.java:183)
		at org.apache.catalina.core.ContainerBase.addChildInternal(ContainerBase.java:717)
		at org.apache.catalina.core.ContainerBase.addChild(ContainerBase.java:690)
		at org.apache.catalina.core.StandardHost.addChild(StandardHost.java:706)
		at org.apache.catalina.startup.HostConfig.deployDirectory(HostConfig.java:1093)
		at org.apache.catalina.startup.HostConfig$DeployDirectory.run(HostConfig.java:1810)
		at java.base/java.util.concurrent.Executors$RunnableAdapter.call(Executors.java:515)
		at java.base/java.util.concurrent.FutureTask.run(FutureTask.java:264)
		at org.apache.tomcat.util.threads.InlineExecutorService.execute(InlineExecutorService.java:75)
		at java.base/java.util.concurrent.AbstractExecutorService.submit(AbstractExecutorService.java:118)
		at org.apache.catalina.startup.HostConfig.deployDirectories(HostConfig.java:1013)
		at org.apache.catalina.startup.HostConfig.deployApps(HostConfig.java:428)
		at org.apache.catalina.startup.HostConfig.start(HostConfig.java:1520)
		at org.apache.catalina.startup.HostConfig.lifecycleEvent(HostConfig.java:309)
		at org.apache.catalina.util.LifecycleBase.fireLifecycleEvent(LifecycleBase.java:123)
		at org.apache.catalina.util.LifecycleBase.setStateInternal(LifecycleBase.java:423)
		at org.apache.catalina.util.LifecycleBase.setState(LifecycleBase.java:366)
		at org.apache.catalina.core.ContainerBase.startInternal(ContainerBase.java:936)
		at org.apache.catalina.core.StandardHost.startInternal(StandardHost.java:843)
		at org.apache.catalina.util.LifecycleBase.start(LifecycleBase.java:183)
		at org.apache.catalina.core.ContainerBase$StartChild.call(ContainerBase.java:1384)
		at org.apache.catalina.core.ContainerBase$StartChild.call(ContainerBase.java:1374)
		at java.base/java.util.concurrent.FutureTask.run(FutureTask.java:264)
		at org.apache.tomcat.util.threads.InlineExecutorService.execute(InlineExecutorService.java:75)
		at java.base/java.util.concurrent.AbstractExecutorService.submit(AbstractExecutorService.java:140)
		at org.apache.catalina.core.ContainerBase.startInternal(ContainerBase.java:909)
		at org.apache.catalina.core.StandardEngine.startInternal(StandardEngine.java:262)
		at org.apache.catalina.util.LifecycleBase.start(LifecycleBase.java:183)
		at org.apache.catalina.core.StandardService.startInternal(StandardService.java:434)
		at org.apache.catalina.util.LifecycleBase.start(LifecycleBase.java:183)
		at org.apache.catalina.core.StandardServer.startInternal(StandardServer.java:930)
		at org.apache.catalina.util.LifecycleBase.start(LifecycleBase.java:183)
		at org.apache.catalina.startup.Catalina.start(Catalina.java:772)
		at java.base/jdk.internal.reflect.NativeMethodAccessorImpl.invoke0(Native Method)
		at java.base/jdk.internal.reflect.NativeMethodAccessorImpl.invoke(NativeMethodAccessorImpl.java:62)
		at java.base/jdk.internal.reflect.DelegatingMethodAccessorImpl.invoke(DelegatingMethodAccessorImpl.java:43)
		at java.base/java.lang.reflect.Method.invoke(Method.java:566)
		at org.apache.catalina.startup.Bootstrap.start(Bootstrap.java:342)
		at org.apache.catalina.startup.Bootstrap.main(Bootstrap.java:473)
29-Jul-2021 11:35:27.841 SEVERE [main] org.apache.catalina.core.StandardContext.filterStart Exception starting filter [camunda-auth]
	java.lang.ClassNotFoundException: org.camunda.bpm.engine.rest.security.auth.ProcessEngineAuthenticationFilter
		at org.apache.catalina.loader.WebappClassLoaderBase.loadClass(WebappClassLoaderBase.java:1364)
		at org.apache.catalina.loader.WebappClassLoaderBase.loadClass(WebappClassLoaderBase.java:1187)
		at org.apache.catalina.core.DefaultInstanceManager.loadClass(DefaultInstanceManager.java:539)
		at org.apache.catalina.core.DefaultInstanceManager.loadClassMaybePrivileged(DefaultInstanceManager.java:520)
		at org.apache.catalina.core.DefaultInstanceManager.newInstance(DefaultInstanceManager.java:150)
		at org.apache.catalina.core.ApplicationFilterConfig.getFilter(ApplicationFilterConfig.java:249)
		at org.apache.catalina.core.ApplicationFilterConfig.<init>(ApplicationFilterConfig.java:102)
		at org.apache.catalina.core.StandardContext.filterStart(StandardContext.java:4566)
		at org.apache.catalina.core.StandardContext.startInternal(StandardContext.java:5203)
		at org.apache.catalina.util.LifecycleBase.start(LifecycleBase.java:183)
		at org.apache.catalina.core.ContainerBase.addChildInternal(ContainerBase.java:717)
		at org.apache.catalina.core.ContainerBase.addChild(ContainerBase.java:690)
		at org.apache.catalina.core.StandardHost.addChild(StandardHost.java:706)
		at org.apache.catalina.startup.HostConfig.deployDirectory(HostConfig.java:1093)
		at org.apache.catalina.startup.HostConfig$DeployDirectory.run(HostConfig.java:1810)
		at java.base/java.util.concurrent.Executors$RunnableAdapter.call(Executors.java:515)
		at java.base/java.util.concurrent.FutureTask.run(FutureTask.java:264)
		at org.apache.tomcat.util.threads.InlineExecutorService.execute(InlineExecutorService.java:75)
		at java.base/java.util.concurrent.AbstractExecutorService.submit(AbstractExecutorService.java:118)
		at org.apache.catalina.startup.HostConfig.deployDirectories(HostConfig.java:1013)
		at org.apache.catalina.startup.HostConfig.deployApps(HostConfig.java:428)
		at org.apache.catalina.startup.HostConfig.start(HostConfig.java:1520)
		at org.apache.catalina.startup.HostConfig.lifecycleEvent(HostConfig.java:309)
		at org.apache.catalina.util.LifecycleBase.fireLifecycleEvent(LifecycleBase.java:123)
		at org.apache.catalina.util.LifecycleBase.setStateInternal(LifecycleBase.java:423)
		at org.apache.catalina.util.LifecycleBase.setState(LifecycleBase.java:366)
		at org.apache.catalina.core.ContainerBase.startInternal(ContainerBase.java:936)
		at org.apache.catalina.core.StandardHost.startInternal(StandardHost.java:843)
		at org.apache.catalina.util.LifecycleBase.start(LifecycleBase.java:183)
		at org.apache.catalina.core.ContainerBase$StartChild.call(ContainerBase.java:1384)
		at org.apache.catalina.core.ContainerBase$StartChild.call(ContainerBase.java:1374)
		at java.base/java.util.concurrent.FutureTask.run(FutureTask.java:264)
		at org.apache.tomcat.util.threads.InlineExecutorService.execute(InlineExecutorService.java:75)
		at java.base/java.util.concurrent.AbstractExecutorService.submit(AbstractExecutorService.java:140)
		at org.apache.catalina.core.ContainerBase.startInternal(ContainerBase.java:909)
		at org.apache.catalina.core.StandardEngine.startInternal(StandardEngine.java:262)
		at org.apache.catalina.util.LifecycleBase.start(LifecycleBase.java:183)
		at org.apache.catalina.core.StandardService.startInternal(StandardService.java:434)
		at org.apache.catalina.util.LifecycleBase.start(LifecycleBase.java:183)
		at org.apache.catalina.core.StandardServer.startInternal(StandardServer.java:930)
		at org.apache.catalina.util.LifecycleBase.start(LifecycleBase.java:183)
		at org.apache.catalina.startup.Catalina.start(Catalina.java:772)
		at java.base/jdk.internal.reflect.NativeMethodAccessorImpl.invoke0(Native Method)
		at java.base/jdk.internal.reflect.NativeMethodAccessorImpl.invoke(NativeMethodAccessorImpl.java:62)
		at java.base/jdk.internal.reflect.DelegatingMethodAccessorImpl.invoke(DelegatingMethodAccessorImpl.java:43)
		at java.base/java.lang.reflect.Method.invoke(Method.java:566)
		at org.apache.catalina.startup.Bootstrap.start(Bootstrap.java:342)
		at org.apache.catalina.startup.Bootstrap.main(Bootstrap.java:473)
29-Jul-2021 11:35:29.140 SEVERE [main] org.apache.catalina.core.StandardContext.filterStart Exception starting filter [camunda-auth]
	java.lang.ClassNotFoundException: org.camunda.bpm.engine.rest.security.auth.ProcessEngineAuthenticationFilter
		at org.apache.catalina.loader.WebappClassLoaderBase.loadClass(WebappClassLoaderBase.java:1364)
		at org.apache.catalina.loader.WebappClassLoaderBase.loadClass(WebappClassLoaderBase.java:1187)
		at org.apache.catalina.core.DefaultInstanceManager.loadClass(DefaultInstanceManager.java:539)
		at org.apache.catalina.core.DefaultInstanceManager.loadClassMaybePrivileged(DefaultInstanceManager.java:520)
		at org.apache.catalina.core.DefaultInstanceManager.newInstance(DefaultInstanceManager.java:150)
		at org.apache.catalina.core.ApplicationFilterConfig.getFilter(ApplicationFilterConfig.java:249)
		at org.apache.catalina.core.ApplicationFilterConfig.<init>(ApplicationFilterConfig.java:102)
		at org.apache.catalina.core.StandardContext.filterStart(StandardContext.java:4566)
		at org.apache.catalina.core.StandardContext.startInternal(StandardContext.java:5203)
		at org.apache.catalina.util.LifecycleBase.start(LifecycleBase.java:183)
		at org.apache.catalina.core.ContainerBase.addChildInternal(ContainerBase.java:717)
		at org.apache.catalina.core.ContainerBase.addChild(ContainerBase.java:690)
		at org.apache.catalina.core.StandardHost.addChild(StandardHost.java:706)
		at org.apache.catalina.startup.HostConfig.deployDirectory(HostConfig.java:1093)
		at org.apache.catalina.startup.HostConfig$DeployDirectory.run(HostConfig.java:1810)
		at java.base/java.util.concurrent.Executors$RunnableAdapter.call(Executors.java:515)
		at java.base/java.util.concurrent.FutureTask.run(FutureTask.java:264)
		at org.apache.tomcat.util.threads.InlineExecutorService.execute(InlineExecutorService.java:75)
		at java.base/java.util.concurrent.AbstractExecutorService.submit(AbstractExecutorService.java:118)
		at org.apache.catalina.startup.HostConfig.deployDirectories(HostConfig.java:1013)
		at org.apache.catalina.startup.HostConfig.deployApps(HostConfig.java:428)
		at org.apache.catalina.startup.HostConfig.start(HostConfig.java:1520)
		at org.apache.catalina.startup.HostConfig.lifecycleEvent(HostConfig.java:309)
		at org.apache.catalina.util.LifecycleBase.fireLifecycleEvent(LifecycleBase.java:123)
		at org.apache.catalina.util.LifecycleBase.setStateInternal(LifecycleBase.java:423)
		at org.apache.catalina.util.LifecycleBase.setState(LifecycleBase.java:366)
		at org.apache.catalina.core.ContainerBase.startInternal(ContainerBase.java:936)
		at org.apache.catalina.core.StandardHost.startInternal(StandardHost.java:843)
		at org.apache.catalina.util.LifecycleBase.start(LifecycleBase.java:183)
		at org.apache.catalina.core.ContainerBase$StartChild.call(ContainerBase.java:1384)
		at org.apache.catalina.core.ContainerBase$StartChild.call(ContainerBase.java:1374)
		at java.base/java.util.concurrent.FutureTask.run(FutureTask.java:264)
		at org.apache.tomcat.util.threads.InlineExecutorService.execute(InlineExecutorService.java:75)
		at java.base/java.util.concurrent.AbstractExecutorService.submit(AbstractExecutorService.java:140)
		at org.apache.catalina.core.ContainerBase.startInternal(ContainerBase.java:909)
		at org.apache.catalina.core.StandardEngine.startInternal(StandardEngine.java:262)
		at org.apache.catalina.util.LifecycleBase.start(LifecycleBase.java:183)
		at org.apache.catalina.core.StandardService.startInternal(StandardService.java:434)
		at org.apache.catalina.util.LifecycleBase.start(LifecycleBase.java:183)
		at org.apache.catalina.core.StandardServer.startInternal(StandardServer.java:930)
		at org.apache.catalina.util.LifecycleBase.start(LifecycleBase.java:183)
		at org.apache.catalina.startup.Catalina.start(Catalina.java:772)
		at java.base/jdk.internal.reflect.NativeMethodAccessorImpl.invoke0(Native Method)
		at java.base/jdk.internal.reflect.NativeMethodAccessorImpl.invoke(NativeMethodAccessorImpl.java:62)
		at java.base/jdk.internal.reflect.DelegatingMethodAccessorImpl.invoke(DelegatingMethodAccessorImpl.java:43)
		at java.base/java.lang.reflect.Method.invoke(Method.java:566)
		at org.apache.catalina.startup.Bootstrap.start(Bootstrap.java:342)
		at org.apache.catalina.startup.Bootstrap.main(Bootstrap.java:473)
29-Jul-2021 11:35:30.445 SEVERE [main] org.apache.catalina.core.StandardContext.filterStart Exception starting filter [camunda-auth]
	java.lang.ClassNotFoundException: org.camunda.bpm.engine.rest.security.auth.ProcessEngineAuthenticationFilter
		at org.apache.catalina.loader.WebappClassLoaderBase.loadClass(WebappClassLoaderBase.java:1364)
		at org.apache.catalina.loader.WebappClassLoaderBase.loadClass(WebappClassLoaderBase.java:1187)
		at org.apache.catalina.core.DefaultInstanceManager.loadClass(DefaultInstanceManager.java:539)
		at org.apache.catalina.core.DefaultInstanceManager.loadClassMaybePrivileged(DefaultInstanceManager.java:520)
		at org.apache.catalina.core.DefaultInstanceManager.newInstance(DefaultInstanceManager.java:150)
		at org.apache.catalina.core.ApplicationFilterConfig.getFilter(ApplicationFilterConfig.java:249)
		at org.apache.catalina.core.ApplicationFilterConfig.<init>(ApplicationFilterConfig.java:102)
		at org.apache.catalina.core.StandardContext.filterStart(StandardContext.java:4566)
		at org.apache.catalina.core.StandardContext.startInternal(StandardContext.java:5203)
		at org.apache.catalina.util.LifecycleBase.start(LifecycleBase.java:183)
		at org.apache.catalina.core.ContainerBase.addChildInternal(ContainerBase.java:717)
		at org.apache.catalina.core.ContainerBase.addChild(ContainerBase.java:690)
		at org.apache.catalina.core.StandardHost.addChild(StandardHost.java:706)
		at org.apache.catalina.startup.HostConfig.deployDirectory(HostConfig.java:1093)
		at org.apache.catalina.startup.HostConfig$DeployDirectory.run(HostConfig.java:1810)
		at java.base/java.util.concurrent.Executors$RunnableAdapter.call(Executors.java:515)
		at java.base/java.util.concurrent.FutureTask.run(FutureTask.java:264)
		at org.apache.tomcat.util.threads.InlineExecutorService.execute(InlineExecutorService.java:75)
		at java.base/java.util.concurrent.AbstractExecutorService.submit(AbstractExecutorService.java:118)
		at org.apache.catalina.startup.HostConfig.deployDirectories(HostConfig.java:1013)
		at org.apache.catalina.startup.HostConfig.deployApps(HostConfig.java:428)
		at org.apache.catalina.startup.HostConfig.start(HostConfig.java:1520)
		at org.apache.catalina.startup.HostConfig.lifecycleEvent(HostConfig.java:309)
		at org.apache.catalina.util.LifecycleBase.fireLifecycleEvent(LifecycleBase.java:123)
		at org.apache.catalina.util.LifecycleBase.setStateInternal(LifecycleBase.java:423)
		at org.apache.catalina.util.LifecycleBase.setState(LifecycleBase.java:366)
		at org.apache.catalina.core.ContainerBase.startInternal(ContainerBase.java:936)
		at org.apache.catalina.core.StandardHost.startInternal(StandardHost.java:843)
		at org.apache.catalina.util.LifecycleBase.start(LifecycleBase.java:183)
		at org.apache.catalina.core.ContainerBase$StartChild.call(ContainerBase.java:1384)
		at org.apache.catalina.core.ContainerBase$StartChild.call(ContainerBase.java:1374)
		at java.base/java.util.concurrent.FutureTask.run(FutureTask.java:264)
		at org.apache.tomcat.util.threads.InlineExecutorService.execute(InlineExecutorService.java:75)
		at java.base/java.util.concurrent.AbstractExecutorService.submit(AbstractExecutorService.java:140)
		at org.apache.catalina.core.ContainerBase.startInternal(ContainerBase.java:909)
		at org.apache.catalina.core.StandardEngine.startInternal(StandardEngine.java:262)
		at org.apache.catalina.util.LifecycleBase.start(LifecycleBase.java:183)
		at org.apache.catalina.core.StandardService.startInternal(StandardService.java:434)
		at org.apache.catalina.util.LifecycleBase.start(LifecycleBase.java:183)
		at org.apache.catalina.core.StandardServer.startInternal(StandardServer.java:930)
		at org.apache.catalina.util.LifecycleBase.start(LifecycleBase.java:183)
		at org.apache.catalina.startup.Catalina.start(Catalina.java:772)
		at java.base/jdk.internal.reflect.NativeMethodAccessorImpl.invoke0(Native Method)
		at java.base/jdk.internal.reflect.NativeMethodAccessorImpl.invoke(NativeMethodAccessorImpl.java:62)
		at java.base/jdk.internal.reflect.DelegatingMethodAccessorImpl.invoke(DelegatingMethodAccessorImpl.java:43)
		at java.base/java.lang.reflect.Method.invoke(Method.java:566)
		at org.apache.catalina.startup.Bootstrap.start(Bootstrap.java:342)
		at org.apache.catalina.startup.Bootstrap.main(Bootstrap.java:473)
29-Jul-2021 11:35:33.637 INFO [main] org.apache.catalina.core.ApplicationContext.log ContextListener: contextInitialized()
29-Jul-2021 11:35:33.637 INFO [main] org.apache.catalina.core.ApplicationContext.log SessionListener: contextInitialized()
29-Jul-2021 11:35:33.638 INFO [main] org.apache.catalina.core.ApplicationContext.log ContextListener: attributeAdded('StockTicker', 'async.Stockticker@311cb11f')
29-Jul-2021 11:35:33.647 SEVERE [main] org.apache.catalina.core.StandardContext.filterStart Exception starting filter [camunda-auth]
	java.lang.ClassNotFoundException: org.camunda.bpm.engine.rest.security.auth.ProcessEngineAuthenticationFilter
		at org.apache.catalina.loader.WebappClassLoaderBase.loadClass(WebappClassLoaderBase.java:1364)
		at org.apache.catalina.loader.WebappClassLoaderBase.loadClass(WebappClassLoaderBase.java:1187)
		at org.apache.catalina.core.DefaultInstanceManager.loadClass(DefaultInstanceManager.java:539)
		at org.apache.catalina.core.DefaultInstanceManager.loadClassMaybePrivileged(DefaultInstanceManager.java:520)
		at org.apache.catalina.core.DefaultInstanceManager.newInstance(DefaultInstanceManager.java:150)
		at org.apache.catalina.core.ApplicationFilterConfig.getFilter(ApplicationFilterConfig.java:249)
		at org.apache.catalina.core.ApplicationFilterConfig.<init>(ApplicationFilterConfig.java:102)
		at org.apache.catalina.core.StandardContext.filterStart(StandardContext.java:4566)
		at org.apache.catalina.core.StandardContext.startInternal(StandardContext.java:5203)
		at org.apache.catalina.util.LifecycleBase.start(LifecycleBase.java:183)
		at org.apache.catalina.core.ContainerBase.addChildInternal(ContainerBase.java:717)
		at org.apache.catalina.core.ContainerBase.addChild(ContainerBase.java:690)
		at org.apache.catalina.core.StandardHost.addChild(StandardHost.java:706)
		at org.apache.catalina.startup.HostConfig.deployDirectory(HostConfig.java:1093)
		at org.apache.catalina.startup.HostConfig$DeployDirectory.run(HostConfig.java:1810)
		at java.base/java.util.concurrent.Executors$RunnableAdapter.call(Executors.java:515)
		at java.base/java.util.concurrent.FutureTask.run(FutureTask.java:264)
		at org.apache.tomcat.util.threads.InlineExecutorService.execute(InlineExecutorService.java:75)
		at java.base/java.util.concurrent.AbstractExecutorService.submit(AbstractExecutorService.java:118)
		at org.apache.catalina.startup.HostConfig.deployDirectories(HostConfig.java:1013)
		at org.apache.catalina.startup.HostConfig.deployApps(HostConfig.java:428)
		at org.apache.catalina.startup.HostConfig.start(HostConfig.java:1520)
		at org.apache.catalina.startup.HostConfig.lifecycleEvent(HostConfig.java:309)
		at org.apache.catalina.util.LifecycleBase.fireLifecycleEvent(LifecycleBase.java:123)
		at org.apache.catalina.util.LifecycleBase.setStateInternal(LifecycleBase.java:423)
		at org.apache.catalina.util.LifecycleBase.setState(LifecycleBase.java:366)
		at org.apache.catalina.core.ContainerBase.startInternal(ContainerBase.java:936)
		at org.apache.catalina.core.StandardHost.startInternal(StandardHost.java:843)
		at org.apache.catalina.util.LifecycleBase.start(LifecycleBase.java:183)
		at org.apache.catalina.core.ContainerBase$StartChild.call(ContainerBase.java:1384)
		at org.apache.catalina.core.ContainerBase$StartChild.call(ContainerBase.java:1374)
		at java.base/java.util.concurrent.FutureTask.run(FutureTask.java:264)
		at org.apache.tomcat.util.threads.InlineExecutorService.execute(InlineExecutorService.java:75)
		at java.base/java.util.concurrent.AbstractExecutorService.submit(AbstractExecutorService.java:140)
		at org.apache.catalina.core.ContainerBase.startInternal(ContainerBase.java:909)
		at org.apache.catalina.core.StandardEngine.startInternal(StandardEngine.java:262)
		at org.apache.catalina.util.LifecycleBase.start(LifecycleBase.java:183)
		at org.apache.catalina.core.StandardService.startInternal(StandardService.java:434)
		at org.apache.catalina.util.LifecycleBase.start(LifecycleBase.java:183)
		at org.apache.catalina.core.StandardServer.startInternal(StandardServer.java:930)
		at org.apache.catalina.util.LifecycleBase.start(LifecycleBase.java:183)
		at org.apache.catalina.startup.Catalina.start(Catalina.java:772)
		at java.base/jdk.internal.reflect.NativeMethodAccessorImpl.invoke0(Native Method)
		at java.base/jdk.internal.reflect.NativeMethodAccessorImpl.invoke(NativeMethodAccessorImpl.java:62)
		at java.base/jdk.internal.reflect.DelegatingMethodAccessorImpl.invoke(DelegatingMethodAccessorImpl.java:43)
		at java.base/java.lang.reflect.Method.invoke(Method.java:566)
		at org.apache.catalina.startup.Bootstrap.start(Bootstrap.java:342)
		at org.apache.catalina.startup.Bootstrap.main(Bootstrap.java:473)
29-Jul-2021 11:35:33.649 INFO [main] org.apache.catalina.core.ApplicationContext.log SessionListener: contextDestroyed()
29-Jul-2021 11:35:33.649 INFO [main] org.apache.catalina.core.ApplicationContext.log ContextListener: contextDestroyed()
29-Jul-2021 11:35:35.495 SEVERE [main] org.apache.catalina.core.StandardContext.filterStart Exception starting filter [camunda-auth]
	java.lang.ClassNotFoundException: org.camunda.bpm.engine.rest.security.auth.ProcessEngineAuthenticationFilter
		at org.apache.catalina.loader.WebappClassLoaderBase.loadClass(WebappClassLoaderBase.java:1364)
		at org.apache.catalina.loader.WebappClassLoaderBase.loadClass(WebappClassLoaderBase.java:1187)
		at org.apache.catalina.core.DefaultInstanceManager.loadClass(DefaultInstanceManager.java:539)
		at org.apache.catalina.core.DefaultInstanceManager.loadClassMaybePrivileged(DefaultInstanceManager.java:520)
		at org.apache.catalina.core.DefaultInstanceManager.newInstance(DefaultInstanceManager.java:150)
		at org.apache.catalina.core.ApplicationFilterConfig.getFilter(ApplicationFilterConfig.java:249)
		at org.apache.catalina.core.ApplicationFilterConfig.<init>(ApplicationFilterConfig.java:102)
		at org.apache.catalina.core.StandardContext.filterStart(StandardContext.java:4566)
		at org.apache.catalina.core.StandardContext.startInternal(StandardContext.java:5203)
		at org.apache.catalina.util.LifecycleBase.start(LifecycleBase.java:183)
		at org.apache.catalina.core.ContainerBase.addChildInternal(ContainerBase.java:717)
		at org.apache.catalina.core.ContainerBase.addChild(ContainerBase.java:690)
		at org.apache.catalina.core.StandardHost.addChild(StandardHost.java:706)
		at org.apache.catalina.startup.HostConfig.deployDirectory(HostConfig.java:1093)
		at org.apache.catalina.startup.HostConfig$DeployDirectory.run(HostConfig.java:1810)
		at java.base/java.util.concurrent.Executors$RunnableAdapter.call(Executors.java:515)
		at java.base/java.util.concurrent.FutureTask.run(FutureTask.java:264)
		at org.apache.tomcat.util.threads.InlineExecutorService.execute(InlineExecutorService.java:75)
		at java.base/java.util.concurrent.AbstractExecutorService.submit(AbstractExecutorService.java:118)
		at org.apache.catalina.startup.HostConfig.deployDirectories(HostConfig.java:1013)
		at org.apache.catalina.startup.HostConfig.deployApps(HostConfig.java:428)
		at org.apache.catalina.startup.HostConfig.start(HostConfig.java:1520)
		at org.apache.catalina.startup.HostConfig.lifecycleEvent(HostConfig.java:309)
		at org.apache.catalina.util.LifecycleBase.fireLifecycleEvent(LifecycleBase.java:123)
		at org.apache.catalina.util.LifecycleBase.setStateInternal(LifecycleBase.java:423)
		at org.apache.catalina.util.LifecycleBase.setState(LifecycleBase.java:366)
		at org.apache.catalina.core.ContainerBase.startInternal(ContainerBase.java:936)
		at org.apache.catalina.core.StandardHost.startInternal(StandardHost.java:843)
		at org.apache.catalina.util.LifecycleBase.start(LifecycleBase.java:183)
		at org.apache.catalina.core.ContainerBase$StartChild.call(ContainerBase.java:1384)
		at org.apache.catalina.core.ContainerBase$StartChild.call(ContainerBase.java:1374)
		at java.base/java.util.concurrent.FutureTask.run(FutureTask.java:264)
		at org.apache.tomcat.util.threads.InlineExecutorService.execute(InlineExecutorService.java:75)
		at java.base/java.util.concurrent.AbstractExecutorService.submit(AbstractExecutorService.java:140)
		at org.apache.catalina.core.ContainerBase.startInternal(ContainerBase.java:909)
		at org.apache.catalina.core.StandardEngine.startInternal(StandardEngine.java:262)
		at org.apache.catalina.util.LifecycleBase.start(LifecycleBase.java:183)
		at org.apache.catalina.core.StandardService.startInternal(StandardService.java:434)
		at org.apache.catalina.util.LifecycleBase.start(LifecycleBase.java:183)
		at org.apache.catalina.core.StandardServer.startInternal(StandardServer.java:930)
		at org.apache.catalina.util.LifecycleBase.start(LifecycleBase.java:183)
		at org.apache.catalina.startup.Catalina.start(Catalina.java:772)
		at java.base/jdk.internal.reflect.NativeMethodAccessorImpl.invoke0(Native Method)
		at java.base/jdk.internal.reflect.NativeMethodAccessorImpl.invoke(NativeMethodAccessorImpl.java:62)
		at java.base/jdk.internal.reflect.DelegatingMethodAccessorImpl.invoke(DelegatingMethodAccessorImpl.java:43)
		at java.base/java.lang.reflect.Method.invoke(Method.java:566)
		at org.apache.catalina.startup.Bootstrap.start(Bootstrap.java:342)
		at org.apache.catalina.startup.Bootstrap.main(Bootstrap.java:473)
29-Jul-2021 19:09:57.894 SEVERE [main] org.apache.catalina.core.StandardContext.filterStart Exception starting filter [camunda-auth]
	java.lang.ClassNotFoundException: org.camunda.bpm.engine.rest.security.auth.ProcessEngineAuthenticationFilter
		at org.apache.catalina.loader.WebappClassLoaderBase.loadClass(WebappClassLoaderBase.java:1364)
		at org.apache.catalina.loader.WebappClassLoaderBase.loadClass(WebappClassLoaderBase.java:1187)
		at org.apache.catalina.core.DefaultInstanceManager.loadClass(DefaultInstanceManager.java:539)
		at org.apache.catalina.core.DefaultInstanceManager.loadClassMaybePrivileged(DefaultInstanceManager.java:520)
		at org.apache.catalina.core.DefaultInstanceManager.newInstance(DefaultInstanceManager.java:150)
		at org.apache.catalina.core.ApplicationFilterConfig.getFilter(ApplicationFilterConfig.java:249)
		at org.apache.catalina.core.ApplicationFilterConfig.<init>(ApplicationFilterConfig.java:102)
		at org.apache.catalina.core.StandardContext.filterStart(StandardContext.java:4566)
		at org.apache.catalina.core.StandardContext.startInternal(StandardContext.java:5203)
		at org.apache.catalina.util.LifecycleBase.start(LifecycleBase.java:183)
		at org.apache.catalina.core.ContainerBase.addChildInternal(ContainerBase.java:717)
		at org.apache.catalina.core.ContainerBase.addChild(ContainerBase.java:690)
		at org.apache.catalina.core.StandardHost.addChild(StandardHost.java:706)
		at org.apache.catalina.startup.HostConfig.deployDirectory(HostConfig.java:1093)
		at org.apache.catalina.startup.HostConfig$DeployDirectory.run(HostConfig.java:1810)
		at java.base/java.util.concurrent.Executors$RunnableAdapter.call(Executors.java:515)
		at java.base/java.util.concurrent.FutureTask.run(FutureTask.java:264)
		at org.apache.tomcat.util.threads.InlineExecutorService.execute(InlineExecutorService.java:75)
		at java.base/java.util.concurrent.AbstractExecutorService.submit(AbstractExecutorService.java:118)
		at org.apache.catalina.startup.HostConfig.deployDirectories(HostConfig.java:1013)
		at org.apache.catalina.startup.HostConfig.deployApps(HostConfig.java:428)
		at org.apache.catalina.startup.HostConfig.start(HostConfig.java:1520)
		at org.apache.catalina.startup.HostConfig.lifecycleEvent(HostConfig.java:309)
		at org.apache.catalina.util.LifecycleBase.fireLifecycleEvent(LifecycleBase.java:123)
		at org.apache.catalina.util.LifecycleBase.setStateInternal(LifecycleBase.java:423)
		at org.apache.catalina.util.LifecycleBase.setState(LifecycleBase.java:366)
		at org.apache.catalina.core.ContainerBase.startInternal(ContainerBase.java:936)
		at org.apache.catalina.core.StandardHost.startInternal(StandardHost.java:843)
		at org.apache.catalina.util.LifecycleBase.start(LifecycleBase.java:183)
		at org.apache.catalina.core.ContainerBase$StartChild.call(ContainerBase.java:1384)
		at org.apache.catalina.core.ContainerBase$StartChild.call(ContainerBase.java:1374)
		at java.base/java.util.concurrent.FutureTask.run(FutureTask.java:264)
		at org.apache.tomcat.util.threads.InlineExecutorService.execute(InlineExecutorService.java:75)
		at java.base/java.util.concurrent.AbstractExecutorService.submit(AbstractExecutorService.java:140)
		at org.apache.catalina.core.ContainerBase.startInternal(ContainerBase.java:909)
		at org.apache.catalina.core.StandardEngine.startInternal(StandardEngine.java:262)
		at org.apache.catalina.util.LifecycleBase.start(LifecycleBase.java:183)
		at org.apache.catalina.core.StandardService.startInternal(StandardService.java:434)
		at org.apache.catalina.util.LifecycleBase.start(LifecycleBase.java:183)
		at org.apache.catalina.core.StandardServer.startInternal(StandardServer.java:930)
		at org.apache.catalina.util.LifecycleBase.start(LifecycleBase.java:183)
		at org.apache.catalina.startup.Catalina.start(Catalina.java:772)
		at java.base/jdk.internal.reflect.NativeMethodAccessorImpl.invoke0(Native Method)
		at java.base/jdk.internal.reflect.NativeMethodAccessorImpl.invoke(NativeMethodAccessorImpl.java:62)
		at java.base/jdk.internal.reflect.DelegatingMethodAccessorImpl.invoke(DelegatingMethodAccessorImpl.java:43)
		at java.base/java.lang.reflect.Method.invoke(Method.java:566)
		at org.apache.catalina.startup.Bootstrap.start(Bootstrap.java:342)
		at org.apache.catalina.startup.Bootstrap.main(Bootstrap.java:473)
29-Jul-2021 19:10:06.667 SEVERE [main] org.apache.catalina.core.StandardContext.filterStart Exception starting filter [camunda-auth]
	java.lang.ClassNotFoundException: org.camunda.bpm.engine.rest.security.auth.ProcessEngineAuthenticationFilter
		at org.apache.catalina.loader.WebappClassLoaderBase.loadClass(WebappClassLoaderBase.java:1364)
		at org.apache.catalina.loader.WebappClassLoaderBase.loadClass(WebappClassLoaderBase.java:1187)
		at org.apache.catalina.core.DefaultInstanceManager.loadClass(DefaultInstanceManager.java:539)
		at org.apache.catalina.core.DefaultInstanceManager.loadClassMaybePrivileged(DefaultInstanceManager.java:520)
		at org.apache.catalina.core.DefaultInstanceManager.newInstance(DefaultInstanceManager.java:150)
		at org.apache.catalina.core.ApplicationFilterConfig.getFilter(ApplicationFilterConfig.java:249)
		at org.apache.catalina.core.ApplicationFilterConfig.<init>(ApplicationFilterConfig.java:102)
		at org.apache.catalina.core.StandardContext.filterStart(StandardContext.java:4566)
		at org.apache.catalina.core.StandardContext.startInternal(StandardContext.java:5203)
		at org.apache.catalina.util.LifecycleBase.start(LifecycleBase.java:183)
		at org.apache.catalina.core.ContainerBase.addChildInternal(ContainerBase.java:717)
		at org.apache.catalina.core.ContainerBase.addChild(ContainerBase.java:690)
		at org.apache.catalina.core.StandardHost.addChild(StandardHost.java:706)
		at org.apache.catalina.startup.HostConfig.deployDirectory(HostConfig.java:1093)
		at org.apache.catalina.startup.HostConfig$DeployDirectory.run(HostConfig.java:1810)
		at java.base/java.util.concurrent.Executors$RunnableAdapter.call(Executors.java:515)
		at java.base/java.util.concurrent.FutureTask.run(FutureTask.java:264)
		at org.apache.tomcat.util.threads.InlineExecutorService.execute(InlineExecutorService.java:75)
		at java.base/java.util.concurrent.AbstractExecutorService.submit(AbstractExecutorService.java:118)
		at org.apache.catalina.startup.HostConfig.deployDirectories(HostConfig.java:1013)
		at org.apache.catalina.startup.HostConfig.deployApps(HostConfig.java:428)
		at org.apache.catalina.startup.HostConfig.start(HostConfig.java:1520)
		at org.apache.catalina.startup.HostConfig.lifecycleEvent(HostConfig.java:309)
		at org.apache.catalina.util.LifecycleBase.fireLifecycleEvent(LifecycleBase.java:123)
		at org.apache.catalina.util.LifecycleBase.setStateInternal(LifecycleBase.java:423)
		at org.apache.catalina.util.LifecycleBase.setState(LifecycleBase.java:366)
		at org.apache.catalina.core.ContainerBase.startInternal(ContainerBase.java:936)
		at org.apache.catalina.core.StandardHost.startInternal(StandardHost.java:843)
		at org.apache.catalina.util.LifecycleBase.start(LifecycleBase.java:183)
		at org.apache.catalina.core.ContainerBase$StartChild.call(ContainerBase.java:1384)
		at org.apache.catalina.core.ContainerBase$StartChild.call(ContainerBase.java:1374)
		at java.base/java.util.concurrent.FutureTask.run(FutureTask.java:264)
		at org.apache.tomcat.util.threads.InlineExecutorService.execute(InlineExecutorService.java:75)
		at java.base/java.util.concurrent.AbstractExecutorService.submit(AbstractExecutorService.java:140)
		at org.apache.catalina.core.ContainerBase.startInternal(ContainerBase.java:909)
		at org.apache.catalina.core.StandardEngine.startInternal(StandardEngine.java:262)
		at org.apache.catalina.util.LifecycleBase.start(LifecycleBase.java:183)
		at org.apache.catalina.core.StandardService.startInternal(StandardService.java:434)
		at org.apache.catalina.util.LifecycleBase.start(LifecycleBase.java:183)
		at org.apache.catalina.core.StandardServer.startInternal(StandardServer.java:930)
		at org.apache.catalina.util.LifecycleBase.start(LifecycleBase.java:183)
		at org.apache.catalina.startup.Catalina.start(Catalina.java:772)
		at java.base/jdk.internal.reflect.NativeMethodAccessorImpl.invoke0(Native Method)
		at java.base/jdk.internal.reflect.NativeMethodAccessorImpl.invoke(NativeMethodAccessorImpl.java:62)
		at java.base/jdk.internal.reflect.DelegatingMethodAccessorImpl.invoke(DelegatingMethodAccessorImpl.java:43)
		at java.base/java.lang.reflect.Method.invoke(Method.java:566)
		at org.apache.catalina.startup.Bootstrap.start(Bootstrap.java:342)
		at org.apache.catalina.startup.Bootstrap.main(Bootstrap.java:473)
29-Jul-2021 19:10:08.292 SEVERE [main] org.apache.catalina.core.StandardContext.filterStart Exception starting filter [camunda-auth]
	java.lang.ClassNotFoundException: org.camunda.bpm.engine.rest.security.auth.ProcessEngineAuthenticationFilter
		at org.apache.catalina.loader.WebappClassLoaderBase.loadClass(WebappClassLoaderBase.java:1364)
		at org.apache.catalina.loader.WebappClassLoaderBase.loadClass(WebappClassLoaderBase.java:1187)
		at org.apache.catalina.core.DefaultInstanceManager.loadClass(DefaultInstanceManager.java:539)
		at org.apache.catalina.core.DefaultInstanceManager.loadClassMaybePrivileged(DefaultInstanceManager.java:520)
		at org.apache.catalina.core.DefaultInstanceManager.newInstance(DefaultInstanceManager.java:150)
		at org.apache.catalina.core.ApplicationFilterConfig.getFilter(ApplicationFilterConfig.java:249)
		at org.apache.catalina.core.ApplicationFilterConfig.<init>(ApplicationFilterConfig.java:102)
		at org.apache.catalina.core.StandardContext.filterStart(StandardContext.java:4566)
		at org.apache.catalina.core.StandardContext.startInternal(StandardContext.java:5203)
		at org.apache.catalina.util.LifecycleBase.start(LifecycleBase.java:183)
		at org.apache.catalina.core.ContainerBase.addChildInternal(ContainerBase.java:717)
		at org.apache.catalina.core.ContainerBase.addChild(ContainerBase.java:690)
		at org.apache.catalina.core.StandardHost.addChild(StandardHost.java:706)
		at org.apache.catalina.startup.HostConfig.deployDirectory(HostConfig.java:1093)
		at org.apache.catalina.startup.HostConfig$DeployDirectory.run(HostConfig.java:1810)
		at java.base/java.util.concurrent.Executors$RunnableAdapter.call(Executors.java:515)
		at java.base/java.util.concurrent.FutureTask.run(FutureTask.java:264)
		at org.apache.tomcat.util.threads.InlineExecutorService.execute(InlineExecutorService.java:75)
		at java.base/java.util.concurrent.AbstractExecutorService.submit(AbstractExecutorService.java:118)
		at org.apache.catalina.startup.HostConfig.deployDirectories(HostConfig.java:1013)
		at org.apache.catalina.startup.HostConfig.deployApps(HostConfig.java:428)
		at org.apache.catalina.startup.HostConfig.start(HostConfig.java:1520)
		at org.apache.catalina.startup.HostConfig.lifecycleEvent(HostConfig.java:309)
		at org.apache.catalina.util.LifecycleBase.fireLifecycleEvent(LifecycleBase.java:123)
		at org.apache.catalina.util.LifecycleBase.setStateInternal(LifecycleBase.java:423)
		at org.apache.catalina.util.LifecycleBase.setState(LifecycleBase.java:366)
		at org.apache.catalina.core.ContainerBase.startInternal(ContainerBase.java:936)
		at org.apache.catalina.core.StandardHost.startInternal(StandardHost.java:843)
		at org.apache.catalina.util.LifecycleBase.start(LifecycleBase.java:183)
		at org.apache.catalina.core.ContainerBase$StartChild.call(ContainerBase.java:1384)
		at org.apache.catalina.core.ContainerBase$StartChild.call(ContainerBase.java:1374)
		at java.base/java.util.concurrent.FutureTask.run(FutureTask.java:264)
		at org.apache.tomcat.util.threads.InlineExecutorService.execute(InlineExecutorService.java:75)
		at java.base/java.util.concurrent.AbstractExecutorService.submit(AbstractExecutorService.java:140)
		at org.apache.catalina.core.ContainerBase.startInternal(ContainerBase.java:909)
		at org.apache.catalina.core.StandardEngine.startInternal(StandardEngine.java:262)
		at org.apache.catalina.util.LifecycleBase.start(LifecycleBase.java:183)
		at org.apache.catalina.core.StandardService.startInternal(StandardService.java:434)
		at org.apache.catalina.util.LifecycleBase.start(LifecycleBase.java:183)
		at org.apache.catalina.core.StandardServer.startInternal(StandardServer.java:930)
		at org.apache.catalina.util.LifecycleBase.start(LifecycleBase.java:183)
		at org.apache.catalina.startup.Catalina.start(Catalina.java:772)
		at java.base/jdk.internal.reflect.NativeMethodAccessorImpl.invoke0(Native Method)
		at java.base/jdk.internal.reflect.NativeMethodAccessorImpl.invoke(NativeMethodAccessorImpl.java:62)
		at java.base/jdk.internal.reflect.DelegatingMethodAccessorImpl.invoke(DelegatingMethodAccessorImpl.java:43)
		at java.base/java.lang.reflect.Method.invoke(Method.java:566)
		at org.apache.catalina.startup.Bootstrap.start(Bootstrap.java:342)
		at org.apache.catalina.startup.Bootstrap.main(Bootstrap.java:473)
29-Jul-2021 19:10:09.733 SEVERE [main] org.apache.catalina.core.StandardContext.filterStart Exception starting filter [camunda-auth]
	java.lang.ClassNotFoundException: org.camunda.bpm.engine.rest.security.auth.ProcessEngineAuthenticationFilter
		at org.apache.catalina.loader.WebappClassLoaderBase.loadClass(WebappClassLoaderBase.java:1364)
		at org.apache.catalina.loader.WebappClassLoaderBase.loadClass(WebappClassLoaderBase.java:1187)
		at org.apache.catalina.core.DefaultInstanceManager.loadClass(DefaultInstanceManager.java:539)
		at org.apache.catalina.core.DefaultInstanceManager.loadClassMaybePrivileged(DefaultInstanceManager.java:520)
		at org.apache.catalina.core.DefaultInstanceManager.newInstance(DefaultInstanceManager.java:150)
		at org.apache.catalina.core.ApplicationFilterConfig.getFilter(ApplicationFilterConfig.java:249)
		at org.apache.catalina.core.ApplicationFilterConfig.<init>(ApplicationFilterConfig.java:102)
		at org.apache.catalina.core.StandardContext.filterStart(StandardContext.java:4566)
		at org.apache.catalina.core.StandardContext.startInternal(StandardContext.java:5203)
		at org.apache.catalina.util.LifecycleBase.start(LifecycleBase.java:183)
		at org.apache.catalina.core.ContainerBase.addChildInternal(ContainerBase.java:717)
		at org.apache.catalina.core.ContainerBase.addChild(ContainerBase.java:690)
		at org.apache.catalina.core.StandardHost.addChild(StandardHost.java:706)
		at org.apache.catalina.startup.HostConfig.deployDirectory(HostConfig.java:1093)
		at org.apache.catalina.startup.HostConfig$DeployDirectory.run(HostConfig.java:1810)
		at java.base/java.util.concurrent.Executors$RunnableAdapter.call(Executors.java:515)
		at java.base/java.util.concurrent.FutureTask.run(FutureTask.java:264)
		at org.apache.tomcat.util.threads.InlineExecutorService.execute(InlineExecutorService.java:75)
		at java.base/java.util.concurrent.AbstractExecutorService.submit(AbstractExecutorService.java:118)
		at org.apache.catalina.startup.HostConfig.deployDirectories(HostConfig.java:1013)
		at org.apache.catalina.startup.HostConfig.deployApps(HostConfig.java:428)
		at org.apache.catalina.startup.HostConfig.start(HostConfig.java:1520)
		at org.apache.catalina.startup.HostConfig.lifecycleEvent(HostConfig.java:309)
		at org.apache.catalina.util.LifecycleBase.fireLifecycleEvent(LifecycleBase.java:123)
		at org.apache.catalina.util.LifecycleBase.setStateInternal(LifecycleBase.java:423)
		at org.apache.catalina.util.LifecycleBase.setState(LifecycleBase.java:366)
		at org.apache.catalina.core.ContainerBase.startInternal(ContainerBase.java:936)
		at org.apache.catalina.core.StandardHost.startInternal(StandardHost.java:843)
		at org.apache.catalina.util.LifecycleBase.start(LifecycleBase.java:183)
		at org.apache.catalina.core.ContainerBase$StartChild.call(ContainerBase.java:1384)
		at org.apache.catalina.core.ContainerBase$StartChild.call(ContainerBase.java:1374)
		at java.base/java.util.concurrent.FutureTask.run(FutureTask.java:264)
		at org.apache.tomcat.util.threads.InlineExecutorService.execute(InlineExecutorService.java:75)
		at java.base/java.util.concurrent.AbstractExecutorService.submit(AbstractExecutorService.java:140)
		at org.apache.catalina.core.ContainerBase.startInternal(ContainerBase.java:909)
		at org.apache.catalina.core.StandardEngine.startInternal(StandardEngine.java:262)
		at org.apache.catalina.util.LifecycleBase.start(LifecycleBase.java:183)
		at org.apache.catalina.core.StandardService.startInternal(StandardService.java:434)
		at org.apache.catalina.util.LifecycleBase.start(LifecycleBase.java:183)
		at org.apache.catalina.core.StandardServer.startInternal(StandardServer.java:930)
		at org.apache.catalina.util.LifecycleBase.start(LifecycleBase.java:183)
		at org.apache.catalina.startup.Catalina.start(Catalina.java:772)
		at java.base/jdk.internal.reflect.NativeMethodAccessorImpl.invoke0(Native Method)
		at java.base/jdk.internal.reflect.NativeMethodAccessorImpl.invoke(NativeMethodAccessorImpl.java:62)
		at java.base/jdk.internal.reflect.DelegatingMethodAccessorImpl.invoke(DelegatingMethodAccessorImpl.java:43)
		at java.base/java.lang.reflect.Method.invoke(Method.java:566)
		at org.apache.catalina.startup.Bootstrap.start(Bootstrap.java:342)
		at org.apache.catalina.startup.Bootstrap.main(Bootstrap.java:473)
29-Jul-2021 19:10:11.158 SEVERE [main] org.apache.catalina.core.StandardContext.filterStart Exception starting filter [camunda-auth]
	java.lang.ClassNotFoundException: org.camunda.bpm.engine.rest.security.auth.ProcessEngineAuthenticationFilter
		at org.apache.catalina.loader.WebappClassLoaderBase.loadClass(WebappClassLoaderBase.java:1364)
		at org.apache.catalina.loader.WebappClassLoaderBase.loadClass(WebappClassLoaderBase.java:1187)
		at org.apache.catalina.core.DefaultInstanceManager.loadClass(DefaultInstanceManager.java:539)
		at org.apache.catalina.core.DefaultInstanceManager.loadClassMaybePrivileged(DefaultInstanceManager.java:520)
		at org.apache.catalina.core.DefaultInstanceManager.newInstance(DefaultInstanceManager.java:150)
		at org.apache.catalina.core.ApplicationFilterConfig.getFilter(ApplicationFilterConfig.java:249)
		at org.apache.catalina.core.ApplicationFilterConfig.<init>(ApplicationFilterConfig.java:102)
		at org.apache.catalina.core.StandardContext.filterStart(StandardContext.java:4566)
		at org.apache.catalina.core.StandardContext.startInternal(StandardContext.java:5203)
		at org.apache.catalina.util.LifecycleBase.start(LifecycleBase.java:183)
		at org.apache.catalina.core.ContainerBase.addChildInternal(ContainerBase.java:717)
		at org.apache.catalina.core.ContainerBase.addChild(ContainerBase.java:690)
		at org.apache.catalina.core.StandardHost.addChild(StandardHost.java:706)
		at org.apache.catalina.startup.HostConfig.deployDirectory(HostConfig.java:1093)
		at org.apache.catalina.startup.HostConfig$DeployDirectory.run(HostConfig.java:1810)
		at java.base/java.util.concurrent.Executors$RunnableAdapter.call(Executors.java:515)
		at java.base/java.util.concurrent.FutureTask.run(FutureTask.java:264)
		at org.apache.tomcat.util.threads.InlineExecutorService.execute(InlineExecutorService.java:75)
		at java.base/java.util.concurrent.AbstractExecutorService.submit(AbstractExecutorService.java:118)
		at org.apache.catalina.startup.HostConfig.deployDirectories(HostConfig.java:1013)
		at org.apache.catalina.startup.HostConfig.deployApps(HostConfig.java:428)
		at org.apache.catalina.startup.HostConfig.start(HostConfig.java:1520)
		at org.apache.catalina.startup.HostConfig.lifecycleEvent(HostConfig.java:309)
		at org.apache.catalina.util.LifecycleBase.fireLifecycleEvent(LifecycleBase.java:123)
		at org.apache.catalina.util.LifecycleBase.setStateInternal(LifecycleBase.java:423)
		at org.apache.catalina.util.LifecycleBase.setState(LifecycleBase.java:366)
		at org.apache.catalina.core.ContainerBase.startInternal(ContainerBase.java:936)
		at org.apache.catalina.core.StandardHost.startInternal(StandardHost.java:843)
		at org.apache.catalina.util.LifecycleBase.start(LifecycleBase.java:183)
		at org.apache.catalina.core.ContainerBase$StartChild.call(ContainerBase.java:1384)
		at org.apache.catalina.core.ContainerBase$StartChild.call(ContainerBase.java:1374)
		at java.base/java.util.concurrent.FutureTask.run(FutureTask.java:264)
		at org.apache.tomcat.util.threads.InlineExecutorService.execute(InlineExecutorService.java:75)
		at java.base/java.util.concurrent.AbstractExecutorService.submit(AbstractExecutorService.java:140)
		at org.apache.catalina.core.ContainerBase.startInternal(ContainerBase.java:909)
		at org.apache.catalina.core.StandardEngine.startInternal(StandardEngine.java:262)
		at org.apache.catalina.util.LifecycleBase.start(LifecycleBase.java:183)
		at org.apache.catalina.core.StandardService.startInternal(StandardService.java:434)
		at org.apache.catalina.util.LifecycleBase.start(LifecycleBase.java:183)
		at org.apache.catalina.core.StandardServer.startInternal(StandardServer.java:930)
		at org.apache.catalina.util.LifecycleBase.start(LifecycleBase.java:183)
		at org.apache.catalina.startup.Catalina.start(Catalina.java:772)
		at java.base/jdk.internal.reflect.NativeMethodAccessorImpl.invoke0(Native Method)
		at java.base/jdk.internal.reflect.NativeMethodAccessorImpl.invoke(NativeMethodAccessorImpl.java:62)
		at java.base/jdk.internal.reflect.DelegatingMethodAccessorImpl.invoke(DelegatingMethodAccessorImpl.java:43)
		at java.base/java.lang.reflect.Method.invoke(Method.java:566)
		at org.apache.catalina.startup.Bootstrap.start(Bootstrap.java:342)
		at org.apache.catalina.startup.Bootstrap.main(Bootstrap.java:473)
29-Jul-2021 19:10:14.723 INFO [main] org.apache.catalina.core.ApplicationContext.log ContextListener: contextInitialized()
29-Jul-2021 19:10:14.723 INFO [main] org.apache.catalina.core.ApplicationContext.log SessionListener: contextInitialized()
29-Jul-2021 19:10:14.724 INFO [main] org.apache.catalina.core.ApplicationContext.log ContextListener: attributeAdded('StockTicker', 'async.Stockticker@119b6343')
29-Jul-2021 19:10:14.760 SEVERE [main] org.apache.catalina.core.StandardContext.filterStart Exception starting filter [camunda-auth]
	java.lang.ClassNotFoundException: org.camunda.bpm.engine.rest.security.auth.ProcessEngineAuthenticationFilter
		at org.apache.catalina.loader.WebappClassLoaderBase.loadClass(WebappClassLoaderBase.java:1364)
		at org.apache.catalina.loader.WebappClassLoaderBase.loadClass(WebappClassLoaderBase.java:1187)
		at org.apache.catalina.core.DefaultInstanceManager.loadClass(DefaultInstanceManager.java:539)
		at org.apache.catalina.core.DefaultInstanceManager.loadClassMaybePrivileged(DefaultInstanceManager.java:520)
		at org.apache.catalina.core.DefaultInstanceManager.newInstance(DefaultInstanceManager.java:150)
		at org.apache.catalina.core.ApplicationFilterConfig.getFilter(ApplicationFilterConfig.java:249)
		at org.apache.catalina.core.ApplicationFilterConfig.<init>(ApplicationFilterConfig.java:102)
		at org.apache.catalina.core.StandardContext.filterStart(StandardContext.java:4566)
		at org.apache.catalina.core.StandardContext.startInternal(StandardContext.java:5203)
		at org.apache.catalina.util.LifecycleBase.start(LifecycleBase.java:183)
		at org.apache.catalina.core.ContainerBase.addChildInternal(ContainerBase.java:717)
		at org.apache.catalina.core.ContainerBase.addChild(ContainerBase.java:690)
		at org.apache.catalina.core.StandardHost.addChild(StandardHost.java:706)
		at org.apache.catalina.startup.HostConfig.deployDirectory(HostConfig.java:1093)
		at org.apache.catalina.startup.HostConfig$DeployDirectory.run(HostConfig.java:1810)
		at java.base/java.util.concurrent.Executors$RunnableAdapter.call(Executors.java:515)
		at java.base/java.util.concurrent.FutureTask.run(FutureTask.java:264)
		at org.apache.tomcat.util.threads.InlineExecutorService.execute(InlineExecutorService.java:75)
		at java.base/java.util.concurrent.AbstractExecutorService.submit(AbstractExecutorService.java:118)
		at org.apache.catalina.startup.HostConfig.deployDirectories(HostConfig.java:1013)
		at org.apache.catalina.startup.HostConfig.deployApps(HostConfig.java:428)
		at org.apache.catalina.startup.HostConfig.start(HostConfig.java:1520)
		at org.apache.catalina.startup.HostConfig.lifecycleEvent(HostConfig.java:309)
		at org.apache.catalina.util.LifecycleBase.fireLifecycleEvent(LifecycleBase.java:123)
		at org.apache.catalina.util.LifecycleBase.setStateInternal(LifecycleBase.java:423)
		at org.apache.catalina.util.LifecycleBase.setState(LifecycleBase.java:366)
		at org.apache.catalina.core.ContainerBase.startInternal(ContainerBase.java:936)
		at org.apache.catalina.core.StandardHost.startInternal(StandardHost.java:843)
		at org.apache.catalina.util.LifecycleBase.start(LifecycleBase.java:183)
		at org.apache.catalina.core.ContainerBase$StartChild.call(ContainerBase.java:1384)
		at org.apache.catalina.core.ContainerBase$StartChild.call(ContainerBase.java:1374)
		at java.base/java.util.concurrent.FutureTask.run(FutureTask.java:264)
		at org.apache.tomcat.util.threads.InlineExecutorService.execute(InlineExecutorService.java:75)
		at java.base/java.util.concurrent.AbstractExecutorService.submit(AbstractExecutorService.java:140)
		at org.apache.catalina.core.ContainerBase.startInternal(ContainerBase.java:909)
		at org.apache.catalina.core.StandardEngine.startInternal(StandardEngine.java:262)
		at org.apache.catalina.util.LifecycleBase.start(LifecycleBase.java:183)
		at org.apache.catalina.core.StandardService.startInternal(StandardService.java:434)
		at org.apache.catalina.util.LifecycleBase.start(LifecycleBase.java:183)
		at org.apache.catalina.core.StandardServer.startInternal(StandardServer.java:930)
		at org.apache.catalina.util.LifecycleBase.start(LifecycleBase.java:183)
		at org.apache.catalina.startup.Catalina.start(Catalina.java:772)
		at java.base/jdk.internal.reflect.NativeMethodAccessorImpl.invoke0(Native Method)
		at java.base/jdk.internal.reflect.NativeMethodAccessorImpl.invoke(NativeMethodAccessorImpl.java:62)
		at java.base/jdk.internal.reflect.DelegatingMethodAccessorImpl.invoke(DelegatingMethodAccessorImpl.java:43)
		at java.base/java.lang.reflect.Method.invoke(Method.java:566)
		at org.apache.catalina.startup.Bootstrap.start(Bootstrap.java:342)
		at org.apache.catalina.startup.Bootstrap.main(Bootstrap.java:473)
29-Jul-2021 19:10:14.764 INFO [main] org.apache.catalina.core.ApplicationContext.log SessionListener: contextDestroyed()
29-Jul-2021 19:10:14.764 INFO [main] org.apache.catalina.core.ApplicationContext.log ContextListener: contextDestroyed()
29-Jul-2021 19:10:17.299 SEVERE [main] org.apache.catalina.core.StandardContext.filterStart Exception starting filter [camunda-auth]
	java.lang.ClassNotFoundException: org.camunda.bpm.engine.rest.security.auth.ProcessEngineAuthenticationFilter
		at org.apache.catalina.loader.WebappClassLoaderBase.loadClass(WebappClassLoaderBase.java:1364)
		at org.apache.catalina.loader.WebappClassLoaderBase.loadClass(WebappClassLoaderBase.java:1187)
		at org.apache.catalina.core.DefaultInstanceManager.loadClass(DefaultInstanceManager.java:539)
		at org.apache.catalina.core.DefaultInstanceManager.loadClassMaybePrivileged(DefaultInstanceManager.java:520)
		at org.apache.catalina.core.DefaultInstanceManager.newInstance(DefaultInstanceManager.java:150)
		at org.apache.catalina.core.ApplicationFilterConfig.getFilter(ApplicationFilterConfig.java:249)
		at org.apache.catalina.core.ApplicationFilterConfig.<init>(ApplicationFilterConfig.java:102)
		at org.apache.catalina.core.StandardContext.filterStart(StandardContext.java:4566)
		at org.apache.catalina.core.StandardContext.startInternal(StandardContext.java:5203)
		at org.apache.catalina.util.LifecycleBase.start(LifecycleBase.java:183)
		at org.apache.catalina.core.ContainerBase.addChildInternal(ContainerBase.java:717)
		at org.apache.catalina.core.ContainerBase.addChild(ContainerBase.java:690)
		at org.apache.catalina.core.StandardHost.addChild(StandardHost.java:706)
		at org.apache.catalina.startup.HostConfig.deployDirectory(HostConfig.java:1093)
		at org.apache.catalina.startup.HostConfig$DeployDirectory.run(HostConfig.java:1810)
		at java.base/java.util.concurrent.Executors$RunnableAdapter.call(Executors.java:515)
		at java.base/java.util.concurrent.FutureTask.run(FutureTask.java:264)
		at org.apache.tomcat.util.threads.InlineExecutorService.execute(InlineExecutorService.java:75)
		at java.base/java.util.concurrent.AbstractExecutorService.submit(AbstractExecutorService.java:118)
		at org.apache.catalina.startup.HostConfig.deployDirectories(HostConfig.java:1013)
		at org.apache.catalina.startup.HostConfig.deployApps(HostConfig.java:428)
		at org.apache.catalina.startup.HostConfig.start(HostConfig.java:1520)
		at org.apache.catalina.startup.HostConfig.lifecycleEvent(HostConfig.java:309)
		at org.apache.catalina.util.LifecycleBase.fireLifecycleEvent(LifecycleBase.java:123)
		at org.apache.catalina.util.LifecycleBase.setStateInternal(LifecycleBase.java:423)
		at org.apache.catalina.util.LifecycleBase.setState(LifecycleBase.java:366)
		at org.apache.catalina.core.ContainerBase.startInternal(ContainerBase.java:936)
		at org.apache.catalina.core.StandardHost.startInternal(StandardHost.java:843)
		at org.apache.catalina.util.LifecycleBase.start(LifecycleBase.java:183)
		at org.apache.catalina.core.ContainerBase$StartChild.call(ContainerBase.java:1384)
		at org.apache.catalina.core.ContainerBase$StartChild.call(ContainerBase.java:1374)
		at java.base/java.util.concurrent.FutureTask.run(FutureTask.java:264)
		at org.apache.tomcat.util.threads.InlineExecutorService.execute(InlineExecutorService.java:75)
		at java.base/java.util.concurrent.AbstractExecutorService.submit(AbstractExecutorService.java:140)
		at org.apache.catalina.core.ContainerBase.startInternal(ContainerBase.java:909)
		at org.apache.catalina.core.StandardEngine.startInternal(StandardEngine.java:262)
		at org.apache.catalina.util.LifecycleBase.start(LifecycleBase.java:183)
		at org.apache.catalina.core.StandardService.startInternal(StandardService.java:434)
		at org.apache.catalina.util.LifecycleBase.start(LifecycleBase.java:183)
		at org.apache.catalina.core.StandardServer.startInternal(StandardServer.java:930)
		at org.apache.catalina.util.LifecycleBase.start(LifecycleBase.java:183)
		at org.apache.catalina.startup.Catalina.start(Catalina.java:772)
		at java.base/jdk.internal.reflect.NativeMethodAccessorImpl.invoke0(Native Method)
		at java.base/jdk.internal.reflect.NativeMethodAccessorImpl.invoke(NativeMethodAccessorImpl.java:62)
		at java.base/jdk.internal.reflect.DelegatingMethodAccessorImpl.invoke(DelegatingMethodAccessorImpl.java:43)
		at java.base/java.lang.reflect.Method.invoke(Method.java:566)
		at org.apache.catalina.startup.Bootstrap.start(Bootstrap.java:342)
		at org.apache.catalina.startup.Bootstrap.main(Bootstrap.java:473)
