06-Aug-2021 11:01:39.211 INFO [main] org.apache.catalina.core.ApplicationContext.log ContextListener: contextInitialized()
06-Aug-2021 11:01:39.211 INFO [main] org.apache.catalina.core.ApplicationContext.log SessionListener: contextInitialized()
06-Aug-2021 11:01:39.212 INFO [main] org.apache.catalina.core.ApplicationContext.log ContextListener: attributeAdded('StockTicker', 'async.Stockticker@620ba52c')
06-Aug-2021 11:06:39.148 INFO [main] org.apache.catalina.core.ApplicationContext.log SessionListener: contextDestroyed()
06-Aug-2021 11:06:39.148 INFO [main] org.apache.catalina.core.ApplicationContext.log ContextListener: contextDestroyed()
06-Aug-2021 11:07:01.571 INFO [main] org.apache.catalina.core.ApplicationContext.log ContextListener: contextInitialized()
06-Aug-2021 11:07:01.572 INFO [main] org.apache.catalina.core.ApplicationContext.log SessionListener: contextInitialized()
06-Aug-2021 11:07:01.572 INFO [main] org.apache.catalina.core.ApplicationContext.log ContextListener: attributeAdded('StockTicker', 'async.Stockticker@71e527ea')
06-Aug-2021 11:32:54.914 INFO [main] org.apache.catalina.core.ApplicationContext.log SessionListener: contextDestroyed()
06-Aug-2021 11:32:54.914 INFO [main] org.apache.catalina.core.ApplicationContext.log ContextListener: contextDestroyed()
06-Aug-2021 11:33:16.290 INFO [main] org.apache.catalina.core.ApplicationContext.log ContextListener: contextInitialized()
06-Aug-2021 11:33:16.290 INFO [main] org.apache.catalina.core.ApplicationContext.log SessionListener: contextInitialized()
06-Aug-2021 11:33:16.290 INFO [main] org.apache.catalina.core.ApplicationContext.log ContextListener: attributeAdded('StockTicker', 'async.Stockticker@3a01902e')
06-Aug-2021 16:28:09.944 INFO [main] org.apache.catalina.core.ApplicationContext.log SessionListener: contextDestroyed()
06-Aug-2021 16:28:09.944 INFO [main] org.apache.catalina.core.ApplicationContext.log ContextListener: contextDestroyed()
06-Aug-2021 16:28:42.230 INFO [main] org.apache.catalina.core.ApplicationContext.log ContextListener: contextInitialized()
06-Aug-2021 16:28:42.230 INFO [main] org.apache.catalina.core.ApplicationContext.log SessionListener: contextInitialized()
06-Aug-2021 16:28:42.231 INFO [main] org.apache.catalina.core.ApplicationContext.log ContextListener: attributeAdded('StockTicker', 'async.Stockticker@3b9f0f5')
06-Aug-2021 16:30:08.595 INFO [main] org.apache.catalina.core.ApplicationContext.log SessionListener: contextDestroyed()
06-Aug-2021 16:30:08.596 INFO [main] org.apache.catalina.core.ApplicationContext.log ContextListener: contextDestroyed()
06-Aug-2021 16:30:27.842 INFO [main] org.apache.catalina.core.ApplicationContext.log ContextListener: contextInitialized()
06-Aug-2021 16:30:27.842 INFO [main] org.apache.catalina.core.ApplicationContext.log SessionListener: contextInitialized()
06-Aug-2021 16:30:27.843 INFO [main] org.apache.catalina.core.ApplicationContext.log ContextListener: attributeAdded('StockTicker', 'async.Stockticker@410ccb5c')
06-Aug-2021 16:30:42.753 INFO [main] org.apache.catalina.core.ApplicationContext.log ContextListener: contextInitialized()
06-Aug-2021 16:30:42.753 INFO [main] org.apache.catalina.core.ApplicationContext.log SessionListener: contextInitialized()
06-Aug-2021 16:30:42.754 INFO [main] org.apache.catalina.core.ApplicationContext.log ContextListener: attributeAdded('StockTicker', 'async.Stockticker@6f9b1492')
06-Aug-2021 16:30:43.820 INFO [main] org.apache.catalina.core.ApplicationContext.log SessionListener: contextDestroyed()
06-Aug-2021 16:30:43.821 INFO [main] org.apache.catalina.core.ApplicationContext.log ContextListener: contextDestroyed()
06-Aug-2021 16:31:48.166 INFO [main] org.apache.catalina.core.ApplicationContext.log SessionListener: contextDestroyed()
06-Aug-2021 16:31:48.166 INFO [main] org.apache.catalina.core.ApplicationContext.log ContextListener: contextDestroyed()
06-Aug-2021 16:32:11.404 INFO [main] org.apache.catalina.core.ApplicationContext.log ContextListener: contextInitialized()
06-Aug-2021 16:32:11.404 INFO [main] org.apache.catalina.core.ApplicationContext.log SessionListener: contextInitialized()
06-Aug-2021 16:32:11.405 INFO [main] org.apache.catalina.core.ApplicationContext.log ContextListener: attributeAdded('StockTicker', 'async.Stockticker@580bd1f')
06-Aug-2021 16:33:51.745 INFO [main] org.apache.catalina.core.ApplicationContext.log SessionListener: contextDestroyed()
06-Aug-2021 16:33:51.745 INFO [main] org.apache.catalina.core.ApplicationContext.log ContextListener: contextDestroyed()
06-Aug-2021 16:34:22.338 INFO [main] org.apache.catalina.core.ApplicationContext.log ContextListener: contextInitialized()
06-Aug-2021 16:34:22.338 INFO [main] org.apache.catalina.core.ApplicationContext.log SessionListener: contextInitialized()
06-Aug-2021 16:34:22.339 INFO [main] org.apache.catalina.core.ApplicationContext.log ContextListener: attributeAdded('StockTicker', 'async.Stockticker@c7b57a3')
